#
# There is insufficient memory for the Java Runtime Environment to continue.
# Native memory allocation (mmap) failed to map 1400832 bytes for card table expansion
# Possible reasons:
#   The system is out of physical RAM or swap space
#   The process is running with CompressedOops enabled, and the Java Heap may be blocking the growth of the native heap
# Possible solutions:
#   Reduce memory load on the system
#   Increase physical memory or swap space
#   Check if swap backing store is full
#   Decrease Java heap size (-Xmx/-Xms)
#   Decrease number of Java threads
#   Decrease Java thread stack sizes (-Xss)
#   Set larger code cache with -XX:ReservedCodeCacheSize=
# This output file may be truncated or incomplete.
#
#  Out of Memory Error (os_windows.cpp:3371), pid=185260, tid=0x000000000002d378
#
# JRE version:  (8.0_202-b08) (build )
# Java VM: Java HotSpot(TM) 64-Bit Server VM (25.202-b08 mixed mode windows-amd64 compressed oops)
# Failed to write core dump. Minidumps are not enabled by default on client versions of Windows
#

---------------  T H R E A D  ---------------

Current thread (0x0000000003252800):  JavaThread "Unknown thread" [_thread_in_vm, id=185208, stack(0x00000000013c0000,0x00000000014c0000)]

Stack: [0x00000000013c0000,0x00000000014c0000]
[error occurred during error reporting (printing stack bounds), id 0xc0000005]

Native frames: (J=compiled Java code, j=interpreted, Vv=VM code, C=native code)


---------------  P R O C E S S  ---------------

Java Threads: ( => current thread )

Other Threads:

=>0x0000000003252800 (exited) JavaThread "Unknown thread" [_thread_in_vm, id=185208, stack(0x00000000013c0000,0x00000000014c0000)]

VM state:not at safepoint (not fully initialized)

VM Mutex/Monitor currently owned by a thread: None

heap address: 0x00000006c0000000, size: 4096 MB, Compressed Oops mode: Non-zero based:0x00000006bffff000, Oop shift amount: 3
Narrow klass base: 0x0000000000000000, Narrow klass shift: 0

GC Heap History (0 events):
No events

Deoptimization events (0 events):
No events

Classes redefined (0 events):
No events

Internal exceptions (0 events):
No events

Events (0 events):
No events


Dynamic libraries:
0x00007ff6f3e60000 - 0x00007ff6f3e97000 	C:\Program Files\Java\jdk1.8.0_202\bin\java.exe
0x00007fff7aee0000 - 0x00007fff7b0d0000 	C:\WINDOWS\SYSTEM32\ntdll.dll
0x00007fff791a0000 - 0x00007fff79252000 	C:\WINDOWS\System32\KERNEL32.DLL
0x00007fff78be0000 - 0x00007fff78e83000 	C:\WINDOWS\System32\KERNELBASE.dll
0x00007fff7a600000 - 0x00007fff7a6a3000 	C:\WINDOWS\System32\ADVAPI32.dll
0x00007fff7a3e0000 - 0x00007fff7a47e000 	C:\WINDOWS\System32\msvcrt.dll
0x00007fff79790000 - 0x00007fff79827000 	C:\WINDOWS\System32\sechost.dll
0x00007fff7a220000 - 0x00007fff7a340000 	C:\WINDOWS\System32\RPCRT4.dll
0x00007fff7ad00000 - 0x00007fff7ae94000 	C:\WINDOWS\System32\USER32.dll
0x00007fff78bb0000 - 0x00007fff78bd1000 	C:\WINDOWS\System32\win32u.dll
0x00007fff79af0000 - 0x00007fff79b16000 	C:\WINDOWS\System32\GDI32.dll
0x00007fff78960000 - 0x00007fff78af4000 	C:\WINDOWS\System32\gdi32full.dll
0x00007fff78620000 - 0x00007fff786be000 	C:\WINDOWS\System32\msvcp_win.dll
0x00007fff78e90000 - 0x00007fff78f8a000 	C:\WINDOWS\System32\ucrtbase.dll
0x00007fff70dc0000 - 0x00007fff71045000 	C:\WINDOWS\WinSxS\amd64_microsoft.windows.common-controls_6595b64144ccf1df_6.0.18362.476_none_e6c4b11b130f2595\COMCTL32.dll
0x00007fff79310000 - 0x00007fff79646000 	C:\WINDOWS\System32\combase.dll
0x00007fff78830000 - 0x00007fff788b0000 	C:\WINDOWS\System32\bcryptPrimitives.dll
0x00007fff7a340000 - 0x00007fff7a36e000 	C:\WINDOWS\System32\IMM32.DLL
0x00000000594c0000 - 0x0000000059592000 	C:\Program Files\Java\jdk1.8.0_202\jre\bin\msvcr100.dll
0x0000000058c10000 - 0x00000000594b5000 	C:\Program Files\Java\jdk1.8.0_202\jre\bin\server\jvm.dll
0x00007fff7aba0000 - 0x00007fff7aba8000 	C:\WINDOWS\System32\PSAPI.DLL
0x00007fff439f0000 - 0x00007fff439f9000 	C:\WINDOWS\SYSTEM32\WSOCK32.dll
0x00007fff79650000 - 0x00007fff796bf000 	C:\WINDOWS\System32\WS2_32.dll
0x00007fff6e7e0000 - 0x00007fff6e804000 	C:\WINDOWS\SYSTEM32\WINMM.dll
0x00007fff737b0000 - 0x00007fff737ba000 	C:\WINDOWS\SYSTEM32\VERSION.dll
0x00007fff6e000000 - 0x00007fff6e02d000 	C:\WINDOWS\SYSTEM32\WINMMBASE.dll
0x00007fff788b0000 - 0x00007fff788fa000 	C:\WINDOWS\System32\cfgmgr32.dll
0x00007fff6ebe0000 - 0x00007fff6ebef000 	C:\Program Files\Java\jdk1.8.0_202\jre\bin\verify.dll
0x00007fff6b380000 - 0x00007fff6b3a9000 	C:\Program Files\Java\jdk1.8.0_202\jre\bin\java.dll
0x00007fff6abf0000 - 0x00007fff6ac13000 	C:\Program Files\Java\jdk1.8.0_202\jre\bin\instrument.dll
0x00007fff6af50000 - 0x00007fff6af66000 	C:\Program Files\Java\jdk1.8.0_202\jre\bin\zip.dll

VM Arguments:
jvm_args: -Xmx4096m -Xms1024m -javaagent:C:\Program Files\JetBrains\IntelliJ IDEA 2018.3.5\lib\idea_rt.jar=64639:C:\Program Files\JetBrains\IntelliJ IDEA 2018.3.5\bin -Dfile.encoding=UTF-8 
java_command: com.hetao101.SupervisionAnalyse.flink.ReportPush.ApplyReportPush
java_class_path (initial): C:\Users\hetao\AppData\Local\Temp\classpath576052341.jar;C:\Program Files\JetBrains\IntelliJ IDEA 2018.3.5\lib\idea_rt.jar
Launcher Type: SUN_STANDARD

Environment Variables:
JAVA_HOME=C:\Program Files\Java\jdk1.8.0_202
PATH=C:\Program Files (x86)\NetSarang\Xshell 6\;C:\WINDOWS\system32;C:\WINDOWS;C:\WINDOWS\System32\Wbem;C:\WINDOWS\System32\WindowsPowerShell\v1.0\;C:\Program Files\Java\jdk1.8.0_202\bin;C:\Program Files\Java\jdk1.8.0_202\lib;C:\apache-maven-3.6.1\bin;C:\Program Files (x86)\bin;C:\Program Files (x86)\scala\bin;C:\Program Files (x86)\scala\lib;;C:\WINDOWS\System32\OpenSSH\;C:\Users\hetao\AppData\Local\Microsoft\WindowsApps;
USERNAME=hetao
OS=Windows_NT
PROCESSOR_IDENTIFIER=Intel64 Family 6 Model 158 Stepping 9, GenuineIntel



---------------  S Y S T E M  ---------------

OS: Windows 10.0 , 64 bit Build 18362 (10.0.18362.329)

CPU:total 4 (initial active 4) (4 cores per cpu, 1 threads per core) family 6 model 158 stepping 9, cmov, cx8, fxsr, mmx, sse, sse2, sse3, ssse3, sse4.1, sse4.2, popcnt, avx, avx2, aes, clmul, erms, 3dnowpref, lzcnt, tsc, tscinvbit, bmi1, bmi2, adx

Memory: 4k page, physical 16683152k(3486360k free), swap 32032084k(5396k free)

vm_info: Java HotSpot(TM) 64-Bit Server VM (25.202-b08) for windows-amd64 JRE (1.8.0_202-b08), built on Dec 15 2018 19:54:30 by "java_re" with MS VC++ 10.0 (VS2010)

time: Thu Nov 28 18:45:41 2019
timezone: 中国标准时间
elapsed time: 0 seconds (0d 0h 0m 0s)

