#
# There is insufficient memory for the Java Runtime Environment to continue.
# Native memory allocation (malloc) failed to allocate 1355456 bytes for Chunk::new
# Possible reasons:
#   The system is out of physical RAM or swap space
#   The process is running with CompressedOops enabled, and the Java Heap may be blocking the growth of the native heap
# Possible solutions:
#   Reduce memory load on the system
#   Increase physical memory or swap space
#   Check if swap backing store is full
#   Decrease Java heap size (-Xmx/-Xms)
#   Decrease number of Java threads
#   Decrease Java thread stack sizes (-Xss)
#   Set larger code cache with -XX:ReservedCodeCacheSize=
#   JVM is running with Zero Based Compressed Oops mode in which the Java heap is
#     placed in the first 32GB address space. The Java Heap base address is the
#     maximum limit for the native heap growth. Please use -XX:HeapBaseMinAddress
#     to set the Java Heap base and to place the Java Heap above 32GB virtual address.
# This output file may be truncated or incomplete.
#
#  Out of Memory Error (allocation.cpp:389), pid=182764, tid=0x000000000002d2b8
#
# JRE version: Java(TM) SE Runtime Environment (8.0_202-b08) (build 1.8.0_202-b08)
# Java VM: Java HotSpot(TM) 64-Bit Server VM (25.202-b08 mixed mode windows-amd64 compressed oops)
# Failed to write core dump. Minidumps are not enabled by default on client versions of Windows
#

---------------  T H R E A D  ---------------

Current thread (0x000000001eb63800):  JavaThread "C2 CompilerThread0" daemon [_thread_in_native, id=185016, stack(0x000000001f760000,0x000000001f860000)]

Stack: [0x000000001f760000,0x000000001f860000]
[error occurred during error reporting (printing stack bounds), id 0xc0000005]

Native frames: (J=compiled Java code, j=interpreted, Vv=VM code, C=native code)


Current CompileTask:
C2:   4576 1983   !   4       java.net.URLClassLoader$1::run (63 bytes)


---------------  P R O C E S S  ---------------

Java Threads: ( => current thread )
  0x0000000022c4d000 JavaThread "Timer-2" daemon [_thread_blocked, id=182560, stack(0x0000000025320000,0x0000000025420000)]
  0x0000000022c4a000 JavaThread "Timer-1" daemon [_thread_blocked, id=182692, stack(0x0000000025220000,0x0000000025320000)]
  0x0000000022c49000 JavaThread "BLOB Server listener at 64694" daemon [_thread_in_native, id=185084, stack(0x0000000024d60000,0x0000000024e60000)]
  0x0000000022c4c000 JavaThread "Timer-0" daemon [_thread_blocked, id=182036, stack(0x0000000024c60000,0x0000000024d60000)]
  0x0000000020341000 JavaThread "New I/O server boss #6" [_thread_in_native, id=184768, stack(0x0000000024960000,0x0000000024a60000)]
  0x000000002033f800 JavaThread "New I/O worker #5" [_thread_in_native, id=183164, stack(0x0000000024860000,0x0000000024960000)]
  0x0000000020342000 JavaThread "New I/O worker #4" [_thread_in_native, id=168852, stack(0x0000000024760000,0x0000000024860000)]
  0x000000002033c000 JavaThread "New I/O boss #3" [_thread_in_native, id=185152, stack(0x0000000023500000,0x0000000023600000)]
  0x000000002033b000 JavaThread "New I/O worker #2" [_thread_in_native, id=184940, stack(0x0000000023400000,0x0000000023500000)]
  0x0000000020340800 JavaThread "New I/O worker #1" [_thread_in_native, id=184356, stack(0x0000000023300000,0x0000000023400000)]
  0x000000002033f000 JavaThread "flink-metrics-akka.remote.default-remote-dispatcher-4" [_thread_blocked, id=178488, stack(0x0000000023200000,0x0000000023300000)]
  0x000000002033e000 JavaThread "flink-metrics-akka.remote.default-remote-dispatcher-3" [_thread_blocked, id=178372, stack(0x0000000021f30000,0x0000000022030000)]
  0x000000002033d800 JavaThread "flink-metrics-2" [_thread_blocked, id=182368, stack(0x0000000021e30000,0x0000000021f30000)]
  0x000000002033c800 JavaThread "flink-metrics-scheduler-1" [_thread_blocked, id=183608, stack(0x0000000021d30000,0x0000000021e30000)]
  0x00000000201af000 JavaThread "flink-akka.actor.default-dispatcher-5" [_thread_blocked, id=185032, stack(0x0000000021c30000,0x0000000021d30000)]
  0x00000000201ac800 JavaThread "flink-akka.actor.default-dispatcher-4" [_thread_blocked, id=182528, stack(0x0000000021b30000,0x0000000021c30000)]
  0x00000000201ec000 JavaThread "flink-akka.actor.default-dispatcher-3" [_thread_blocked, id=183820, stack(0x0000000021a30000,0x0000000021b30000)]
  0x000000001ff32000 JavaThread "flink-akka.actor.default-dispatcher-2" [_thread_blocked, id=184496, stack(0x0000000021930000,0x0000000021a30000)]
  0x000000001ffd4000 JavaThread "flink-scheduler-1" [_thread_blocked, id=184364, stack(0x0000000021630000,0x0000000021730000)]
  0x000000001ecda000 JavaThread "Service Thread" daemon [_thread_blocked, id=184892, stack(0x000000001fa60000,0x000000001fb60000)]
  0x000000001ec3e000 JavaThread "C1 CompilerThread2" daemon [_thread_in_vm, id=185056, stack(0x000000001f960000,0x000000001fa60000)]
  0x000000001ebf9000 JavaThread "C2 CompilerThread1" daemon [_thread_blocked, id=172388, stack(0x000000001f860000,0x000000001f960000)]
=>0x000000001eb63800 JavaThread "C2 CompilerThread0" daemon [_thread_in_native, id=185016, stack(0x000000001f760000,0x000000001f860000)]
  0x000000001ec0a800 JavaThread "Monitor Ctrl-Break" daemon [_thread_in_native, id=184932, stack(0x000000001f660000,0x000000001f760000)]
  0x000000001c4ef800 JavaThread "Attach Listener" daemon [_thread_blocked, id=185052, stack(0x000000001dd90000,0x000000001de90000)]
  0x000000001d898800 JavaThread "Signal Dispatcher" daemon [_thread_blocked, id=182920, stack(0x000000001dc90000,0x000000001dd90000)]
  0x0000000002e8b000 JavaThread "Finalizer" daemon [_thread_blocked, id=184844, stack(0x000000001d730000,0x000000001d830000)]
  0x0000000002e82000 JavaThread "Reference Handler" daemon [_thread_blocked, id=184372, stack(0x000000001d630000,0x000000001d730000)]

Other Threads:
  0x000000001c4a7800 VMThread [stack: 0x000000001d530000,0x000000001d630000] [id=183160]
  0x000000001ed50000 WatcherThread [stack: 0x000000001fb60000,0x000000001fc60000] [id=177696]

VM state:not at safepoint (normal execution)

VM Mutex/Monitor currently owned by a thread: None

OutOfMemory and StackOverflow Exception counts:
OutOfMemoryError java_heap_errors=1

heap address: 0x00000006c1600000, size: 4074 MB, Compressed Oops mode: Zero based, Oop shift amount: 3
Narrow klass base: 0x0000000000000000, Narrow klass shift: 3
Compressed class space size: 1073741824 Address: 0x00000007c0000000

Heap:
 PSYoungGen      total 220160K, used 13179K [0x000000076b200000, 0x0000000779580000, 0x00000007c0000000)
  eden space 210432K, 6% used [0x000000076b200000,0x000000076bedeca8,0x0000000777f80000)
  from space 9728K, 0% used [0x0000000778a00000,0x0000000778a00000,0x0000000779380000)
  to   space 10752K, 0% used [0x0000000777f80000,0x0000000777f80000,0x0000000778a00000)
 ParOldGen       total 96768K, used 7333K [0x00000006c1600000, 0x00000006c7480000, 0x000000076b200000)
  object space 96768K, 7% used [0x00000006c1600000,0x00000006c1d29518,0x00000006c7480000)
 Metaspace       used 27381K, capacity 27950K, committed 28160K, reserved 1073152K
  class space    used 3873K, capacity 4009K, committed 4096K, reserved 1048576K

Card table byte_map: [0x0000000012250000,0x0000000012a50000] byte_map_base: 0x000000000ec45000

Marking Bits: (ParMarkBitMap*) 0x0000000059435ce0
 Begin Bits: [0x00000000133a0000, 0x0000000017348000)
 End Bits:   [0x0000000017348000, 0x000000001b2f0000)

Polling page: 0x0000000002790000

CodeCache: size=245760Kb used=6549Kb max_used=6564Kb free=239210Kb
 bounds [0x0000000002e90000, 0x0000000003500000, 0x0000000011e90000]
 total_blobs=2452 nmethods=2003 adapters=360
 compilation: enabled

Compilation events (10 events):
Event: 4.531 Thread 0x000000001ebf9000 1998       4       org.apache.flink.core.memory.MemorySegmentFactory::allocateUnpooledOffHeapMemory (11 bytes)
Event: 4.540 Thread 0x000000001ebf9000 nmethod 1998 0x00000000034d0c10 code [0x00000000034d0e00, 0x00000000034d18e8]
Event: 4.540 Thread 0x000000001ebf9000 1999       4       java.util.concurrent.ArrayBlockingQueue::add (6 bytes)
Event: 4.543 Thread 0x000000001ebf9000 nmethod 1999 0x00000000034d7910 code [0x00000000034d7a80, 0x00000000034d7e18]
Event: 4.543 Thread 0x000000001ebf9000 2000   !   4       java.util.concurrent.ArrayBlockingQueue::offer (55 bytes)
Event: 4.546 Thread 0x000000001ebf9000 nmethod 2000 0x00000000034d6e10 code [0x00000000034d6f80, 0x00000000034d7318]
Event: 4.546 Thread 0x000000001ebf9000 2001       4       java.util.concurrent.ArrayBlockingQueue::enqueue (53 bytes)
Event: 4.547 Thread 0x000000001ebf9000 nmethod 2001 0x00000000034d2a90 code [0x00000000034d2be0, 0x00000000034d2db8]
Event: 4.552 Thread 0x000000001ec3e000 2002       3       akka.actor.LightArrayRevolverScheduler$$anon$4::executeBucket$1 (102 bytes)
Event: 4.553 Thread 0x000000001ec3e000 nmethod 2002 0x00000000034cad90 code [0x00000000034cafa0, 0x00000000034cbcb8]

GC Heap History (10 events):
Event: 3.050 GC heap before
{Heap before GC invocations=4 (full 0):
 PSYoungGen      total 76288K, used 46654K [0x000000076b200000, 0x0000000774700000, 0x00000007c0000000)
  eden space 65536K, 57% used [0x000000076b200000,0x000000076d6e2f80,0x000000076f200000)
  from space 10752K, 82% used [0x000000076f200000,0x000000076faac8d8,0x000000076fc80000)
  to   space 10752K, 0% used [0x0000000773c80000,0x0000000773c80000,0x0000000774700000)
 ParOldGen       total 175104K, used 24K [0x00000006c1600000, 0x00000006cc100000, 0x000000076b200000)
  object space 175104K, 0% used [0x00000006c1600000,0x00000006c1606000,0x00000006cc100000)
 Metaspace       used 20740K, capacity 21146K, committed 21296K, reserved 1067008K
  class space    used 2830K, capacity 2925K, committed 2944K, reserved 1048576K
Event: 3.056 GC heap after
Heap after GC invocations=4 (full 0):
 PSYoungGen      total 141824K, used 7821K [0x000000076b200000, 0x0000000774700000, 0x00000007c0000000)
  eden space 131072K, 0% used [0x000000076b200000,0x000000076b200000,0x0000000773200000)
  from space 10752K, 72% used [0x0000000773c80000,0x00000007744235f0,0x0000000774700000)
  to   space 10752K, 0% used [0x0000000773200000,0x0000000773200000,0x0000000773c80000)
 ParOldGen       total 175104K, used 32K [0x00000006c1600000, 0x00000006cc100000, 0x000000076b200000)
  object space 175104K, 0% used [0x00000006c1600000,0x00000006c1608000,0x00000006cc100000)
 Metaspace       used 20740K, capacity 21146K, committed 21296K, reserved 1067008K
  class space    used 2830K, capacity 2925K, committed 2944K, reserved 1048576K
}
Event: 3.056 GC heap before
{Heap before GC invocations=5 (full 1):
 PSYoungGen      total 141824K, used 7821K [0x000000076b200000, 0x0000000774700000, 0x00000007c0000000)
  eden space 131072K, 0% used [0x000000076b200000,0x000000076b200000,0x0000000773200000)
  from space 10752K, 72% used [0x0000000773c80000,0x00000007744235f0,0x0000000774700000)
  to   space 10752K, 0% used [0x0000000773200000,0x0000000773200000,0x0000000773c80000)
 ParOldGen       total 175104K, used 32K [0x00000006c1600000, 0x00000006cc100000, 0x000000076b200000)
  object space 175104K, 0% used [0x00000006c1600000,0x00000006c1608000,0x00000006cc100000)
 Metaspace       used 20740K, capacity 21146K, committed 21296K, reserved 1067008K
  class space    used 2830K, capacity 2925K, committed 2944K, reserved 1048576K
Event: 3.079 GC heap after
Heap after GC invocations=5 (full 1):
 PSYoungGen      total 141824K, used 0K [0x000000076b200000, 0x0000000774700000, 0x00000007c0000000)
  eden space 131072K, 0% used [0x000000076b200000,0x000000076b200000,0x0000000773200000)
  from space 10752K, 0% used [0x0000000773c80000,0x0000000773c80000,0x0000000774700000)
  to   space 10752K, 0% used [0x0000000773200000,0x0000000773200000,0x0000000773c80000)
 ParOldGen       total 96768K, used 7517K [0x00000006c1600000, 0x00000006c7480000, 0x000000076b200000)
  object space 96768K, 7% used [0x00000006c1600000,0x00000006c1d575f8,0x00000006c7480000)
 Metaspace       used 20740K, capacity 21146K, committed 21296K, reserved 1067008K
  class space    used 2830K, capacity 2925K, committed 2944K, reserved 1048576K
}
Event: 4.230 GC heap before
{Heap before GC invocations=6 (full 1):
 PSYoungGen      total 141824K, used 131072K [0x000000076b200000, 0x0000000774700000, 0x00000007c0000000)
  eden space 131072K, 100% used [0x000000076b200000,0x0000000773200000,0x0000000773200000)
  from space 10752K, 0% used [0x0000000773c80000,0x0000000773c80000,0x0000000774700000)
  to   space 10752K, 0% used [0x0000000773200000,0x0000000773200000,0x0000000773c80000)
 ParOldGen       total 96768K, used 7517K [0x00000006c1600000, 0x00000006c7480000, 0x000000076b200000)
  object space 96768K, 7% used [0x00000006c1600000,0x00000006c1d575f8,0x00000006c7480000)
 Metaspace       used 26947K, capacity 27466K, committed 27776K, reserved 1073152K
  class space    used 3815K, capacity 3963K, committed 3968K, reserved 1048576K
Event: 4.237 GC heap after
Heap after GC invocations=6 (full 1):
 PSYoungGen      total 141824K, used 6628K [0x000000076b200000, 0x0000000779380000, 0x00000007c0000000)
  eden space 131072K, 0% used [0x000000076b200000,0x000000076b200000,0x0000000773200000)
  from space 10752K, 61% used [0x0000000773200000,0x0000000773879100,0x0000000773c80000)
  to   space 9728K, 0% used [0x0000000778a00000,0x0000000778a00000,0x0000000779380000)
 ParOldGen       total 96768K, used 7525K [0x00000006c1600000, 0x00000006c7480000, 0x000000076b200000)
  object space 96768K, 7% used [0x00000006c1600000,0x00000006c1d595f8,0x00000006c7480000)
 Metaspace       used 26947K, capacity 27466K, committed 27776K, reserved 1073152K
  class space    used 3815K, capacity 3963K, committed 3968K, reserved 1048576K
}
Event: 4.275 GC heap before
{Heap before GC invocations=7 (full 1):
 PSYoungGen      total 141824K, used 15925K [0x000000076b200000, 0x0000000779380000, 0x00000007c0000000)
  eden space 131072K, 7% used [0x000000076b200000,0x000000076bb146b8,0x0000000773200000)
  from space 10752K, 61% used [0x0000000773200000,0x0000000773879100,0x0000000773c80000)
  to   space 9728K, 0% used [0x0000000778a00000,0x0000000778a00000,0x0000000779380000)
 ParOldGen       total 96768K, used 7525K [0x00000006c1600000, 0x00000006c7480000, 0x000000076b200000)
  object space 96768K, 7% used [0x00000006c1600000,0x00000006c1d595f8,0x00000006c7480000)
 Metaspace       used 27215K, capacity 27790K, committed 28160K, reserved 1073152K
  class space    used 3854K, capacity 3977K, committed 4096K, reserved 1048576K
Event: 4.277 GC heap after
Heap after GC invocations=7 (full 1):
 PSYoungGen      total 220160K, used 1715K [0x000000076b200000, 0x0000000779580000, 0x00000007c0000000)
  eden space 210432K, 0% used [0x000000076b200000,0x000000076b200000,0x0000000777f80000)
  from space 9728K, 17% used [0x0000000778a00000,0x0000000778bacda0,0x0000000779380000)
  to   space 10752K, 0% used [0x0000000777f80000,0x0000000777f80000,0x0000000778a00000)
 ParOldGen       total 96768K, used 7533K [0x00000006c1600000, 0x00000006c7480000, 0x000000076b200000)
  object space 96768K, 7% used [0x00000006c1600000,0x00000006c1d5b5f8,0x00000006c7480000)
 Metaspace       used 27215K, capacity 27790K, committed 28160K, reserved 1073152K
  class space    used 3854K, capacity 3977K, committed 4096K, reserved 1048576K
}
Event: 4.277 GC heap before
{Heap before GC invocations=8 (full 2):
 PSYoungGen      total 220160K, used 1715K [0x000000076b200000, 0x0000000779580000, 0x00000007c0000000)
  eden space 210432K, 0% used [0x000000076b200000,0x000000076b200000,0x0000000777f80000)
  from space 9728K, 17% used [0x0000000778a00000,0x0000000778bacda0,0x0000000779380000)
  to   space 10752K, 0% used [0x0000000777f80000,0x0000000777f80000,0x0000000778a00000)
 ParOldGen       total 96768K, used 7533K [0x00000006c1600000, 0x00000006c7480000, 0x000000076b200000)
  object space 96768K, 7% used [0x00000006c1600000,0x00000006c1d5b5f8,0x00000006c7480000)
 Metaspace       used 27215K, capacity 27790K, committed 28160K, reserved 1073152K
  class space    used 3854K, capacity 3977K, committed 4096K, reserved 1048576K
Event: 4.330 GC heap after
Heap after GC invocations=8 (full 2):
 PSYoungGen      total 220160K, used 0K [0x000000076b200000, 0x0000000779580000, 0x00000007c0000000)
  eden space 210432K, 0% used [0x000000076b200000,0x000000076b200000,0x0000000777f80000)
  from space 9728K, 0% used [0x0000000778a00000,0x0000000778a00000,0x0000000779380000)
  to   space 10752K, 0% used [0x0000000777f80000,0x0000000777f80000,0x0000000778a00000)
 ParOldGen       total 96768K, used 7333K [0x00000006c1600000, 0x00000006c7480000, 0x000000076b200000)
  object space 96768K, 7% used [0x00000006c1600000,0x00000006c1d29518,0x00000006c7480000)
 Metaspace       used 27215K, capacity 27790K, committed 28160K, reserved 1073152K
  class space    used 3854K, capacity 3977K, committed 4096K, reserved 1048576K
}

Deoptimization events (10 events):
Event: 2.890 Thread 0x0000000002d92800 Uncommon trap: reason=bimorphic action=maybe_recompile pc=0x0000000003323d18 method=java.util.AbstractCollection.isEmpty()Z @ 1
Event: 3.242 Thread 0x000000001ffd4000 Uncommon trap: reason=unstable_if action=reinterpret pc=0x00000000033cd0bc method=akka.dispatch.AbstractNodeQueue.pollNode()Lakka/dispatch/AbstractNodeQueue$Node; @ 20
Event: 3.405 Thread 0x0000000002d92800 Uncommon trap: reason=class_check action=maybe_recompile pc=0x00000000030b53ec method=java.lang.String.equals(Ljava/lang/Object;)Z @ 8
Event: 3.405 Thread 0x0000000002d92800 Uncommon trap: reason=class_check action=maybe_recompile pc=0x00000000030b53ec method=java.lang.String.equals(Ljava/lang/Object;)Z @ 8
Event: 3.405 Thread 0x0000000002d92800 Uncommon trap: reason=class_check action=maybe_recompile pc=0x00000000030b53ec method=java.lang.String.equals(Ljava/lang/Object;)Z @ 8
Event: 3.405 Thread 0x0000000002d92800 Uncommon trap: reason=class_check action=maybe_recompile pc=0x00000000030b53ec method=java.lang.String.equals(Ljava/lang/Object;)Z @ 8
Event: 3.582 Thread 0x000000002033f000 Uncommon trap: reason=unstable_if action=reinterpret pc=0x0000000002fb4958 method=sun.nio.cs.UTF_8$Encoder.encode([CII[B)I @ 33
Event: 3.933 Thread 0x000000002033f000 Uncommon trap: reason=unstable_if action=reinterpret pc=0x00000000030a6d28 method=java.io.WinNTFileSystem.normalize(Ljava/lang/String;)Ljava/lang/String; @ 128
Event: 3.933 Thread 0x000000002033f000 Uncommon trap: reason=unstable_if action=reinterpret pc=0x0000000003011c20 method=java.io.WinNTFileSystem.normalize(Ljava/lang/String;II)Ljava/lang/String; @ 8
Event: 4.457 Thread 0x000000002033c800 Uncommon trap: reason=unstable_if action=reinterpret pc=0x00000000033c4378 method=akka.dispatch.AbstractNodeQueue.pollNode()Lakka/dispatch/AbstractNodeQueue$Node; @ 20

Classes redefined (0 events):
No events

Internal exceptions (10 events):
Event: 1.774 Thread 0x0000000002d92800 Exception <a 'java/lang/NoSuchMethodError': <clinit>> (0x000000076e52e118) thrown at [C:\re\workspace\8-2-build-windows-amd64-cygwin\jdk8u202\12323\hotspot\src\share\vm\prims\jni.cpp, line 1614]
Event: 1.787 Thread 0x0000000002d92800 Exception <a 'java/lang/NoSuchMethodError': <clinit>> (0x000000076e5becc0) thrown at [C:\re\workspace\8-2-build-windows-amd64-cygwin\jdk8u202\12323\hotspot\src\share\vm\prims\jni.cpp, line 1614]
Event: 1.980 Thread 0x0000000002d92800 Exception <a 'java/lang/NoSuchFieldError': method resolution failed> (0x000000076f18b328) thrown at [C:\re\workspace\8-2-build-windows-amd64-cygwin\jdk8u202\12323\hotspot\src\share\vm\prims\methodHandles.cpp, line 1167]
Event: 1.987 Thread 0x0000000002d92800 Exception <a 'java/lang/NoSuchFieldError': method resolution failed> (0x000000076f1990d0) thrown at [C:\re\workspace\8-2-build-windows-amd64-cygwin\jdk8u202\12323\hotspot\src\share\vm\prims\methodHandles.cpp, line 1167]
Event: 2.061 Thread 0x0000000002d92800 Exception <a 'java/lang/NoSuchMethodError': <clinit>> (0x000000076b8c2298) thrown at [C:\re\workspace\8-2-build-windows-amd64-cygwin\jdk8u202\12323\hotspot\src\share\vm\prims\jni.cpp, line 1614]
Event: 2.067 Thread 0x0000000002d92800 Exception <a 'java/lang/NoSuchMethodError': <clinit>> (0x000000076b90e6d8) thrown at [C:\re\workspace\8-2-build-windows-amd64-cygwin\jdk8u202\12323\hotspot\src\share\vm\prims\jni.cpp, line 1614]
Event: 2.070 Thread 0x0000000002d92800 Exception <a 'java/lang/NoSuchMethodError': <clinit>> (0x000000076b95e3b0) thrown at [C:\re\workspace\8-2-build-windows-amd64-cygwin\jdk8u202\12323\hotspot\src\share\vm\prims\jni.cpp, line 1614]
Event: 2.092 Thread 0x0000000002d92800 Exception <a 'java/lang/NoSuchMethodError': <clinit>> (0x000000076babdbb8) thrown at [C:\re\workspace\8-2-build-windows-amd64-cygwin\jdk8u202\12323\hotspot\src\share\vm\prims\jni.cpp, line 1614]
Event: 2.835 Thread 0x0000000002d92800 Implicit null exception at 0x00000000030924d9 to 0x000000000309288d
Event: 2.835 Thread 0x0000000002d92800 Implicit null exception at 0x0000000003055f56 to 0x00000000030562f1

Events (10 events):
Event: 4.470 loading class akka/remote/EndpointWriter$TookOver
Event: 4.470 loading class akka/remote/EndpointWriter$TookOver done
Event: 4.471 loading class akka/remote/ReliableDeliverySupervisor$GotUid
Event: 4.471 loading class akka/remote/ReliableDeliverySupervisor$GotUid done
Event: 4.474 loading class akka/remote/ReliableDeliverySupervisor$Idle$
Event: 4.474 loading class akka/remote/ReliableDeliverySupervisor$Idle$ done
Event: 4.475 loading class akka/remote/EndpointManager$EndpointRegistry$$anonfun$prune$1
Event: 4.475 loading class akka/remote/EndpointManager$EndpointRegistry$$anonfun$prune$1 done
Event: 4.512 loading class java/nio/DirectByteBuffer$1
Event: 4.512 loading class java/nio/DirectByteBuffer$1 done


Dynamic libraries:
0x00007ff6f3e60000 - 0x00007ff6f3e97000 	C:\Program Files\Java\jdk1.8.0_202\bin\java.exe
0x00007fff7aee0000 - 0x00007fff7b0d0000 	C:\WINDOWS\SYSTEM32\ntdll.dll
0x00007fff791a0000 - 0x00007fff79252000 	C:\WINDOWS\System32\KERNEL32.DLL
0x00007fff78be0000 - 0x00007fff78e83000 	C:\WINDOWS\System32\KERNELBASE.dll
0x00007fff7a600000 - 0x00007fff7a6a3000 	C:\WINDOWS\System32\ADVAPI32.dll
0x00007fff7a3e0000 - 0x00007fff7a47e000 	C:\WINDOWS\System32\msvcrt.dll
0x00007fff79790000 - 0x00007fff79827000 	C:\WINDOWS\System32\sechost.dll
0x00007fff7a220000 - 0x00007fff7a340000 	C:\WINDOWS\System32\RPCRT4.dll
0x00007fff7ad00000 - 0x00007fff7ae94000 	C:\WINDOWS\System32\USER32.dll
0x00007fff78bb0000 - 0x00007fff78bd1000 	C:\WINDOWS\System32\win32u.dll
0x00007fff79af0000 - 0x00007fff79b16000 	C:\WINDOWS\System32\GDI32.dll
0x00007fff78960000 - 0x00007fff78af4000 	C:\WINDOWS\System32\gdi32full.dll
0x00007fff78620000 - 0x00007fff786be000 	C:\WINDOWS\System32\msvcp_win.dll
0x00007fff78e90000 - 0x00007fff78f8a000 	C:\WINDOWS\System32\ucrtbase.dll
0x00007fff70dc0000 - 0x00007fff71045000 	C:\WINDOWS\WinSxS\amd64_microsoft.windows.common-controls_6595b64144ccf1df_6.0.18362.476_none_e6c4b11b130f2595\COMCTL32.dll
0x00007fff79310000 - 0x00007fff79646000 	C:\WINDOWS\System32\combase.dll
0x00007fff78830000 - 0x00007fff788b0000 	C:\WINDOWS\System32\bcryptPrimitives.dll
0x00007fff7a340000 - 0x00007fff7a36e000 	C:\WINDOWS\System32\IMM32.DLL
0x00000000594c0000 - 0x0000000059592000 	C:\Program Files\Java\jdk1.8.0_202\jre\bin\msvcr100.dll
0x0000000058c10000 - 0x00000000594b5000 	C:\Program Files\Java\jdk1.8.0_202\jre\bin\server\jvm.dll
0x00007fff7aba0000 - 0x00007fff7aba8000 	C:\WINDOWS\System32\PSAPI.DLL
0x00007fff439f0000 - 0x00007fff439f9000 	C:\WINDOWS\SYSTEM32\WSOCK32.dll
0x00007fff79650000 - 0x00007fff796bf000 	C:\WINDOWS\System32\WS2_32.dll
0x00007fff6e7e0000 - 0x00007fff6e804000 	C:\WINDOWS\SYSTEM32\WINMM.dll
0x00007fff737b0000 - 0x00007fff737ba000 	C:\WINDOWS\SYSTEM32\VERSION.dll
0x00007fff6e000000 - 0x00007fff6e02d000 	C:\WINDOWS\SYSTEM32\WINMMBASE.dll
0x00007fff788b0000 - 0x00007fff788fa000 	C:\WINDOWS\System32\cfgmgr32.dll
0x00007fff6ebe0000 - 0x00007fff6ebef000 	C:\Program Files\Java\jdk1.8.0_202\jre\bin\verify.dll
0x00007fff6b380000 - 0x00007fff6b3a9000 	C:\Program Files\Java\jdk1.8.0_202\jre\bin\java.dll
0x00007fff6abf0000 - 0x00007fff6ac13000 	C:\Program Files\Java\jdk1.8.0_202\jre\bin\instrument.dll
0x00007fff6af50000 - 0x00007fff6af66000 	C:\Program Files\Java\jdk1.8.0_202\jre\bin\zip.dll
0x00007fff79b20000 - 0x00007fff7a205000 	C:\WINDOWS\System32\SHELL32.dll
0x00007fff79a40000 - 0x00007fff79ae9000 	C:\WINDOWS\System32\shcore.dll
0x00007fff77e70000 - 0x00007fff785ee000 	C:\WINDOWS\System32\windows.storage.dll
0x00007fff77e50000 - 0x00007fff77e6f000 	C:\WINDOWS\System32\profapi.dll
0x00007fff77dc0000 - 0x00007fff77e0a000 	C:\WINDOWS\System32\powrprof.dll
0x00007fff77db0000 - 0x00007fff77dc0000 	C:\WINDOWS\System32\UMPDC.dll
0x00007fff79140000 - 0x00007fff79192000 	C:\WINDOWS\System32\shlwapi.dll
0x00007fff77e10000 - 0x00007fff77e21000 	C:\WINDOWS\System32\kernel.appcore.dll
0x00007fff786c0000 - 0x00007fff786d7000 	C:\WINDOWS\System32\cryptsp.dll
0x00007fff62b60000 - 0x00007fff62b7a000 	C:\Program Files\JetBrains\IntelliJ IDEA 2018.3.5\bin\breakgen64.dll
0x00007fff6abd0000 - 0x00007fff6abea000 	C:\Program Files\Java\jdk1.8.0_202\jre\bin\net.dll
0x00007fff6ddf0000 - 0x00007fff6dfc6000 	C:\WINDOWS\SYSTEM32\urlmon.dll
0x00007fff6d520000 - 0x00007fff6d7c6000 	C:\WINDOWS\SYSTEM32\iertutil.dll
0x00007fff777f0000 - 0x00007fff777fc000 	C:\WINDOWS\SYSTEM32\CRYPTBASE.DLL
0x00007fff77620000 - 0x00007fff77687000 	C:\WINDOWS\system32\mswsock.dll
0x00007fff6eb50000 - 0x00007fff6eb5d000 	C:\Program Files\Java\jdk1.8.0_202\jre\bin\management.dll
0x00007fff6abb0000 - 0x00007fff6abc2000 	C:\Program Files\Java\jdk1.8.0_202\jre\bin\nio.dll
0x00007fff54410000 - 0x00007fff54426000 	C:\WINDOWS\system32\napinsp.dll
0x00007fff543f0000 - 0x00007fff5440a000 	C:\WINDOWS\system32\pnrpnsp.dll
0x00007fff77370000 - 0x00007fff7743a000 	C:\WINDOWS\SYSTEM32\DNSAPI.dll
0x00007fff79130000 - 0x00007fff79138000 	C:\WINDOWS\System32\NSI.dll
0x00007fff77330000 - 0x00007fff7736a000 	C:\WINDOWS\SYSTEM32\IPHLPAPI.DLL
0x00007fff543e0000 - 0x00007fff543ee000 	C:\WINDOWS\System32\winrnr.dll
0x00007fff73e80000 - 0x00007fff73e9c000 	C:\WINDOWS\system32\NLAapi.dll
0x00007fff62f50000 - 0x00007fff62f65000 	C:\WINDOWS\system32\wshbth.dll
0x00007fff71b80000 - 0x00007fff71b8a000 	C:\Windows\System32\rasadhlp.dll
0x00007fff72840000 - 0x00007fff728b7000 	C:\WINDOWS\System32\fwpuclnt.dll
0x00007fff785f0000 - 0x00007fff78616000 	C:\WINDOWS\System32\bcrypt.dll
0x00007fff77190000 - 0x00007fff771c3000 	C:\WINDOWS\system32\rsaenh.dll
0x00007fff77cd0000 - 0x00007fff77cf5000 	C:\WINDOWS\SYSTEM32\USERENV.dll
0x00007fff73130000 - 0x00007fff73146000 	C:\WINDOWS\SYSTEM32\dhcpcsvc6.DLL
0x00007fff73660000 - 0x00007fff7367c000 	C:\WINDOWS\SYSTEM32\dhcpcsvc.DLL

VM Arguments:
jvm_args: -javaagent:C:\Program Files\JetBrains\IntelliJ IDEA 2018.3.5\lib\idea_rt.jar=64675:C:\Program Files\JetBrains\IntelliJ IDEA 2018.3.5\bin -Dfile.encoding=UTF-8 
java_command: com.hetao101.SupervisionAnalyse.flink.ReportPush.ApplyReportPush
java_class_path (initial): C:\Users\hetao\AppData\Local\Temp\classpath539294189.jar;C:\Program Files\JetBrains\IntelliJ IDEA 2018.3.5\lib\idea_rt.jar
Launcher Type: SUN_STANDARD

Environment Variables:
JAVA_HOME=C:\Program Files\Java\jdk1.8.0_202
PATH=C:\Program Files (x86)\NetSarang\Xshell 6\;C:\WINDOWS\system32;C:\WINDOWS;C:\WINDOWS\System32\Wbem;C:\WINDOWS\System32\WindowsPowerShell\v1.0\;C:\Program Files\Java\jdk1.8.0_202\bin;C:\Program Files\Java\jdk1.8.0_202\lib;C:\apache-maven-3.6.1\bin;C:\Program Files (x86)\bin;C:\Program Files (x86)\scala\bin;C:\Program Files (x86)\scala\lib;;C:\WINDOWS\System32\OpenSSH\;C:\Users\hetao\AppData\Local\Microsoft\WindowsApps;
USERNAME=hetao
OS=Windows_NT
PROCESSOR_IDENTIFIER=Intel64 Family 6 Model 158 Stepping 9, GenuineIntel



---------------  S Y S T E M  ---------------

OS: Windows 10.0 , 64 bit Build 18362 (10.0.18362.329)

CPU:total 4 (initial active 4) (4 cores per cpu, 1 threads per core) family 6 model 158 stepping 9, cmov, cx8, fxsr, mmx, sse, sse2, sse3, ssse3, sse4.1, sse4.2, popcnt, avx, avx2, aes, clmul, erms, 3dnowpref, lzcnt, tsc, tscinvbit, bmi1, bmi2, adx

Memory: 4k page, physical 16683152k(2695324k free), swap 32032084k(5120k free)

vm_info: Java HotSpot(TM) 64-Bit Server VM (25.202-b08) for windows-amd64 JRE (1.8.0_202-b08), built on Dec 15 2018 19:54:30 by "java_re" with MS VC++ 10.0 (VS2010)

time: Thu Nov 28 18:47:00 2019
timezone: 中国标准时间
elapsed time: 4 seconds (0d 0h 0m 4s)

