#
# There is insufficient memory for the Java Runtime Environment to continue.
# Native memory allocation (malloc) failed to allocate 65552 bytes for Chunk::new
# Possible reasons:
#   The system is out of physical RAM or swap space
#   The process is running with CompressedOops enabled, and the Java Heap may be blocking the growth of the native heap
# Possible solutions:
#   Reduce memory load on the system
#   Increase physical memory or swap space
#   Check if swap backing store is full
#   Decrease Java heap size (-Xmx/-Xms)
#   Decrease number of Java threads
#   Decrease Java thread stack sizes (-Xss)
#   Set larger code cache with -XX:ReservedCodeCacheSize=
#   JVM is running with Zero Based Compressed Oops mode in which the Java heap is
#     placed in the first 32GB address space. The Java Heap base address is the
#     maximum limit for the native heap growth. Please use -XX:HeapBaseMinAddress
#     to set the Java Heap base and to place the Java Heap above 32GB virtual address.
# This output file may be truncated or incomplete.
#
#  Out of Memory Error (allocation.cpp:389), pid=9040, tid=0x0000000000002e54
#
# JRE version: Java(TM) SE Runtime Environment (8.0_202-b08) (build 1.8.0_202-b08)
# Java VM: Java HotSpot(TM) 64-Bit Server VM (25.202-b08 mixed mode windows-amd64 compressed oops)
# Failed to write core dump. Minidumps are not enabled by default on client versions of Windows
#

---------------  T H R E A D  ---------------

Current thread (0x000000001ecea000):  JavaThread "C2 CompilerThread1" daemon [_thread_in_native, id=11860, stack(0x000000001f950000,0x000000001fa50000)]

Stack: [0x000000001f950000,0x000000001fa50000]
[error occurred during error reporting (printing stack bounds), id 0xc0000005]

Native frames: (J=compiled Java code, j=interpreted, Vv=VM code, C=native code)


Current CompileTask:
C2:   3149 1728   !   4       java.net.URLClassLoader$1::run (63 bytes)


---------------  P R O C E S S  ---------------

Java Threads: ( => current thread )
  0x000000002068a800 JavaThread "DestroyJavaVM" [_thread_blocked, id=14260, stack(0x00000000027c0000,0x00000000028c0000)]
  0x0000000020691000 JavaThread "Timer-2" daemon [_thread_blocked, id=9428, stack(0x0000000022e20000,0x0000000022f20000)]
  0x0000000020690800 JavaThread "flink-akka.actor.default-dispatcher-5" [_thread_blocked, id=20056, stack(0x0000000022d20000,0x0000000022e20000)]
  0x000000002068d800 JavaThread "Timer-1" daemon [_thread_blocked, id=21800, stack(0x0000000022c20000,0x0000000022d20000)]
  0x000000002068b000 JavaThread "BLOB Server listener at 52212" daemon [_thread_in_native, id=4952, stack(0x0000000022920000,0x0000000022a20000)]
  0x000000002068e000 JavaThread "Timer-0" daemon [_thread_blocked, id=16364, stack(0x0000000022820000,0x0000000022920000)]
  0x000000002051a000 JavaThread "New I/O server boss #6" [_thread_in_native, id=19344, stack(0x0000000022720000,0x0000000022820000)]
  0x0000000020513000 JavaThread "New I/O worker #5" [_thread_in_native, id=20364, stack(0x0000000022620000,0x0000000022720000)]
  0x0000000020519800 JavaThread "New I/O worker #4" [_thread_in_native, id=21692, stack(0x0000000022420000,0x0000000022520000)]
  0x0000000020518800 JavaThread "New I/O boss #3" [_thread_in_native, id=23112, stack(0x0000000022320000,0x0000000022420000)]
  0x0000000020518000 JavaThread "New I/O worker #2" [_thread_in_native, id=23004, stack(0x0000000022220000,0x0000000022320000)]
  0x0000000020514000 JavaThread "New I/O worker #1" [_thread_in_native, id=3180, stack(0x0000000022120000,0x0000000022220000)]
  0x0000000020517000 JavaThread "flink-metrics-akka.remote.default-remote-dispatcher-4" [_thread_blocked, id=1964, stack(0x0000000021e20000,0x0000000021f20000)]
  0x0000000020516000 JavaThread "flink-metrics-akka.remote.default-remote-dispatcher-3" [_thread_blocked, id=9000, stack(0x0000000021d20000,0x0000000021e20000)]
  0x0000000020515800 JavaThread "flink-metrics-2" [_thread_blocked, id=7372, stack(0x0000000021c20000,0x0000000021d20000)]
  0x0000000020514800 JavaThread "flink-metrics-scheduler-1" [_thread_blocked, id=21276, stack(0x0000000021b20000,0x0000000021c20000)]
  0x000000002044f800 JavaThread "flink-akka.actor.default-dispatcher-4" [_thread_blocked, id=9500, stack(0x0000000021a20000,0x0000000021b20000)]
  0x00000000204d1800 JavaThread "flink-akka.actor.default-dispatcher-3" [_thread_blocked, id=5296, stack(0x0000000021720000,0x0000000021820000)]
  0x00000000205b0800 JavaThread "flink-akka.actor.default-dispatcher-2" [_thread_blocked, id=20676, stack(0x0000000021620000,0x0000000021720000)]
  0x000000002049b800 JavaThread "flink-scheduler-1" [_thread_blocked, id=11680, stack(0x0000000021520000,0x0000000021620000)]
  0x000000001ec52000 JavaThread "Service Thread" daemon [_thread_blocked, id=3004, stack(0x000000001fb50000,0x000000001fc50000)]
  0x000000001ec4f000 JavaThread "C1 CompilerThread2" daemon [_thread_blocked, id=20860, stack(0x000000001fa50000,0x000000001fb50000)]
=>0x000000001ecea000 JavaThread "C2 CompilerThread1" daemon [_thread_in_native, id=11860, stack(0x000000001f950000,0x000000001fa50000)]
  0x000000001ece9000 JavaThread "C2 CompilerThread0" daemon [_thread_in_vm, id=17680, stack(0x000000001f850000,0x000000001f950000)]
  0x000000001ec54000 JavaThread "Monitor Ctrl-Break" daemon [_thread_in_native, id=23056, stack(0x000000001f750000,0x000000001f850000)]
  0x000000001c63f000 JavaThread "Attach Listener" daemon [_thread_blocked, id=21956, stack(0x000000001de80000,0x000000001df80000)]
  0x000000001d990800 JavaThread "Signal Dispatcher" daemon [_thread_blocked, id=23048, stack(0x000000001dd80000,0x000000001de80000)]
  0x0000000002f55000 JavaThread "Finalizer" daemon [_thread_blocked, id=23192, stack(0x000000001d880000,0x000000001d980000)]
  0x0000000002f52000 JavaThread "Reference Handler" daemon [_thread_blocked, id=6304, stack(0x000000001d780000,0x000000001d880000)]

Other Threads:
  0x000000001c5f7800 VMThread [stack: 0x000000001d680000,0x000000001d780000] [id=16804]
  0x000000001ee26000 WatcherThread [stack: 0x000000001fc50000,0x000000001fd50000] [id=3732]

VM state:not at safepoint (normal execution)

VM Mutex/Monitor currently owned by a thread: None

OutOfMemory and StackOverflow Exception counts:
OutOfMemoryError java_heap_errors=1

heap address: 0x00000006c0000000, size: 4096 MB, Compressed Oops mode: Zero based, Oop shift amount: 3
Narrow klass base: 0x0000000000000000, Narrow klass shift: 3
Compressed class space size: 1073741824 Address: 0x00000007c0000000

Heap:
 PSYoungGen      total 305664K, used 23541K [0x000000076ab00000, 0x000000078bf00000, 0x00000007c0000000)
  eden space 262144K, 8% used [0x000000076ab00000,0x000000076c1fd630,0x000000077ab00000)
  from space 43520K, 0% used [0x000000077ab00000,0x000000077ab00000,0x000000077d580000)
  to   space 43520K, 0% used [0x0000000789480000,0x0000000789480000,0x000000078bf00000)
 ParOldGen       total 699392K, used 7937K [0x00000006c0000000, 0x00000006eab00000, 0x000000076ab00000)
  object space 699392K, 1% used [0x00000006c0000000,0x00000006c07c05d0,0x00000006eab00000)
 Metaspace       used 23861K, capacity 24368K, committed 24576K, reserved 1071104K
  class space    used 3421K, capacity 3556K, committed 3584K, reserved 1048576K

Card table byte_map: [0x0000000012320000,0x0000000012b30000] byte_map_base: 0x000000000ed20000

Marking Bits: (ParMarkBitMap*) 0x0000000053335ce0
 Begin Bits: [0x0000000013490000, 0x0000000017490000)
 End Bits:   [0x0000000017490000, 0x000000001b490000)

Polling page: 0x0000000000fe0000

CodeCache: size=245760Kb used=5400Kb max_used=5409Kb free=240359Kb
 bounds [0x0000000002f60000, 0x00000000034b0000, 0x0000000011f60000]
 total_blobs=2149 nmethods=1727 adapters=334
 compilation: enabled

Compilation events (10 events):
Event: 2.827 Thread 0x000000001ece9000 1724       4       java.util.concurrent.ArrayBlockingQueue::add (6 bytes)
Event: 2.827 Thread 0x000000001ecea000 1725   !   4       java.util.concurrent.ArrayBlockingQueue::offer (55 bytes)
Event: 2.830 Thread 0x000000001ecea000 nmethod 1725 0x00000000034a7350 code [0x00000000034a74c0, 0x00000000034a7858]
Event: 2.830 Thread 0x000000001ece9000 nmethod 1724 0x00000000034a6710 code [0x00000000034a6880, 0x00000000034a6c18]
Event: 2.916 Thread 0x000000001ec4f000 1726       3       java.nio.ByteBuffer::array (35 bytes)
Event: 2.916 Thread 0x000000001ec4f000 nmethod 1726 0x00000000034a6110 code [0x00000000034a62a0, 0x00000000034a65d8]
Event: 3.066 Thread 0x000000001ec4f000 1727       3       akka.actor.LightArrayRevolverScheduler$$anon$4::executeBucket$1 (102 bytes)
Event: 3.067 Thread 0x000000001ec4f000 nmethod 1727 0x00000000034a1390 code [0x00000000034a15a0, 0x00000000034a22d8]
Event: 3.141 Thread 0x000000001ecea000 1728   !   4       java.net.URLClassLoader$1::run (63 bytes)
Event: 3.141 Thread 0x000000001ece9000 1729       4       java.net.URLClassLoader$1::run (5 bytes)

GC Heap History (10 events):
Event: 2.051 GC heap before
{Heap before GC invocations=1 (full 0):
 PSYoungGen      total 305664K, used 262144K [0x000000076ab00000, 0x0000000780000000, 0x00000007c0000000)
  eden space 262144K, 100% used [0x000000076ab00000,0x000000077ab00000,0x000000077ab00000)
  from space 43520K, 0% used [0x000000077d580000,0x000000077d580000,0x0000000780000000)
  to   space 43520K, 0% used [0x000000077ab00000,0x000000077ab00000,0x000000077d580000)
 ParOldGen       total 699392K, used 0K [0x00000006c0000000, 0x00000006eab00000, 0x000000076ab00000)
  object space 699392K, 0% used [0x00000006c0000000,0x00000006c0000000,0x00000006eab00000)
 Metaspace       used 19637K, capacity 20068K, committed 20352K, reserved 1067008K
  class space    used 2752K, capacity 2858K, committed 2944K, reserved 1048576K
Event: 2.064 GC heap after
Heap after GC invocations=1 (full 0):
 PSYoungGen      total 305664K, used 16485K [0x000000076ab00000, 0x0000000780000000, 0x00000007c0000000)
  eden space 262144K, 0% used [0x000000076ab00000,0x000000076ab00000,0x000000077ab00000)
  from space 43520K, 37% used [0x000000077ab00000,0x000000077bb19528,0x000000077d580000)
  to   space 43520K, 0% used [0x000000077d580000,0x000000077d580000,0x0000000780000000)
 ParOldGen       total 699392K, used 16K [0x00000006c0000000, 0x00000006eab00000, 0x000000076ab00000)
  object space 699392K, 0% used [0x00000006c0000000,0x00000006c0004000,0x00000006eab00000)
 Metaspace       used 19637K, capacity 20068K, committed 20352K, reserved 1067008K
  class space    used 2752K, capacity 2858K, committed 2944K, reserved 1048576K
}
Event: 2.167 GC heap before
{Heap before GC invocations=2 (full 0):
 PSYoungGen      total 305664K, used 57638K [0x000000076ab00000, 0x0000000780000000, 0x00000007c0000000)
  eden space 262144K, 15% used [0x000000076ab00000,0x000000076d330458,0x000000077ab00000)
  from space 43520K, 37% used [0x000000077ab00000,0x000000077bb19528,0x000000077d580000)
  to   space 43520K, 0% used [0x000000077d580000,0x000000077d580000,0x0000000780000000)
 ParOldGen       total 699392K, used 16K [0x00000006c0000000, 0x00000006eab00000, 0x000000076ab00000)
  object space 699392K, 0% used [0x00000006c0000000,0x00000006c0004000,0x00000006eab00000)
 Metaspace       used 20819K, capacity 21156K, committed 21248K, reserved 1067008K
  class space    used 2949K, capacity 3050K, committed 3072K, reserved 1048576K
Event: 2.174 GC heap after
Heap after GC invocations=2 (full 0):
 PSYoungGen      total 305664K, used 6714K [0x000000076ab00000, 0x0000000790000000, 0x00000007c0000000)
  eden space 262144K, 0% used [0x000000076ab00000,0x000000076ab00000,0x000000077ab00000)
  from space 43520K, 15% used [0x000000077d580000,0x000000077dc0e950,0x0000000780000000)
  to   space 43520K, 0% used [0x000000077ab00000,0x000000077ab00000,0x000000077d580000)
 ParOldGen       total 699392K, used 24K [0x00000006c0000000, 0x00000006eab00000, 0x000000076ab00000)
  object space 699392K, 0% used [0x00000006c0000000,0x00000006c0006000,0x00000006eab00000)
 Metaspace       used 20819K, capacity 21156K, committed 21248K, reserved 1067008K
  class space    used 2949K, capacity 3050K, committed 3072K, reserved 1048576K
}
Event: 2.174 GC heap before
{Heap before GC invocations=3 (full 1):
 PSYoungGen      total 305664K, used 6714K [0x000000076ab00000, 0x0000000790000000, 0x00000007c0000000)
  eden space 262144K, 0% used [0x000000076ab00000,0x000000076ab00000,0x000000077ab00000)
  from space 43520K, 15% used [0x000000077d580000,0x000000077dc0e950,0x0000000780000000)
  to   space 43520K, 0% used [0x000000077ab00000,0x000000077ab00000,0x000000077d580000)
 ParOldGen       total 699392K, used 24K [0x00000006c0000000, 0x00000006eab00000, 0x000000076ab00000)
  object space 699392K, 0% used [0x00000006c0000000,0x00000006c0006000,0x00000006eab00000)
 Metaspace       used 20819K, capacity 21156K, committed 21248K, reserved 1067008K
  class space    used 2949K, capacity 3050K, committed 3072K, reserved 1048576K
Event: 2.197 GC heap after
Heap after GC invocations=3 (full 1):
 PSYoungGen      total 305664K, used 0K [0x000000076ab00000, 0x0000000790000000, 0x00000007c0000000)
  eden space 262144K, 0% used [0x000000076ab00000,0x000000076ab00000,0x000000077ab00000)
  from space 43520K, 0% used [0x000000077d580000,0x000000077d580000,0x0000000780000000)
  to   space 43520K, 0% used [0x000000077ab00000,0x000000077ab00000,0x000000077d580000)
 ParOldGen       total 699392K, used 6573K [0x00000006c0000000, 0x00000006eab00000, 0x000000076ab00000)
  object space 699392K, 0% used [0x00000006c0000000,0x00000006c066b760,0x00000006eab00000)
 Metaspace       used 20819K, capacity 21156K, committed 21248K, reserved 1067008K
  class space    used 2949K, capacity 3050K, committed 3072K, reserved 1048576K
}
Event: 2.658 GC heap before
{Heap before GC invocations=4 (full 1):
 PSYoungGen      total 305664K, used 88905K [0x000000076ab00000, 0x0000000790000000, 0x00000007c0000000)
  eden space 262144K, 33% used [0x000000076ab00000,0x00000007701d2408,0x000000077ab00000)
  from space 43520K, 0% used [0x000000077d580000,0x000000077d580000,0x0000000780000000)
  to   space 43520K, 0% used [0x000000077ab00000,0x000000077ab00000,0x000000077d580000)
 ParOldGen       total 699392K, used 6573K [0x00000006c0000000, 0x00000006eab00000, 0x000000076ab00000)
  object space 699392K, 0% used [0x00000006c0000000,0x00000006c066b760,0x00000006eab00000)
 Metaspace       used 23670K, capacity 24112K, committed 24320K, reserved 1071104K
  class space    used 3401K, capacity 3492K, committed 3584K, reserved 1048576K
Event: 2.661 GC heap after
Heap after GC invocations=4 (full 1):
 PSYoungGen      total 305664K, used 2698K [0x000000076ab00000, 0x000000078bf00000, 0x00000007c0000000)
  eden space 262144K, 0% used [0x000000076ab00000,0x000000076ab00000,0x000000077ab00000)
  from space 43520K, 6% used [0x000000077ab00000,0x000000077ada2b90,0x000000077d580000)
  to   space 43520K, 0% used [0x0000000789480000,0x0000000789480000,0x000000078bf00000)
 ParOldGen       total 699392K, used 6581K [0x00000006c0000000, 0x00000006eab00000, 0x000000076ab00000)
  object space 699392K, 0% used [0x00000006c0000000,0x00000006c066d760,0x00000006eab00000)
 Metaspace       used 23670K, capacity 24112K, committed 24320K, reserved 1071104K
  class space    used 3401K, capacity 3492K, committed 3584K, reserved 1048576K
}
Event: 2.661 GC heap before
{Heap before GC invocations=5 (full 2):
 PSYoungGen      total 305664K, used 2698K [0x000000076ab00000, 0x000000078bf00000, 0x00000007c0000000)
  eden space 262144K, 0% used [0x000000076ab00000,0x000000076ab00000,0x000000077ab00000)
  from space 43520K, 6% used [0x000000077ab00000,0x000000077ada2b90,0x000000077d580000)
  to   space 43520K, 0% used [0x0000000789480000,0x0000000789480000,0x000000078bf00000)
 ParOldGen       total 699392K, used 6581K [0x00000006c0000000, 0x00000006eab00000, 0x000000076ab00000)
  object space 699392K, 0% used [0x00000006c0000000,0x00000006c066d760,0x00000006eab00000)
 Metaspace       used 23670K, capacity 24112K, committed 24320K, reserved 1071104K
  class space    used 3401K, capacity 3492K, committed 3584K, reserved 1048576K
Event: 2.701 GC heap after
Heap after GC invocations=5 (full 2):
 PSYoungGen      total 305664K, used 0K [0x000000076ab00000, 0x000000078bf00000, 0x00000007c0000000)
  eden space 262144K, 0% used [0x000000076ab00000,0x000000076ab00000,0x000000077ab00000)
  from space 43520K, 0% used [0x000000077ab00000,0x000000077ab00000,0x000000077d580000)
  to   space 43520K, 0% used [0x0000000789480000,0x0000000789480000,0x000000078bf00000)
 ParOldGen       total 699392K, used 7937K [0x00000006c0000000, 0x00000006eab00000, 0x000000076ab00000)
  object space 699392K, 1% used [0x00000006c0000000,0x00000006c07c05d0,0x00000006eab00000)
 Metaspace       used 23670K, capacity 24112K, committed 24320K, reserved 1071104K
  class space    used 3401K, capacity 3492K, committed 3584K, reserved 1048576K
}

Deoptimization events (10 events):
Event: 2.113 Thread 0x0000000002e62800 Uncommon trap: reason=class_check action=maybe_recompile pc=0x000000000317c12c method=java.lang.String.equals(Ljava/lang/Object;)Z @ 8
Event: 2.113 Thread 0x0000000002e62800 Uncommon trap: reason=class_check action=maybe_recompile pc=0x000000000317c12c method=java.lang.String.equals(Ljava/lang/Object;)Z @ 8
Event: 2.424 Thread 0x0000000020516000 Uncommon trap: reason=unstable_if action=reinterpret pc=0x000000000316b4a8 method=java.io.WinNTFileSystem.normalize(Ljava/lang/String;)Ljava/lang/String; @ 128
Event: 2.424 Thread 0x0000000020516000 Uncommon trap: reason=unstable_if action=reinterpret pc=0x0000000003154150 method=java.io.WinNTFileSystem.normalize(Ljava/lang/String;II)Ljava/lang/String; @ 8
Event: 2.627 Thread 0x0000000002e62800 Uncommon trap: reason=unstable_if action=reinterpret pc=0x0000000003392774 method=java.util.HashMap.getNode(ILjava/lang/Object;)Ljava/util/HashMap$Node; @ 129
Event: 2.627 Thread 0x0000000002e62800 Uncommon trap: reason=bimorphic action=maybe_recompile pc=0x00000000032e66dc method=java.util.HashMap.putVal(ILjava/lang/Object;Ljava/lang/Object;ZZ)Ljava/lang/Object; @ 203
Event: 2.627 Thread 0x0000000002e62800 Uncommon trap: reason=unstable_if action=reinterpret pc=0x000000000338e770 method=java.util.HashMap.getNode(ILjava/lang/Object;)Ljava/util/HashMap$Node; @ 129
Event: 2.627 Thread 0x0000000002e62800 Uncommon trap: reason=bimorphic action=maybe_recompile pc=0x00000000032e66dc method=java.util.HashMap.putVal(ILjava/lang/Object;Ljava/lang/Object;ZZ)Ljava/lang/Object; @ 203
Event: 2.627 Thread 0x0000000002e62800 Uncommon trap: reason=bimorphic action=maybe_recompile pc=0x00000000032e66dc method=java.util.HashMap.putVal(ILjava/lang/Object;Ljava/lang/Object;ZZ)Ljava/lang/Object; @ 203
Event: 3.141 Thread 0x0000000020514800 Uncommon trap: reason=unstable_if action=reinterpret pc=0x00000000033b0078 method=akka.dispatch.AbstractNodeQueue.pollNode()Lakka/dispatch/AbstractNodeQueue$Node; @ 20

Classes redefined (0 events):
No events

Internal exceptions (10 events):
Event: 1.501 Thread 0x0000000002e62800 Exception <a 'java/lang/ArrayIndexOutOfBoundsException'> (0x0000000773cf1ab8) thrown at [C:\re\workspace\8-2-build-windows-amd64-cygwin\jdk8u202\12323\hotspot\src\share\vm\runtime\sharedRuntime.cpp, line 605]
Event: 1.501 Thread 0x0000000002e62800 Exception <a 'java/lang/ArrayIndexOutOfBoundsException'> (0x0000000773cf2ca8) thrown at [C:\re\workspace\8-2-build-windows-amd64-cygwin\jdk8u202\12323\hotspot\src\share\vm\runtime\sharedRuntime.cpp, line 605]
Event: 1.501 Thread 0x0000000002e62800 Exception <a 'java/lang/ArrayIndexOutOfBoundsException'> (0x0000000773cf5630) thrown at [C:\re\workspace\8-2-build-windows-amd64-cygwin\jdk8u202\12323\hotspot\src\share\vm\runtime\sharedRuntime.cpp, line 605]
Event: 1.505 Thread 0x0000000002e62800 Exception <a 'java/lang/ArrayIndexOutOfBoundsException'> (0x0000000773d21ac0) thrown at [C:\re\workspace\8-2-build-windows-amd64-cygwin\jdk8u202\12323\hotspot\src\share\vm\runtime\sharedRuntime.cpp, line 605]
Event: 1.509 Thread 0x0000000002e62800 Exception <a 'java/lang/ArrayIndexOutOfBoundsException'> (0x0000000773d41828) thrown at [C:\re\workspace\8-2-build-windows-amd64-cygwin\jdk8u202\12323\hotspot\src\share\vm\runtime\sharedRuntime.cpp, line 605]
Event: 1.578 Thread 0x0000000002e62800 Implicit null exception at 0x000000000316a796 to 0x000000000316ab39
Event: 1.578 Thread 0x0000000002e62800 Implicit null exception at 0x00000000031274d6 to 0x0000000003127871
Event: 1.918 Thread 0x0000000002e62800 Exception <a 'java/lang/ArrayIndexOutOfBoundsException'> (0x0000000777494090) thrown at [C:\re\workspace\8-2-build-windows-amd64-cygwin\jdk8u202\12323\hotspot\src\share\vm\runtime\sharedRuntime.cpp, line 605]
Event: 1.918 Thread 0x0000000002e62800 Exception <a 'java/lang/ArrayIndexOutOfBoundsException'> (0x0000000777495038) thrown at [C:\re\workspace\8-2-build-windows-amd64-cygwin\jdk8u202\12323\hotspot\src\share\vm\runtime\sharedRuntime.cpp, line 605]
Event: 2.915 Thread 0x0000000002e62800 Exception <a 'java/lang/OutOfMemoryError'> (0x000000076b417b08) thrown at [C:\re\workspace\8-2-build-windows-amd64-cygwin\jdk8u202\12323\hotspot\src\share\vm\prims\unsafe.cpp, line 618]

Events (10 events):
Event: 3.142 loading class akka/remote/EndpointWriter$StoppedReading
Event: 3.142 loading class akka/remote/EndpointWriter$StoppedReading done
Event: 3.143 loading class akka/remote/EndpointWriter$TookOver
Event: 3.143 loading class akka/remote/EndpointWriter$TookOver done
Event: 3.143 loading class akka/remote/ReliableDeliverySupervisor$GotUid
Event: 3.143 loading class akka/remote/ReliableDeliverySupervisor$GotUid done
Event: 3.144 loading class akka/remote/ReliableDeliverySupervisor$Idle$
Event: 3.144 loading class akka/remote/ReliableDeliverySupervisor$Idle$ done
Event: 3.144 loading class akka/remote/EndpointManager$EndpointRegistry$$anonfun$prune$1
Event: 3.144 loading class akka/remote/EndpointManager$EndpointRegistry$$anonfun$prune$1 done


Dynamic libraries:
0x00007ff7efa90000 - 0x00007ff7efac7000 	C:\Program Files\Java\jdk1.8.0_202\bin\java.exe
0x00007ffa1cae0000 - 0x00007ffa1ccd0000 	C:\WINDOWS\SYSTEM32\ntdll.dll
0x00007ffa1adb0000 - 0x00007ffa1ae62000 	C:\WINDOWS\System32\KERNEL32.DLL
0x00007ffa1a6e0000 - 0x00007ffa1a983000 	C:\WINDOWS\System32\KERNELBASE.dll
0x00007ffa1b6a0000 - 0x00007ffa1b743000 	C:\WINDOWS\System32\ADVAPI32.dll
0x00007ffa1c370000 - 0x00007ffa1c40e000 	C:\WINDOWS\System32\msvcrt.dll
0x00007ffa1b990000 - 0x00007ffa1ba27000 	C:\WINDOWS\System32\sechost.dll
0x00007ffa1c250000 - 0x00007ffa1c370000 	C:\WINDOWS\System32\RPCRT4.dll
0x00007ffa1c900000 - 0x00007ffa1ca94000 	C:\WINDOWS\System32\USER32.dll
0x00007ffa1a690000 - 0x00007ffa1a6b1000 	C:\WINDOWS\System32\win32u.dll
0x00007ffa1b660000 - 0x00007ffa1b686000 	C:\WINDOWS\System32\GDI32.dll
0x00007ffa1a990000 - 0x00007ffa1ab24000 	C:\WINDOWS\System32\gdi32full.dll
0x00007ffa1a5c0000 - 0x00007ffa1a65e000 	C:\WINDOWS\System32\msvcp_win.dll
0x00007ffa1a240000 - 0x00007ffa1a33a000 	C:\WINDOWS\System32\ucrtbase.dll
0x00007ffa0b760000 - 0x00007ffa0b9e5000 	C:\WINDOWS\WinSxS\amd64_microsoft.windows.common-controls_6595b64144ccf1df_6.0.18362.657_none_e6c5b579130e3898\COMCTL32.dll
0x00007ffa1ba30000 - 0x00007ffa1bd66000 	C:\WINDOWS\System32\combase.dll
0x00007ffa1a490000 - 0x00007ffa1a510000 	C:\WINDOWS\System32\bcryptPrimitives.dll
0x00007ffa1c0c0000 - 0x00007ffa1c0ee000 	C:\WINDOWS\System32\IMM32.DLL
0x00000000533c0000 - 0x0000000053492000 	C:\Program Files\Java\jdk1.8.0_202\jre\bin\msvcr100.dll
0x0000000052b10000 - 0x00000000533b5000 	C:\Program Files\Java\jdk1.8.0_202\jre\bin\server\jvm.dll
0x00007ffa1b690000 - 0x00007ffa1b698000 	C:\WINDOWS\System32\PSAPI.DLL
0x00007ff9e7c90000 - 0x00007ff9e7c99000 	C:\WINDOWS\SYSTEM32\WSOCK32.dll
0x00007ffa1bd70000 - 0x00007ffa1bddf000 	C:\WINDOWS\System32\WS2_32.dll
0x00007ffa17a00000 - 0x00007ffa17a24000 	C:\WINDOWS\SYSTEM32\WINMM.dll
0x00007ffa14f00000 - 0x00007ffa14f0a000 	C:\WINDOWS\SYSTEM32\VERSION.dll
0x00007ffa178f0000 - 0x00007ffa1791d000 	C:\WINDOWS\SYSTEM32\WINMMBASE.dll
0x00007ffa19a70000 - 0x00007ffa19aba000 	C:\WINDOWS\System32\cfgmgr32.dll
0x00007ffa162e0000 - 0x00007ffa162ef000 	C:\Program Files\Java\jdk1.8.0_202\jre\bin\verify.dll
0x00007ffa06b50000 - 0x00007ffa06b79000 	C:\Program Files\Java\jdk1.8.0_202\jre\bin\java.dll
0x00007ffa04af0000 - 0x00007ffa04b13000 	C:\Program Files\Java\jdk1.8.0_202\jre\bin\instrument.dll
0x00007ffa0b340000 - 0x00007ffa0b356000 	C:\Program Files\Java\jdk1.8.0_202\jre\bin\zip.dll
0x00007ffa1af70000 - 0x00007ffa1b655000 	C:\WINDOWS\System32\SHELL32.dll
0x00007ffa1c0f0000 - 0x00007ffa1c199000 	C:\WINDOWS\System32\shcore.dll
0x00007ffa19ac0000 - 0x00007ffa1a23f000 	C:\WINDOWS\System32\windows.storage.dll
0x00007ffa19a50000 - 0x00007ffa19a6f000 	C:\WINDOWS\System32\profapi.dll
0x00007ffa19a00000 - 0x00007ffa19a4a000 	C:\WINDOWS\System32\powrprof.dll
0x00007ffa199b0000 - 0x00007ffa199c0000 	C:\WINDOWS\System32\UMPDC.dll
0x00007ffa1c880000 - 0x00007ffa1c8d2000 	C:\WINDOWS\System32\shlwapi.dll
0x00007ffa199e0000 - 0x00007ffa199f1000 	C:\WINDOWS\System32\kernel.appcore.dll
0x00007ffa1a6c0000 - 0x00007ffa1a6d7000 	C:\WINDOWS\System32\cryptsp.dll
0x00007ffa054e0000 - 0x00007ffa054fa000 	C:\Program Files\JetBrains\IntelliJ IDEA 2018.3.5\bin\breakgen64.dll
0x00007ffa04cb0000 - 0x00007ffa04cca000 	C:\Program Files\Java\jdk1.8.0_202\jre\bin\net.dll
0x00007ffa0d7f0000 - 0x00007ffa0d9c6000 	C:\WINDOWS\SYSTEM32\urlmon.dll
0x00007ffa0dd80000 - 0x00007ffa0e026000 	C:\WINDOWS\SYSTEM32\iertutil.dll
0x00007ffa19390000 - 0x00007ffa1939c000 	C:\WINDOWS\SYSTEM32\CRYPTBASE.DLL
0x00007ffa191c0000 - 0x00007ffa19227000 	C:\WINDOWS\system32\mswsock.dll
0x00007ffa162b0000 - 0x00007ffa162bd000 	C:\Program Files\Java\jdk1.8.0_202\jre\bin\management.dll
0x00007ffa03f30000 - 0x00007ffa03f42000 	C:\Program Files\Java\jdk1.8.0_202\jre\bin\nio.dll
0x00007ffa06cf0000 - 0x00007ffa06d06000 	C:\WINDOWS\system32\napinsp.dll
0x00007ff9f58f0000 - 0x00007ff9f590a000 	C:\WINDOWS\system32\pnrpnsp.dll
0x00007ffa18f10000 - 0x00007ffa18fda000 	C:\WINDOWS\SYSTEM32\DNSAPI.dll
0x00007ffa1b980000 - 0x00007ffa1b988000 	C:\WINDOWS\System32\NSI.dll
0x00007ffa18ed0000 - 0x00007ffa18f0a000 	C:\WINDOWS\SYSTEM32\IPHLPAPI.DLL
0x00007ffa0b290000 - 0x00007ffa0b29e000 	C:\WINDOWS\System32\winrnr.dll
0x00007ffa16210000 - 0x00007ffa1622c000 	C:\WINDOWS\system32\NLAapi.dll
0x00007ffa005c0000 - 0x00007ffa005d5000 	C:\WINDOWS\system32\wshbth.dll
0x00007ffa0d060000 - 0x00007ffa0d06a000 	C:\Windows\System32\rasadhlp.dll
0x00007ffa117c0000 - 0x00007ffa11837000 	C:\WINDOWS\System32\fwpuclnt.dll
0x00007ffa1a660000 - 0x00007ffa1a686000 	C:\WINDOWS\System32\bcrypt.dll
0x00007ffa18d30000 - 0x00007ffa18d63000 	C:\WINDOWS\system32\rsaenh.dll
0x00007ffa198d0000 - 0x00007ffa198f5000 	C:\WINDOWS\SYSTEM32\USERENV.dll
0x00007ffa11c80000 - 0x00007ffa11c96000 	C:\WINDOWS\SYSTEM32\dhcpcsvc6.DLL
0x00007ffa13600000 - 0x00007ffa1361c000 	C:\WINDOWS\SYSTEM32\dhcpcsvc.DLL

VM Arguments:
jvm_args: -Xms1024m -Xmx4096m -javaagent:C:\Program Files\JetBrains\IntelliJ IDEA 2018.3.5\lib\idea_rt.jar=52191:C:\Program Files\JetBrains\IntelliJ IDEA 2018.3.5\bin -Dfile.encoding=UTF-8 
java_command: com.hetao101.SupervisionAnalyse.flink.counselor.CounselorUserLearningStat
java_class_path (initial): C:\Users\hetao\AppData\Local\Temp\classpath1305720329.jar;C:\Program Files\JetBrains\IntelliJ IDEA 2018.3.5\lib\idea_rt.jar
Launcher Type: SUN_STANDARD

Environment Variables:
JAVA_HOME=C:\Program Files\Java\jdk1.8.0_202
PATH=C:\;C:\Program Files (x86)\NetSarang\Xshell 6\;C:\WINDOWS\system32;C:\WINDOWS;C:\WINDOWS\System32\Wbem;C:\WINDOWS\System32\WindowsPowerShell\v1.0\;C:\Program Files\Java\jdk1.8.0_202\bin;C:\Program Files\Java\jdk1.8.0_202\lib;C:\apache-maven-3.6.1\bin;C:\Program Files (x86)\bin;C:\Program Files (x86)\scala\bin;C:\Program Files (x86)\scala\lib;C:\WINDOWS\System32\OpenSSH\;C:\Program Files\Git\cmd;C:\Users\hetao\AppData\Local\Microsoft\WindowsApps;
USERNAME=hetao
OS=Windows_NT
PROCESSOR_IDENTIFIER=Intel64 Family 6 Model 158 Stepping 9, GenuineIntel



---------------  S Y S T E M  ---------------

OS: Windows 10.0 , 64 bit Build 18362 (10.0.18362.329)

CPU:total 4 (initial active 4) (4 cores per cpu, 1 threads per core) family 6 model 158 stepping 9, cmov, cx8, fxsr, mmx, sse, sse2, sse3, ssse3, sse4.1, sse4.2, popcnt, avx, avx2, aes, clmul, erms, 3dnowpref, lzcnt, tsc, tscinvbit, bmi1, bmi2, adx

Memory: 4k page, physical 16683152k(2655264k free), swap 32032084k(4140k free)

vm_info: Java HotSpot(TM) 64-Bit Server VM (25.202-b08) for windows-amd64 JRE (1.8.0_202-b08), built on Dec 15 2018 19:54:30 by "java_re" with MS VC++ 10.0 (VS2010)

time: Wed Feb 26 15:06:43 2020
timezone: 中国标准时间
elapsed time: 3 seconds (0d 0h 0m 3s)

