#
# There is insufficient memory for the Java Runtime Environment to continue.
# Native memory allocation (malloc) failed to allocate 32744 bytes for ChunkPool::allocate
# Possible reasons:
#   The system is out of physical RAM or swap space
#   The process is running with CompressedOops enabled, and the Java Heap may be blocking the growth of the native heap
# Possible solutions:
#   Reduce memory load on the system
#   Increase physical memory or swap space
#   Check if swap backing store is full
#   Decrease Java heap size (-Xmx/-Xms)
#   Decrease number of Java threads
#   Decrease Java thread stack sizes (-Xss)
#   Set larger code cache with -XX:ReservedCodeCacheSize=
#   JVM is running with Zero Based Compressed Oops mode in which the Java heap is
#     placed in the first 32GB address space. The Java Heap base address is the
#     maximum limit for the native heap growth. Please use -XX:HeapBaseMinAddress
#     to set the Java Heap base and to place the Java Heap above 32GB virtual address.
# This output file may be truncated or incomplete.
#
#  Out of Memory Error (allocation.cpp:272), pid=195976, tid=0x000000000002fa90
#
# JRE version: Java(TM) SE Runtime Environment (8.0_202-b08) (build 1.8.0_202-b08)
# Java VM: Java HotSpot(TM) 64-Bit Server VM (25.202-b08 mixed mode windows-amd64 compressed oops)
# Failed to write core dump. Minidumps are not enabled by default on client versions of Windows
#

---------------  T H R E A D  ---------------

Current thread (0x000000001f040000):  JavaThread "C2 CompilerThread0" daemon [_thread_in_native, id=195216, stack(0x000000001fb70000,0x000000001fc70000)]

Stack: [0x000000001fb70000,0x000000001fc70000]
[error occurred during error reporting (printing stack bounds), id 0xc0000005]

Native frames: (J=compiled Java code, j=interpreted, Vv=VM code, C=native code)


Current CompileTask:
C2:  16708 4483       4       java.io.ObjectInputStream::readClassDesc (128 bytes)


---------------  P R O C E S S  ---------------

Java Threads: ( => current thread )
  0x000000001f0d5000 JavaThread "flink-akka.actor.default-dispatcher-7" [_thread_blocked, id=194512, stack(0x0000000021e40000,0x0000000021f40000)]
  0x000000001f0d6800 JavaThread "flink-akka.actor.default-dispatcher-6" [_thread_blocked, id=158228, stack(0x0000000021d40000,0x0000000021e40000)]
  0x000000001f0cd800 JavaThread "Kafka 0.10 Fetcher for Source: Custom Source -> Filter -> Map (3/4)" daemon [_thread_blocked, id=192612, stack(0x0000000043b00000,0x0000000043c00000)]
  0x000000001f0d4000 JavaThread "Kafka 0.10 Fetcher for Source: Custom Source -> Filter -> Map (4/4)" daemon [_thread_in_native, id=196152, stack(0x0000000043a00000,0x0000000043b00000)]
  0x000000001f0ce000 JavaThread "Kafka 0.10 Fetcher for Source: Custom Source -> Filter -> Map (2/4)" daemon [_thread_in_native, id=195748, stack(0x0000000043900000,0x0000000043a00000)]
  0x000000001f0d3800 JavaThread "Kafka 0.10 Fetcher for Source: Custom Source -> Filter -> Map (1/4)" daemon [_thread_in_native, id=188944, stack(0x0000000043800000,0x0000000043900000)]
  0x000000001f0d2800 JavaThread "Abandoned connection cleanup thread" daemon [_thread_blocked, id=196368, stack(0x0000000043d00000,0x0000000043e00000)]
  0x000000001f0cb000 JavaThread "OutputFlusher for Source: Custom Source -> Filter -> Map" daemon [_thread_blocked, id=196324, stack(0x0000000043400000,0x0000000043500000)]
  0x000000001f0cc800 JavaThread "OutputFlusher for Source: Custom Source -> Filter -> Map" daemon [_thread_blocked, id=184864, stack(0x0000000043300000,0x0000000043400000)]
  0x000000001f0ca800 JavaThread "OutputFlusher for Source: Custom Source -> Filter -> Map" daemon [_thread_blocked, id=196404, stack(0x0000000043200000,0x0000000043300000)]
  0x000000001f0cf000 JavaThread "OutputFlusher for Source: Custom Source" daemon [_thread_blocked, id=194604, stack(0x0000000043100000,0x0000000043200000)]
  0x000000001f0cc000 JavaThread "OutputFlusher for Source: Custom Source -> Filter -> Map" daemon [_thread_blocked, id=194984, stack(0x0000000043000000,0x0000000043100000)]
  0x000000001f0d1000 JavaThread "Co-Process-Broadcast -> Sink: Unnamed (1/4)" [_thread_blocked, id=194824, stack(0x0000000042d00000,0x0000000042e00000)]
  0x000000001f0c9800 JavaThread "Co-Process-Broadcast -> Sink: Unnamed (2/4)" [_thread_blocked, id=196592, stack(0x0000000042c00000,0x0000000042d00000)]
  0x000000001f0d0800 JavaThread "Co-Process-Broadcast -> Sink: Unnamed (3/4)" [_thread_blocked, id=194860, stack(0x0000000042b00000,0x0000000042c00000)]
  0x000000001f0c9000 JavaThread "Co-Process-Broadcast -> Sink: Unnamed (4/4)" [_thread_blocked, id=189856, stack(0x0000000042a00000,0x0000000042b00000)]
  0x000000001f0cf800 JavaThread "Source: Custom Source (1/1)" [_thread_blocked, id=193292, stack(0x0000000042900000,0x0000000042a00000)]
  0x0000000020c61000 JavaThread "Source: Custom Source -> Filter -> Map (2/4)" [_thread_blocked, id=195868, stack(0x0000000042800000,0x0000000042900000)]
  0x0000000020c67800 JavaThread "Source: Custom Source -> Filter -> Map (1/4)" [_thread_blocked, id=161248, stack(0x0000000042700000,0x0000000042800000)]
  0x0000000020c66800 JavaThread "CloseableReaperThread" daemon [_thread_blocked, id=194988, stack(0x0000000042600000,0x0000000042700000)]
  0x0000000020c63800 JavaThread "Source: Custom Source -> Filter -> Map (4/4)" [_thread_blocked, id=192136, stack(0x0000000042500000,0x0000000042600000)]
  0x0000000020c62000 JavaThread "Source: Custom Source -> Filter -> Map (3/4)" [_thread_in_Java, id=180804, stack(0x0000000042400000,0x0000000042500000)]
  0x0000000020c5f000 JavaThread "Flink-MetricRegistry-thread-1" daemon [_thread_blocked, id=194688, stack(0x0000000042300000,0x0000000042400000)]
  0x0000000020c60800 JavaThread "jobmanager-future-thread-4" daemon [_thread_blocked, id=196580, stack(0x0000000042200000,0x0000000042300000)]
  0x0000000020c5f800 JavaThread "pool-1-thread-1" [_thread_blocked, id=166004, stack(0x0000000042100000,0x0000000042200000)]
  0x0000000020c65800 JavaThread "jobmanager-future-thread-3" daemon [_thread_blocked, id=195692, stack(0x0000000042000000,0x0000000042100000)]
  0x0000000020c64000 JavaThread "FlinkCompletableFutureDelayScheduler-thread-1" daemon [_thread_blocked, id=165660, stack(0x0000000041f00000,0x0000000042000000)]
  0x0000000020c62800 JavaThread "jobmanager-future-thread-2" daemon [_thread_blocked, id=195772, stack(0x0000000041e00000,0x0000000041f00000)]
  0x0000000020c65000 JavaThread "jobmanager-future-thread-1" daemon [_thread_blocked, id=191544, stack(0x0000000041b00000,0x0000000041c00000)]
  0x0000000020c59800 JavaThread "flink-rest-server-netty-boss-thread-1" daemon [_thread_in_native, id=191828, stack(0x0000000041a00000,0x0000000041b00000)]
  0x0000000020c59000 JavaThread "ObjectCleanerThread" daemon [_thread_blocked, id=193624, stack(0x0000000041900000,0x0000000041a00000)]
  0x0000000020c5d800 JavaThread "IOManager reader thread #1" daemon [_thread_blocked, id=195848, stack(0x00000000273f0000,0x00000000274f0000)]
  0x0000000020c5c000 JavaThread "IOManager writer thread #1" daemon [_thread_blocked, id=182464, stack(0x00000000272f0000,0x00000000273f0000)]
  0x0000000020c5e000 JavaThread "Timer-2" daemon [_thread_blocked, id=195960, stack(0x00000000271f0000,0x00000000272f0000)]
  0x0000000020c5a800 JavaThread "Timer-1" daemon [_thread_blocked, id=195904, stack(0x00000000270f0000,0x00000000271f0000)]
  0x0000000020c5c800 JavaThread "flink-akka.actor.default-dispatcher-5" [_thread_blocked, id=195664, stack(0x0000000025f90000,0x0000000026090000)]
  0x0000000020c58000 JavaThread "BLOB Server listener at 62605" daemon [_thread_in_native, id=178660, stack(0x00000000275e0000,0x00000000276e0000)]
  0x0000000020c5b000 JavaThread "Timer-0" daemon [_thread_blocked, id=196032, stack(0x00000000276e0000,0x00000000277e0000)]
  0x0000000020558000 JavaThread "New I/O server boss #6" [_thread_in_native, id=195588, stack(0x0000000025c90000,0x0000000025d90000)]
  0x0000000020557000 JavaThread "New I/O worker #5" [_thread_in_native, id=194804, stack(0x0000000025b90000,0x0000000025c90000)]
  0x0000000020556800 JavaThread "New I/O worker #4" [_thread_in_native, id=195932, stack(0x0000000025990000,0x0000000025a90000)]
  0x0000000020555800 JavaThread "New I/O boss #3" [_thread_in_native, id=195928, stack(0x00000000247e0000,0x00000000248e0000)]
  0x0000000020555000 JavaThread "New I/O worker #2" [_thread_in_native, id=189864, stack(0x00000000246e0000,0x00000000247e0000)]
  0x0000000020554000 JavaThread "New I/O worker #1" [_thread_in_native, id=15448, stack(0x00000000245e0000,0x00000000246e0000)]
  0x0000000020553800 JavaThread "flink-metrics-akka.remote.default-remote-dispatcher-4" [_thread_blocked, id=123052, stack(0x0000000022540000,0x0000000022640000)]
  0x0000000020552800 JavaThread "flink-metrics-akka.remote.default-remote-dispatcher-3" [_thread_blocked, id=112812, stack(0x0000000022240000,0x0000000022340000)]
  0x0000000020558800 JavaThread "flink-metrics-2" [_thread_blocked, id=196100, stack(0x0000000022140000,0x0000000022240000)]
  0x0000000020559800 JavaThread "flink-metrics-scheduler-1" [_thread_in_vm, id=195872, stack(0x0000000022040000,0x0000000022140000)]
  0x00000000205e8800 JavaThread "flink-akka.actor.default-dispatcher-4" [_thread_blocked, id=195436, stack(0x0000000021f40000,0x0000000022040000)]
  0x0000000020418800 JavaThread "flink-scheduler-1" [_thread_in_vm, id=195596, stack(0x0000000021a40000,0x0000000021b40000)]
  0x000000001f0fb800 JavaThread "Service Thread" daemon [_thread_blocked, id=196116, stack(0x000000001fe70000,0x000000001ff70000)]
  0x000000001f042800 JavaThread "C1 CompilerThread2" daemon [_thread_blocked, id=196212, stack(0x000000001fd70000,0x000000001fe70000)]
  0x000000001f041800 JavaThread "C2 CompilerThread1" daemon [_thread_in_native, id=187500, stack(0x000000001fc70000,0x000000001fd70000)]
=>0x000000001f040000 JavaThread "C2 CompilerThread0" daemon [_thread_in_native, id=195216, stack(0x000000001fb70000,0x000000001fc70000)]
  0x000000001f03e800 JavaThread "Monitor Ctrl-Break" daemon [_thread_in_native, id=195352, stack(0x000000001fa70000,0x000000001fb70000)]
  0x000000001c94f000 JavaThread "Attach Listener" daemon [_thread_blocked, id=195492, stack(0x000000001e1a0000,0x000000001e2a0000)]
  0x000000001dcb0800 JavaThread "Signal Dispatcher" daemon [_thread_blocked, id=196184, stack(0x000000001e0a0000,0x000000001e1a0000)]
  0x000000000333b000 JavaThread "Finalizer" daemon [_thread_blocked, id=193448, stack(0x000000001dba0000,0x000000001dca0000)]
  0x0000000003332000 JavaThread "Reference Handler" daemon [_thread_blocked, id=194732, stack(0x000000001daa0000,0x000000001dba0000)]
  0x0000000003242800 JavaThread "main" [_thread_blocked, id=196036, stack(0x0000000002f90000,0x0000000003090000)]

Other Threads:
  0x000000001c907800 VMThread [stack: 0x000000001d9a0000,0x000000001daa0000] [id=166088]
  0x000000001f160800 WatcherThread [stack: 0x000000001ff70000,0x0000000020070000] [id=191996]

VM state:not at safepoint (normal execution)

VM Mutex/Monitor currently owned by a thread: None

heap address: 0x00000006c1600000, size: 4074 MB, Compressed Oops mode: Zero based, Oop shift amount: 3
Narrow klass base: 0x0000000000000000, Narrow klass shift: 3
Compressed class space size: 1073741824 Address: 0x00000007c0000000

Heap:
 PSYoungGen      total 295424K, used 136725K [0x000000076b200000, 0x000000077d700000, 0x00000007c0000000)
  eden space 290816K, 46% used [0x000000076b200000,0x00000007735f7158,0x000000077ce00000)
  from space 4608K, 34% used [0x000000077d200000,0x000000077d38e398,0x000000077d680000)
  to   space 4096K, 0% used [0x000000077ce00000,0x000000077ce00000,0x000000077d200000)
 ParOldGen       total 101888K, used 59791K [0x00000006c1600000, 0x00000006c7980000, 0x000000076b200000)
  object space 101888K, 58% used [0x00000006c1600000,0x00000006c5063dd0,0x00000006c7980000)
 Metaspace       used 46611K, capacity 47762K, committed 48088K, reserved 1091584K
  class space    used 6331K, capacity 6603K, committed 6656K, reserved 1048576K

Card table byte_map: [0x0000000012700000,0x0000000012f00000] byte_map_base: 0x000000000f0f5000

Marking Bits: (ParMarkBitMap*) 0x0000000059435ce0
 Begin Bits: [0x0000000013850000, 0x00000000177f8000)
 End Bits:   [0x00000000177f8000, 0x000000001b7a0000)

Polling page: 0x0000000000f70000

CodeCache: size=245760Kb used=12758Kb max_used=13073Kb free=233001Kb
 bounds [0x0000000003340000, 0x0000000004020000, 0x0000000012340000]
 total_blobs=4456 nmethods=3867 adapters=500
 compilation: enabled

Compilation events (10 events):
Event: 16.601 Thread 0x000000001f040000 nmethod 4485 0x00000000039cb950 code [0x00000000039cbaa0, 0x00000000039cbdd8]
Event: 16.601 Thread 0x000000001f040000 4487       4       java.io.ObjectInputStream$PeekInputStream::peek (49 bytes)
Event: 16.603 Thread 0x000000001f040000 nmethod 4487 0x0000000003a88e90 code [0x0000000003a88fe0, 0x0000000003a892b8]
Event: 16.603 Thread 0x000000001f040000 4488       4       java.io.ObjectInputStream$PeekInputStream::read (47 bytes)
Event: 16.605 Thread 0x000000001f040000 nmethod 4488 0x0000000003d60750 code [0x0000000003d608a0, 0x0000000003d60b78]
Event: 16.605 Thread 0x000000001f040000 4489       4       java.io.ObjectInputStream$BlockDataInputStream::read (62 bytes)
Event: 16.645 Thread 0x000000001f040000 nmethod 4489 0x0000000003b18710 code [0x0000000003b18920, 0x0000000003b19f50]
Event: 16.645 Thread 0x000000001f040000 4486       4       java.io.Bits::getInt (43 bytes)
Event: 16.645 Thread 0x000000001f040000 nmethod 4486 0x0000000003954290 code [0x00000000039543c0, 0x0000000003954498]
Event: 16.645 Thread 0x000000001f040000 4483       4       java.io.ObjectInputStream::readClassDesc (128 bytes)

GC Heap History (10 events):
Event: 15.397 GC heap before
{Heap before GC invocations=43 (full 3):
 PSYoungGen      total 245760K, used 237888K [0x000000076b200000, 0x000000077b900000, 0x00000007c0000000)
  eden space 236032K, 100% used [0x000000076b200000,0x0000000779880000,0x0000000779880000)
  from space 9728K, 19% used [0x0000000779880000,0x0000000779a50000,0x000000077a200000)
  to   space 9728K, 0% used [0x000000077a200000,0x000000077a200000,0x000000077ab80000)
 ParOldGen       total 101888K, used 56871K [0x00000006c1600000, 0x00000006c7980000, 0x000000076b200000)
  object space 101888K, 55% used [0x00000006c1600000,0x00000006c4d89e30,0x00000006c7980000)
 Metaspace       used 46542K, capacity 47682K, committed 48088K, reserved 1091584K
  class space    used 6320K, capacity 6563K, committed 6656K, reserved 1048576K
Event: 15.399 GC heap after
Heap after GC invocations=43 (full 3):
 PSYoungGen      total 245760K, used 1144K [0x000000076b200000, 0x000000077b900000, 0x00000007c0000000)
  eden space 236032K, 0% used [0x000000076b200000,0x000000076b200000,0x0000000779880000)
  from space 9728K, 11% used [0x000000077a200000,0x000000077a31e2a0,0x000000077ab80000)
  to   space 9728K, 0% used [0x0000000779880000,0x0000000779880000,0x000000077a200000)
 ParOldGen       total 101888K, used 58734K [0x00000006c1600000, 0x00000006c7980000, 0x000000076b200000)
  object space 101888K, 57% used [0x00000006c1600000,0x00000006c4f5bb30,0x00000006c7980000)
 Metaspace       used 46542K, capacity 47682K, committed 48088K, reserved 1091584K
  class space    used 6320K, capacity 6563K, committed 6656K, reserved 1048576K
}
Event: 15.643 GC heap before
{Heap before GC invocations=44 (full 3):
 PSYoungGen      total 245760K, used 237176K [0x000000076b200000, 0x000000077b900000, 0x00000007c0000000)
  eden space 236032K, 100% used [0x000000076b200000,0x0000000779880000,0x0000000779880000)
  from space 9728K, 11% used [0x000000077a200000,0x000000077a31e2a0,0x000000077ab80000)
  to   space 9728K, 0% used [0x0000000779880000,0x0000000779880000,0x000000077a200000)
 ParOldGen       total 101888K, used 58734K [0x00000006c1600000, 0x00000006c7980000, 0x000000076b200000)
  object space 101888K, 57% used [0x00000006c1600000,0x00000006c4f5bb30,0x00000006c7980000)
 Metaspace       used 46542K, capacity 47682K, committed 48088K, reserved 1091584K
  class space    used 6320K, capacity 6563K, committed 6656K, reserved 1048576K
Event: 15.644 GC heap after
Heap after GC invocations=44 (full 3):
 PSYoungGen      total 245760K, used 1792K [0x000000076b200000, 0x000000077bc80000, 0x00000007c0000000)
  eden space 236032K, 0% used [0x000000076b200000,0x000000076b200000,0x0000000779880000)
  from space 9728K, 18% used [0x0000000779880000,0x0000000779a40000,0x000000077a200000)
  to   space 4608K, 0% used [0x000000077b800000,0x000000077b800000,0x000000077bc80000)
 ParOldGen       total 101888K, used 59775K [0x00000006c1600000, 0x00000006c7980000, 0x000000076b200000)
  object space 101888K, 58% used [0x00000006c1600000,0x00000006c505fdd0,0x00000006c7980000)
 Metaspace       used 46542K, capacity 47682K, committed 48088K, reserved 1091584K
  class space    used 6320K, capacity 6563K, committed 6656K, reserved 1048576K
}
Event: 15.773 GC heap before
{Heap before GC invocations=45 (full 3):
 PSYoungGen      total 245760K, used 237824K [0x000000076b200000, 0x000000077bc80000, 0x00000007c0000000)
  eden space 236032K, 100% used [0x000000076b200000,0x0000000779880000,0x0000000779880000)
  from space 9728K, 18% used [0x0000000779880000,0x0000000779a40000,0x000000077a200000)
  to   space 4608K, 0% used [0x000000077b800000,0x000000077b800000,0x000000077bc80000)
 ParOldGen       total 101888K, used 59775K [0x00000006c1600000, 0x00000006c7980000, 0x000000076b200000)
  object space 101888K, 58% used [0x00000006c1600000,0x00000006c505fdd0,0x00000006c7980000)
 Metaspace       used 46546K, capacity 47682K, committed 48088K, reserved 1091584K
  class space    used 6320K, capacity 6563K, committed 6656K, reserved 1048576K
Event: 15.776 GC heap after
Heap after GC invocations=45 (full 3):
 PSYoungGen      total 267264K, used 2808K [0x000000076b200000, 0x000000077bc00000, 0x00000007c0000000)
  eden space 263168K, 0% used [0x000000076b200000,0x000000076b200000,0x000000077b300000)
  from space 4096K, 68% used [0x000000077b800000,0x000000077babe3f0,0x000000077bc00000)
  to   space 4608K, 0% used [0x000000077b300000,0x000000077b300000,0x000000077b780000)
 ParOldGen       total 101888K, used 59775K [0x00000006c1600000, 0x00000006c7980000, 0x000000076b200000)
  object space 101888K, 58% used [0x00000006c1600000,0x00000006c505fdd0,0x00000006c7980000)
 Metaspace       used 46546K, capacity 47682K, committed 48088K, reserved 1091584K
  class space    used 6320K, capacity 6563K, committed 6656K, reserved 1048576K
}
Event: 16.329 GC heap before
{Heap before GC invocations=46 (full 3):
 PSYoungGen      total 267264K, used 265976K [0x000000076b200000, 0x000000077bc00000, 0x00000007c0000000)
  eden space 263168K, 100% used [0x000000076b200000,0x000000077b300000,0x000000077b300000)
  from space 4096K, 68% used [0x000000077b800000,0x000000077babe3f0,0x000000077bc00000)
  to   space 4608K, 0% used [0x000000077b300000,0x000000077b300000,0x000000077b780000)
 ParOldGen       total 101888K, used 59775K [0x00000006c1600000, 0x00000006c7980000, 0x000000076b200000)
  object space 101888K, 58% used [0x00000006c1600000,0x00000006c505fdd0,0x00000006c7980000)
 Metaspace       used 46547K, capacity 47682K, committed 48088K, reserved 1091584K
  class space    used 6320K, capacity 6563K, committed 6656K, reserved 1048576K
Event: 16.331 GC heap after
Heap after GC invocations=46 (full 3):
 PSYoungGen      total 267776K, used 1856K [0x000000076b200000, 0x000000077d680000, 0x00000007c0000000)
  eden space 263168K, 0% used [0x000000076b200000,0x000000076b200000,0x000000077b300000)
  from space 4608K, 40% used [0x000000077b300000,0x000000077b4d0000,0x000000077b780000)
  to   space 4608K, 0% used [0x000000077d200000,0x000000077d200000,0x000000077d680000)
 ParOldGen       total 101888K, used 59791K [0x00000006c1600000, 0x00000006c7980000, 0x000000076b200000)
  object space 101888K, 58% used [0x00000006c1600000,0x00000006c5063dd0,0x00000006c7980000)
 Metaspace       used 46547K, capacity 47682K, committed 48088K, reserved 1091584K
  class space    used 6320K, capacity 6563K, committed 6656K, reserved 1048576K
}
Event: 16.688 GC heap before
{Heap before GC invocations=47 (full 3):
 PSYoungGen      total 267776K, used 265024K [0x000000076b200000, 0x000000077d680000, 0x00000007c0000000)
  eden space 263168K, 100% used [0x000000076b200000,0x000000077b300000,0x000000077b300000)
  from space 4608K, 40% used [0x000000077b300000,0x000000077b4d0000,0x000000077b780000)
  to   space 4608K, 0% used [0x000000077d200000,0x000000077d200000,0x000000077d680000)
 ParOldGen       total 101888K, used 59791K [0x00000006c1600000, 0x00000006c7980000, 0x000000076b200000)
  object space 101888K, 58% used [0x00000006c1600000,0x00000006c5063dd0,0x00000006c7980000)
 Metaspace       used 46609K, capacity 47762K, committed 48088K, reserved 1091584K
  class space    used 6331K, capacity 6603K, committed 6656K, reserved 1048576K
Event: 16.694 GC heap after
Heap after GC invocations=47 (full 3):
 PSYoungGen      total 295424K, used 1592K [0x000000076b200000, 0x000000077d700000, 0x00000007c0000000)
  eden space 290816K, 0% used [0x000000076b200000,0x000000076b200000,0x000000077ce00000)
  from space 4608K, 34% used [0x000000077d200000,0x000000077d38e398,0x000000077d680000)
  to   space 4096K, 0% used [0x000000077ce00000,0x000000077ce00000,0x000000077d200000)
 ParOldGen       total 101888K, used 59791K [0x00000006c1600000, 0x00000006c7980000, 0x000000076b200000)
  object space 101888K, 58% used [0x00000006c1600000,0x00000006c5063dd0,0x00000006c7980000)
 Metaspace       used 46609K, capacity 47762K, committed 48088K, reserved 1091584K
  class space    used 6331K, capacity 6603K, committed 6656K, reserved 1048576K
}

Deoptimization events (10 events):
Event: 9.012 Thread 0x0000000020c62000 Uncommon trap: reason=unstable_if action=reinterpret pc=0x0000000003e2ec4c method=com.alibaba.fastjson.parser.SymbolTable.addSymbol(Ljava/lang/String;III)Ljava/lang/String; @ 23
Event: 10.045 Thread 0x0000000020c62000 Uncommon trap: reason=unstable_if action=reinterpret pc=0x0000000003e789b8 method=org.apache.avro.generic.GenericData.toString(Ljava/lang/Object;Ljava/lang/StringBuilder;Ljava/util/IdentityHashMap;)V @ 480
Event: 10.348 Thread 0x0000000020c62000 Uncommon trap: reason=unstable_if action=reinterpret pc=0x0000000003e718e4 method=java.util.IdentityHashMap.put(Ljava/lang/Object;Ljava/lang/Object;)Ljava/lang/Object; @ 32
Event: 10.348 Thread 0x0000000020c62000 Uncommon trap: reason=unstable_if action=reinterpret pc=0x0000000003e6eea4 method=java.util.IdentityHashMap.remove(Ljava/lang/Object;)Ljava/lang/Object; @ 31
Event: 10.539 Thread 0x0000000020c62000 Uncommon trap: reason=unstable_if action=reinterpret pc=0x0000000003e27e04 method=com.alibaba.fastjson.parser.JSONLexerBase.scanString()V @ 863
Event: 10.539 Thread 0x0000000020c62000 Uncommon trap: reason=unstable_if action=reinterpret pc=0x0000000003f50990 method=com.alibaba.fastjson.parser.JSONLexerBase.putChar(C)V @ 9
Event: 10.948 Thread 0x0000000020c62000 Uncommon trap: reason=unstable_if action=reinterpret pc=0x0000000003f84c24 method=java.util.IdentityHashMap.put(Ljava/lang/Object;Ljava/lang/Object;)Ljava/lang/Object; @ 32
Event: 12.613 Thread 0x0000000020559800 Uncommon trap: reason=unstable_if action=reinterpret pc=0x00000000036453e8 method=akka.dispatch.AbstractNodeQueue.pollNode()Lakka/dispatch/AbstractNodeQueue$Node; @ 28
Event: 14.587 Thread 0x0000000020c5c800 Uncommon trap: reason=unstable_if action=reinterpret pc=0x0000000003ab4d84 method=scala.concurrent.forkjoin.ForkJoinPool.scan(Lscala/concurrent/forkjoin/ForkJoinPool$WorkQueue;)Lscala/concurrent/forkjoin/ForkJoinTask; @ 204
Event: 15.718 Thread 0x0000000020c62000 Uncommon trap: reason=unstable_if action=reinterpret pc=0x000000000400d6b4 method=com.esotericsoftware.kryo.util.IdentityObjectIntMap.getStash(Ljava/lang/Object;I)I @ 24

Classes redefined (0 events):
No events

Internal exceptions (10 events):
Event: 6.479 Thread 0x00000000205e8800 Exception <a 'java/lang/NoSuchMethodError': java.lang.Object.lambda$unchecked$0(Lorg/apache/flink/util/function/BiFunctionWithException;Ljava/lang/Object;Ljava/lang/Object;)Ljava/lang/Object;> (0x0000000770b3bc60) thrown at [C:\re\workspace\8-2-build-wind
Event: 6.510 Thread 0x0000000020c5c800 Exception <a 'java/lang/NoSuchMethodError': java.lang.Object.lambda$unchecked$0(Lorg/apache/flink/util/function/CheckedSupplier;)Ljava/lang/Object;> (0x0000000770cf2f88) thrown at [C:\re\workspace\8-2-build-windows-amd64-cygwin\jdk8u202\12323\hotspot\src\
Event: 6.511 Thread 0x0000000020c5c800 Exception <a 'java/lang/NoSuchMethodError': java.lang.Object.lambda$unchecked$0(Lorg/apache/flink/util/function/BiConsumerWithException;Ljava/lang/Object;Ljava/lang/Object;)V> (0x0000000770d09350) thrown at [C:\re\workspace\8-2-build-windows-amd64-cygwin\
Event: 6.760 Thread 0x0000000020550800 Exception <a 'java/lang/IncompatibleClassChangeError': Found class java.lang.Object, but interface was expected> (0x000000076c7107c0) thrown at [C:\re\workspace\8-2-build-windows-amd64-cygwin\jdk8u202\12323\hotspot\src\share\vm\interpreter\linkResolver.cp
Event: 6.771 Thread 0x0000000020550800 Exception <a 'java/lang/NoSuchMethodError': java.lang.Object.lambda$identity$2(Ljava/lang/Object;)Ljava/lang/Object;> (0x000000076c9f0550) thrown at [C:\re\workspace\8-2-build-windows-amd64-cygwin\jdk8u202\12323\hotspot\src\share\vm\interpreter\linkResolv
Event: 6.791 Thread 0x0000000020576800 Exception <a 'java/lang/NoSuchMethodError': java.lang.Object.of(Ljava/lang/Object;)Ljava/util/stream/Stream;> (0x000000076ccd3828) thrown at [C:\re\workspace\8-2-build-windows-amd64-cygwin\jdk8u202\12323\hotspot\src\share\vm\interpreter\linkResolver.cpp, 
Event: 6.792 Thread 0x0000000020576800 Exception <a 'java/lang/NoSuchMethodError': java.lang.Object.empty()Ljava/util/stream/Stream;> (0x000000076ccd8208) thrown at [C:\re\workspace\8-2-build-windows-amd64-cygwin\jdk8u202\12323\hotspot\src\share\vm\interpreter\linkResolver.cpp, line 620]
Event: 8.689 Thread 0x0000000020c62000 Exception <a 'java/io/FileNotFoundException'> (0x000000076d4c6738) thrown at [C:\re\workspace\8-2-build-windows-amd64-cygwin\jdk8u202\12323\hotspot\src\share\vm\prims\jni.cpp, line 710]
Event: 9.012 Thread 0x0000000020c62000 Implicit null exception at 0x0000000003e2e68c to 0x0000000003e2ec19
Event: 16.567 Thread 0x000000001f0d5000 Exception <a 'java/lang/NoSuchMethodError': <clinit>> (0x00000007793e3120) thrown at [C:\re\workspace\8-2-build-windows-amd64-cygwin\jdk8u202\12323\hotspot\src\share\vm\prims\jni.cpp, line 1614]

Events (10 events):
Event: 16.575 Thread 0x000000001f042800 flushing nmethod 0x0000000003def7d0
Event: 16.575 Thread 0x000000001f042800 flushing nmethod 0x0000000003dfced0
Event: 16.575 Thread 0x000000001f042800 flushing nmethod 0x0000000003e06dd0
Event: 16.575 Thread 0x000000001f042800 flushing nmethod 0x0000000003e0ac90
Event: 16.575 Thread 0x000000001f042800 flushing nmethod 0x0000000003e2e3d0
Event: 16.575 Thread 0x000000001f042800 flushing nmethod 0x0000000003e41910
Event: 16.587 Thread 0x000000001f0d5000 DEOPT PACKING pc=0x000000000360c261 sp=0x0000000021f3b9b0
Event: 16.587 Thread 0x000000001f0d5000 DEOPT UNPACKING pc=0x0000000003387890 sp=0x0000000021f3b6f8 mode 0
Event: 16.687 Executing VM operation: ParallelGCFailedAllocation
Event: 16.694 Executing VM operation: ParallelGCFailedAllocation done


Dynamic libraries:
0x00007ff6f3e60000 - 0x00007ff6f3e97000 	C:\Program Files\Java\jdk1.8.0_202\bin\java.exe
0x00007fff7aee0000 - 0x00007fff7b0d0000 	C:\WINDOWS\SYSTEM32\ntdll.dll
0x00007fff791a0000 - 0x00007fff79252000 	C:\WINDOWS\System32\KERNEL32.DLL
0x00007fff78be0000 - 0x00007fff78e83000 	C:\WINDOWS\System32\KERNELBASE.dll
0x00007fff7a600000 - 0x00007fff7a6a3000 	C:\WINDOWS\System32\ADVAPI32.dll
0x00007fff7a3e0000 - 0x00007fff7a47e000 	C:\WINDOWS\System32\msvcrt.dll
0x00007fff79790000 - 0x00007fff79827000 	C:\WINDOWS\System32\sechost.dll
0x00007fff7a220000 - 0x00007fff7a340000 	C:\WINDOWS\System32\RPCRT4.dll
0x00007fff7ad00000 - 0x00007fff7ae94000 	C:\WINDOWS\System32\USER32.dll
0x00007fff78bb0000 - 0x00007fff78bd1000 	C:\WINDOWS\System32\win32u.dll
0x00007fff79af0000 - 0x00007fff79b16000 	C:\WINDOWS\System32\GDI32.dll
0x00007fff78960000 - 0x00007fff78af4000 	C:\WINDOWS\System32\gdi32full.dll
0x00007fff78620000 - 0x00007fff786be000 	C:\WINDOWS\System32\msvcp_win.dll
0x00007fff78e90000 - 0x00007fff78f8a000 	C:\WINDOWS\System32\ucrtbase.dll
0x00007fff70dc0000 - 0x00007fff71045000 	C:\WINDOWS\WinSxS\amd64_microsoft.windows.common-controls_6595b64144ccf1df_6.0.18362.476_none_e6c4b11b130f2595\COMCTL32.dll
0x00007fff79310000 - 0x00007fff79646000 	C:\WINDOWS\System32\combase.dll
0x00007fff78830000 - 0x00007fff788b0000 	C:\WINDOWS\System32\bcryptPrimitives.dll
0x00007fff7a340000 - 0x00007fff7a36e000 	C:\WINDOWS\System32\IMM32.DLL
0x00000000594c0000 - 0x0000000059592000 	C:\Program Files\Java\jdk1.8.0_202\jre\bin\msvcr100.dll
0x0000000058c10000 - 0x00000000594b5000 	C:\Program Files\Java\jdk1.8.0_202\jre\bin\server\jvm.dll
0x00007fff7aba0000 - 0x00007fff7aba8000 	C:\WINDOWS\System32\PSAPI.DLL
0x00007fff439f0000 - 0x00007fff439f9000 	C:\WINDOWS\SYSTEM32\WSOCK32.dll
0x00007fff79650000 - 0x00007fff796bf000 	C:\WINDOWS\System32\WS2_32.dll
0x00007fff6e7e0000 - 0x00007fff6e804000 	C:\WINDOWS\SYSTEM32\WINMM.dll
0x00007fff737b0000 - 0x00007fff737ba000 	C:\WINDOWS\SYSTEM32\VERSION.dll
0x00007fff6e000000 - 0x00007fff6e02d000 	C:\WINDOWS\SYSTEM32\WINMMBASE.dll
0x00007fff788b0000 - 0x00007fff788fa000 	C:\WINDOWS\System32\cfgmgr32.dll
0x00007fff74150000 - 0x00007fff7415f000 	C:\Program Files\Java\jdk1.8.0_202\jre\bin\verify.dll
0x00007fff6ac40000 - 0x00007fff6ac69000 	C:\Program Files\Java\jdk1.8.0_202\jre\bin\java.dll
0x00007fff6ac10000 - 0x00007fff6ac33000 	C:\Program Files\Java\jdk1.8.0_202\jre\bin\instrument.dll
0x00007fff6b420000 - 0x00007fff6b436000 	C:\Program Files\Java\jdk1.8.0_202\jre\bin\zip.dll
0x00007fff79b20000 - 0x00007fff7a205000 	C:\WINDOWS\System32\SHELL32.dll
0x00007fff79a40000 - 0x00007fff79ae9000 	C:\WINDOWS\System32\shcore.dll
0x00007fff77e70000 - 0x00007fff785ee000 	C:\WINDOWS\System32\windows.storage.dll
0x00007fff77e50000 - 0x00007fff77e6f000 	C:\WINDOWS\System32\profapi.dll
0x00007fff77dc0000 - 0x00007fff77e0a000 	C:\WINDOWS\System32\powrprof.dll
0x00007fff77db0000 - 0x00007fff77dc0000 	C:\WINDOWS\System32\UMPDC.dll
0x00007fff79140000 - 0x00007fff79192000 	C:\WINDOWS\System32\shlwapi.dll
0x00007fff77e10000 - 0x00007fff77e21000 	C:\WINDOWS\System32\kernel.appcore.dll
0x00007fff786c0000 - 0x00007fff786d7000 	C:\WINDOWS\System32\cryptsp.dll
0x00007fff62b60000 - 0x00007fff62b7a000 	C:\Program Files\JetBrains\IntelliJ IDEA 2018.3.5\bin\breakgen64.dll
0x00007fff6ab80000 - 0x00007fff6ab9a000 	C:\Program Files\Java\jdk1.8.0_202\jre\bin\net.dll
0x00007fff6ddf0000 - 0x00007fff6dfc6000 	C:\WINDOWS\SYSTEM32\urlmon.dll
0x00007fff6d520000 - 0x00007fff6d7c6000 	C:\WINDOWS\SYSTEM32\iertutil.dll
0x00007fff777f0000 - 0x00007fff777fc000 	C:\WINDOWS\SYSTEM32\CRYPTBASE.DLL
0x00007fff77620000 - 0x00007fff77687000 	C:\WINDOWS\system32\mswsock.dll
0x00007fff71b90000 - 0x00007fff71b9d000 	C:\Program Files\Java\jdk1.8.0_202\jre\bin\management.dll
0x00007fff62e30000 - 0x00007fff62e42000 	C:\Program Files\Java\jdk1.8.0_202\jre\bin\nio.dll
0x00007fff54410000 - 0x00007fff54426000 	C:\WINDOWS\system32\napinsp.dll
0x00007fff543f0000 - 0x00007fff5440a000 	C:\WINDOWS\system32\pnrpnsp.dll
0x00007fff77370000 - 0x00007fff7743a000 	C:\WINDOWS\SYSTEM32\DNSAPI.dll
0x00007fff79130000 - 0x00007fff79138000 	C:\WINDOWS\System32\NSI.dll
0x00007fff77330000 - 0x00007fff7736a000 	C:\WINDOWS\SYSTEM32\IPHLPAPI.DLL
0x00007fff543e0000 - 0x00007fff543ee000 	C:\WINDOWS\System32\winrnr.dll
0x00007fff73e80000 - 0x00007fff73e9c000 	C:\WINDOWS\system32\NLAapi.dll
0x00007fff62f50000 - 0x00007fff62f65000 	C:\WINDOWS\system32\wshbth.dll
0x00007fff71b80000 - 0x00007fff71b8a000 	C:\Windows\System32\rasadhlp.dll
0x00007fff72840000 - 0x00007fff728b7000 	C:\WINDOWS\System32\fwpuclnt.dll
0x00007fff785f0000 - 0x00007fff78616000 	C:\WINDOWS\System32\bcrypt.dll
0x00007fff77190000 - 0x00007fff771c3000 	C:\WINDOWS\system32\rsaenh.dll
0x00007fff77cd0000 - 0x00007fff77cf5000 	C:\WINDOWS\SYSTEM32\USERENV.dll
0x00007fff73130000 - 0x00007fff73146000 	C:\WINDOWS\SYSTEM32\dhcpcsvc6.DLL
0x00007fff73660000 - 0x00007fff7367c000 	C:\WINDOWS\SYSTEM32\dhcpcsvc.DLL
0x00007fff62b30000 - 0x00007fff62b54000 	C:\Program Files\Java\jdk1.8.0_202\jre\bin\sunec.dll
0x0000000066f40000 - 0x0000000066f6d000 	C:\Users\hetao\AppData\Local\Temp\liblz4-java3151135724891160637.so
0x00007fff52c10000 - 0x00007fff52da9000 	C:\Program Files\Java\jdk1.8.0_202\jre\bin\awt.dll
0x00007fff7ac30000 - 0x00007fff7acf4000 	C:\WINDOWS\System32\OLEAUT32.dll
0x00007fff76060000 - 0x00007fff760ef000 	C:\WINDOWS\SYSTEM32\apphelp.dll

VM Arguments:
jvm_args: -javaagent:C:\Program Files\JetBrains\IntelliJ IDEA 2018.3.5\lib\idea_rt.jar=62585:C:\Program Files\JetBrains\IntelliJ IDEA 2018.3.5\bin -Dfile.encoding=UTF-8 
java_command: com.hetao101.SupervisionAnalyse.flink.ReportPush.ApplyReportPush
java_class_path (initial): C:\Users\hetao\AppData\Local\Temp\classpath26027947.jar;C:\Program Files\JetBrains\IntelliJ IDEA 2018.3.5\lib\idea_rt.jar
Launcher Type: SUN_STANDARD

Environment Variables:
JAVA_HOME=C:\Program Files\Java\jdk1.8.0_202
PATH=C:\;C:\Program Files (x86)\NetSarang\Xshell 6\;C:\WINDOWS\system32;C:\WINDOWS;C:\WINDOWS\System32\Wbem;C:\WINDOWS\System32\WindowsPowerShell\v1.0\;C:\Program Files\Java\jdk1.8.0_202\bin;C:\Program Files\Java\jdk1.8.0_202\lib;C:\apache-maven-3.6.1\bin;C:\Program Files (x86)\bin;C:\Program Files (x86)\scala\bin;C:\Program Files (x86)\scala\lib;;C:\WINDOWS\System32\OpenSSH\;C:\Users\hetao\AppData\Local\Microsoft\WindowsApps;
USERNAME=hetao
OS=Windows_NT
PROCESSOR_IDENTIFIER=Intel64 Family 6 Model 158 Stepping 9, GenuineIntel



---------------  S Y S T E M  ---------------

OS: Windows 10.0 , 64 bit Build 18362 (10.0.18362.329)

CPU:total 4 (initial active 4) (4 cores per cpu, 1 threads per core) family 6 model 158 stepping 9, cmov, cx8, fxsr, mmx, sse, sse2, sse3, ssse3, sse4.1, sse4.2, popcnt, avx, avx2, aes, clmul, erms, 3dnowpref, lzcnt, tsc, tscinvbit, bmi1, bmi2, adx

Memory: 4k page, physical 16683152k(1830432k free), swap 32032084k(5180k free)

vm_info: Java HotSpot(TM) 64-Bit Server VM (25.202-b08) for windows-amd64 JRE (1.8.0_202-b08), built on Dec 15 2018 19:54:30 by "java_re" with MS VC++ 10.0 (VS2010)

time: Fri Nov 29 14:27:01 2019
timezone: 中国标准时间
elapsed time: 16 seconds (0d 0h 0m 16s)

