#
# There is insufficient memory for the Java Runtime Environment to continue.
# Native memory allocation (mmap) failed to map 552960 bytes for card table expansion
# Possible reasons:
#   The system is out of physical RAM or swap space
#   The process is running with CompressedOops enabled, and the Java Heap may be blocking the growth of the native heap
# Possible solutions:
#   Reduce memory load on the system
#   Increase physical memory or swap space
#   Check if swap backing store is full
#   Decrease Java heap size (-Xmx/-Xms)
#   Decrease number of Java threads
#   Decrease Java thread stack sizes (-Xss)
#   Set larger code cache with -XX:ReservedCodeCacheSize=
#   JVM is running with Zero Based Compressed Oops mode in which the Java heap is
#     placed in the first 32GB address space. The Java Heap base address is the
#     maximum limit for the native heap growth. Please use -XX:HeapBaseMinAddress
#     to set the Java Heap base and to place the Java Heap above 32GB virtual address.
# This output file may be truncated or incomplete.
#
#  Out of Memory Error (os_windows.cpp:3371), pid=179432, tid=0x000000000002cdf4
#
# JRE version: Java(TM) SE Runtime Environment (8.0_202-b08) (build 1.8.0_202-b08)
# Java VM: Java HotSpot(TM) 64-Bit Server VM (25.202-b08 mixed mode windows-amd64 compressed oops)
# Failed to write core dump. Minidumps are not enabled by default on client versions of Windows
#

---------------  T H R E A D  ---------------

Current thread (0x000000001cb07800):  VMThread [stack: 0x000000001db90000,0x000000001dc90000] [id=183796]

Stack: [0x000000001db90000,0x000000001dc90000]
[error occurred during error reporting (printing stack bounds), id 0xc0000005]

Native frames: (J=compiled Java code, j=interpreted, Vv=VM code, C=native code)

VM_Operation (0x0000000041bd9460): CollectForMetadataAllocation, mode: safepoint, requested by thread 0x00000000212f8800


---------------  P R O C E S S  ---------------

Java Threads: ( => current thread )
  0x0000000020a53000 JavaThread "Kafka 0.10 Fetcher for Source: Custom Source -> Filter -> Map (2/4)" daemon [_thread_blocked, id=187656, stack(0x0000000042de0000,0x0000000042ee0000)]
  0x0000000020a54000 JavaThread "Kafka 0.10 Fetcher for Source: Custom Source -> Filter -> Map (3/4)" daemon [_thread_blocked, id=189380, stack(0x0000000042ce0000,0x0000000042de0000)]
  0x0000000020a5a000 JavaThread "Kafka 0.10 Fetcher for Source: Custom Source -> Filter -> Map (1/4)" daemon [_thread_blocked, id=187604, stack(0x0000000042be0000,0x0000000042ce0000)]
  0x0000000020a59000 JavaThread "Kafka 0.10 Fetcher for Source: Custom Source -> Filter -> Map (4/4)" daemon [_thread_blocked, id=189508, stack(0x0000000042ae0000,0x0000000042be0000)]
  0x0000000020a58800 JavaThread "Abandoned connection cleanup thread" daemon [_thread_blocked, id=183880, stack(0x0000000042fe0000,0x00000000430e0000)]
  0x0000000020a57000 JavaThread "OutputFlusher for Source: Custom Source -> Filter -> Map" daemon [_thread_blocked, id=178896, stack(0x00000000426e0000,0x00000000427e0000)]
  0x00000000212f7000 JavaThread "OutputFlusher for Source: Custom Source -> Filter -> Map" daemon [_thread_blocked, id=185140, stack(0x00000000425e0000,0x00000000426e0000)]
  0x00000000212f8000 JavaThread "OutputFlusher for Source: Custom Source -> Filter -> Map" daemon [_thread_blocked, id=182408, stack(0x00000000424e0000,0x00000000425e0000)]
  0x00000000212f3800 JavaThread "OutputFlusher for Source: Custom Source" daemon [_thread_blocked, id=188988, stack(0x00000000423e0000,0x00000000424e0000)]
  0x00000000212f6800 JavaThread "OutputFlusher for Source: Custom Source -> Filter -> Map" daemon [_thread_blocked, id=188936, stack(0x00000000422e0000,0x00000000423e0000)]
  0x00000000212f5800 JavaThread "Co-Process-Broadcast -> Sink: Unnamed (1/4)" [_thread_blocked, id=173376, stack(0x0000000041fe0000,0x00000000420e0000)]
  0x00000000212f5000 JavaThread "Co-Process-Broadcast -> Sink: Unnamed (2/4)" [_thread_blocked, id=186364, stack(0x0000000041ee0000,0x0000000041fe0000)]
  0x00000000212f4000 JavaThread "Co-Process-Broadcast -> Sink: Unnamed (3/4)" [_thread_blocked, id=188460, stack(0x0000000041de0000,0x0000000041ee0000)]
  0x00000000212f9800 JavaThread "Co-Process-Broadcast -> Sink: Unnamed (4/4)" [_thread_blocked, id=187052, stack(0x0000000041ce0000,0x0000000041de0000)]
  0x00000000212f2000 JavaThread "Source: Custom Source (1/1)" [_thread_blocked, id=19224, stack(0x0000000041be0000,0x0000000041ce0000)]
  0x00000000212f8800 JavaThread "Source: Custom Source -> Filter -> Map (3/4)" [_thread_blocked, id=188672, stack(0x0000000041ae0000,0x0000000041be0000)]
  0x00000000212ea000 JavaThread "Source: Custom Source -> Filter -> Map (4/4)" [_thread_blocked, id=172244, stack(0x00000000419e0000,0x0000000041ae0000)]
  0x00000000212f0800 JavaThread "CloseableReaperThread" daemon [_thread_blocked, id=189644, stack(0x00000000418e0000,0x00000000419e0000)]
  0x00000000212ef800 JavaThread "Source: Custom Source -> Filter -> Map (1/4)" [_thread_blocked, id=173216, stack(0x00000000417e0000,0x00000000418e0000)]
  0x00000000212ec800 JavaThread "Source: Custom Source -> Filter -> Map (2/4)" [_thread_blocked, id=186556, stack(0x00000000416e0000,0x00000000417e0000)]
  0x00000000212ed000 JavaThread "Flink-MetricRegistry-thread-1" daemon [_thread_blocked, id=187504, stack(0x00000000415e0000,0x00000000416e0000)]
  0x00000000212f1000 JavaThread "jobmanager-future-thread-4" daemon [_thread_blocked, id=185988, stack(0x00000000414e0000,0x00000000415e0000)]
  0x00000000212eb800 JavaThread "pool-1-thread-1" [_thread_blocked, id=189780, stack(0x00000000413e0000,0x00000000414e0000)]
  0x00000000212ef000 JavaThread "jobmanager-future-thread-3" daemon [_thread_blocked, id=178156, stack(0x00000000412e0000,0x00000000413e0000)]
  0x00000000212ee000 JavaThread "FlinkCompletableFutureDelayScheduler-thread-1" daemon [_thread_blocked, id=172492, stack(0x00000000411e0000,0x00000000412e0000)]
  0x00000000212eb000 JavaThread "jobmanager-future-thread-2" daemon [_thread_blocked, id=189368, stack(0x00000000410e0000,0x00000000411e0000)]
  0x000000002117a800 JavaThread "jobmanager-future-thread-1" daemon [_thread_blocked, id=168104, stack(0x0000000040de0000,0x0000000040ee0000)]
  0x0000000021181000 JavaThread "flink-rest-server-netty-boss-thread-1" daemon [_thread_in_native, id=168612, stack(0x0000000040ce0000,0x0000000040de0000)]
  0x000000002117c000 JavaThread "ObjectCleanerThread" daemon [_thread_blocked, id=188708, stack(0x0000000037aa0000,0x0000000037ba0000)]
  0x000000002117f800 JavaThread "IOManager reader thread #1" daemon [_thread_blocked, id=187764, stack(0x00000000369b0000,0x0000000036ab0000)]
  0x000000002117d800 JavaThread "IOManager writer thread #1" daemon [_thread_blocked, id=188748, stack(0x000000002f760000,0x000000002f860000)]
  0x000000002117c800 JavaThread "Timer-2" daemon [_thread_blocked, id=188244, stack(0x0000000025590000,0x0000000025690000)]
  0x0000000021180800 JavaThread "Timer-1" daemon [_thread_blocked, id=188520, stack(0x0000000025490000,0x0000000025590000)]
  0x000000002117b000 JavaThread "flink-akka.actor.default-dispatcher-5" [_thread_blocked, id=182684, stack(0x0000000025390000,0x0000000025490000)]
  0x000000002117f000 JavaThread "BLOB Server listener at 65359" daemon [_thread_in_native, id=187160, stack(0x0000000023b20000,0x0000000023c20000)]
  0x000000002117e000 JavaThread "Timer-0" daemon [_thread_blocked, id=190420, stack(0x0000000023a20000,0x0000000023b20000)]
  0x00000000206f6800 JavaThread "New I/O server boss #6" [_thread_in_native, id=183644, stack(0x0000000025290000,0x0000000025390000)]
  0x00000000206fc000 JavaThread "New I/O worker #5" [_thread_in_native, id=170044, stack(0x0000000025190000,0x0000000025290000)]
  0x00000000206fb000 JavaThread "New I/O worker #4" [_thread_in_native, id=126212, stack(0x0000000024f90000,0x0000000025090000)]
  0x00000000206f8000 JavaThread "New I/O boss #3" [_thread_in_native, id=190188, stack(0x0000000024e90000,0x0000000024f90000)]
  0x00000000206f7800 JavaThread "New I/O worker #2" [_thread_in_native, id=185760, stack(0x0000000024d90000,0x0000000024e90000)]
  0x00000000206fa800 JavaThread "New I/O worker #1" [_thread_in_native, id=183468, stack(0x0000000024c90000,0x0000000024d90000)]
  0x00000000206f9800 JavaThread "flink-metrics-akka.remote.default-remote-dispatcher-4" [_thread_blocked, id=165956, stack(0x0000000023720000,0x0000000023820000)]
  0x00000000206f6000 JavaThread "flink-metrics-akka.remote.default-remote-dispatcher-3" [_thread_blocked, id=183836, stack(0x0000000022450000,0x0000000022550000)]
  0x00000000206f9000 JavaThread "flink-metrics-2" [_thread_blocked, id=186828, stack(0x0000000022350000,0x0000000022450000)]
  0x00000000206fc800 JavaThread "flink-metrics-scheduler-1" [_thread_blocked, id=173068, stack(0x0000000022250000,0x0000000022350000)]
  0x00000000206de000 JavaThread "flink-akka.actor.default-dispatcher-4" [_thread_blocked, id=179792, stack(0x0000000022150000,0x0000000022250000)]
  0x0000000020697000 JavaThread "flink-akka.actor.default-dispatcher-3" [_thread_blocked, id=173020, stack(0x0000000022050000,0x0000000022150000)]
  0x0000000020901000 JavaThread "flink-akka.actor.default-dispatcher-2" [_thread_blocked, id=187928, stack(0x0000000021f50000,0x0000000022050000)]
  0x00000000208a6000 JavaThread "flink-scheduler-1" [_thread_blocked, id=190052, stack(0x0000000020260000,0x0000000020360000)]
  0x000000001f2ba800 JavaThread "Service Thread" daemon [_thread_blocked, id=170768, stack(0x0000000020060000,0x0000000020160000)]
  0x000000001f234800 JavaThread "C1 CompilerThread2" daemon [_thread_blocked, id=161448, stack(0x000000001ff60000,0x0000000020060000)]
  0x000000001f233000 JavaThread "C2 CompilerThread1" daemon [_thread_blocked, id=190360, stack(0x000000001fe60000,0x000000001ff60000)]
  0x000000001f204000 JavaThread "C2 CompilerThread0" daemon [_thread_blocked, id=186260, stack(0x000000001fd60000,0x000000001fe60000)]
  0x000000001f202000 JavaThread "Monitor Ctrl-Break" daemon [_thread_in_native, id=188664, stack(0x000000001fc60000,0x000000001fd60000)]
  0x000000001cb53000 JavaThread "Attach Listener" daemon [_thread_blocked, id=187476, stack(0x000000001e390000,0x000000001e490000)]
  0x000000001cb52000 JavaThread "Signal Dispatcher" daemon [_thread_blocked, id=186772, stack(0x000000001e290000,0x000000001e390000)]
  0x0000000003535000 JavaThread "Finalizer" daemon [_thread_blocked, id=189752, stack(0x000000001dd90000,0x000000001de90000)]
  0x0000000003532000 JavaThread "Reference Handler" daemon [_thread_blocked, id=183664, stack(0x000000001dc90000,0x000000001dd90000)]
  0x0000000003442800 JavaThread "main" [_thread_blocked, id=182464, stack(0x0000000003170000,0x0000000003270000)]

Other Threads:
=>0x000000001cb07800 VMThread [stack: 0x000000001db90000,0x000000001dc90000] [id=183796]
  0x000000001f307000 WatcherThread [stack: 0x0000000020160000,0x0000000020260000] [id=184560]

VM state:at safepoint (normal execution)

VM Mutex/Monitor currently owned by a thread:  ([mutex/lock_event])
[0x000000000306dbb0] Threads_lock - owner thread: 0x000000001cb07800
[0x000000000306dc30] Heap_lock - owner thread: 0x00000000212f8800

heap address: 0x00000006c1600000, size: 4074 MB, Compressed Oops mode: Zero based, Oop shift amount: 3
Narrow klass base: 0x0000000000000000, Narrow klass shift: 3
Compressed class space size: 1073741824 Address: 0x00000007c0000000

Heap:
 PSYoungGen      total 416256K, used 15205K [0x000000076b200000, 0x0000000796880000, 0x00000007c0000000)
  eden space 399360K, 0% used [0x000000076b200000,0x000000076b200000,0x0000000783800000)
  from space 16896K, 89% used [0x0000000783a80000,0x0000000784959598,0x0000000784b00000)
  to   space 13312K, 0% used [0x0000000784e80000,0x0000000784e80000,0x0000000785b80000)
 ParOldGen       total 84992K, used 12608K [0x00000006c1600000, 0x00000006c6900000, 0x000000076b200000)
  object space 84992K, 14% used [0x00000006c1600000,0x00000006c22502b0,0x00000006c6900000)
 Metaspace       used 45721K, capacity 46800K, committed 46936K, reserved 1089536K
  class space    used 6228K, capacity 6492K, committed 6528K, reserved 1048576K

Card table byte_map: [0x0000000012900000,0x0000000013100000] byte_map_base: 0x000000000f2f5000

Marking Bits: (ParMarkBitMap*) 0x0000000059435ce0
 Begin Bits: [0x0000000013a50000, 0x00000000179f8000)
 End Bits:   [0x00000000179f8000, 0x000000001b9a0000)

Polling page: 0x0000000000df0000

CodeCache: size=245760Kb used=12085Kb max_used=12102Kb free=233674Kb
 bounds [0x0000000003540000, 0x0000000004120000, 0x0000000012540000]
 total_blobs=4219 nmethods=3632 adapters=498
 compilation: enabled

Compilation events (10 events):
Event: 8.125 Thread 0x000000001f234800 3982       1       com.esotericsoftware.kryo.serializers.FieldSerializerConfig::isOptimizedGenerics (5 bytes)
Event: 8.125 Thread 0x000000001f234800 nmethod 3982 0x00000000040f5410 code [0x00000000040f5560, 0x00000000040f5670]
Event: 8.147 Thread 0x000000001f233000 nmethod 3971 0x0000000004119310 code [0x0000000004119500, 0x000000000411b428]
Event: 8.153 Thread 0x000000001f234800 3984       1       scala.reflect.ClassTag$::ObjectTYPE (5 bytes)
Event: 8.153 Thread 0x000000001f234800 nmethod 3984 0x00000000040f5150 code [0x00000000040f52a0, 0x00000000040f53b0]
Event: 8.153 Thread 0x000000001f234800 3985       1       scala.reflect.ClassTag$::NothingTYPE (5 bytes)
Event: 8.153 Thread 0x000000001f234800 nmethod 3985 0x00000000040f4e90 code [0x00000000040f4fe0, 0x00000000040f50f0]
Event: 8.153 Thread 0x000000001f234800 3986       1       scala.reflect.ClassTag$::NullTYPE (5 bytes)
Event: 8.153 Thread 0x000000001f234800 nmethod 3986 0x00000000040f4bd0 code [0x00000000040f4d20, 0x00000000040f4e30]
Event: 8.168 Thread 0x000000001f204000 3987   !   4       java.lang.ClassLoader::getPackage (118 bytes)

GC Heap History (10 events):
Event: 3.954 GC heap after
Heap after GC invocations=6 (full 1):
 PSYoungGen      total 141824K, used 6666K [0x000000076b200000, 0x000000077aa80000, 0x00000007c0000000)
  eden space 131072K, 0% used [0x000000076b200000,0x000000076b200000,0x0000000773200000)
  from space 10752K, 62% used [0x0000000773200000,0x0000000773882ac8,0x0000000773c80000)
  to   space 9728K, 0% used [0x000000077a100000,0x000000077a100000,0x000000077aa80000)
 ParOldGen       total 84992K, used 7525K [0x00000006c1600000, 0x00000006c6900000, 0x000000076b200000)
  object space 84992K, 8% used [0x00000006c1600000,0x00000006c1d596f8,0x00000006c6900000)
 Metaspace       used 27022K, capacity 27556K, committed 27776K, reserved 1073152K
  class space    used 3829K, capacity 3968K, committed 3968K, reserved 1048576K
}
Event: 3.979 GC heap before
{Heap before GC invocations=7 (full 1):
 PSYoungGen      total 141824K, used 13356K [0x000000076b200000, 0x000000077aa80000, 0x00000007c0000000)
  eden space 131072K, 5% used [0x000000076b200000,0x000000076b888718,0x0000000773200000)
  from space 10752K, 62% used [0x0000000773200000,0x0000000773882ac8,0x0000000773c80000)
  to   space 9728K, 0% used [0x000000077a100000,0x000000077a100000,0x000000077aa80000)
 ParOldGen       total 84992K, used 7525K [0x00000006c1600000, 0x00000006c6900000, 0x000000076b200000)
  object space 84992K, 8% used [0x00000006c1600000,0x00000006c1d596f8,0x00000006c6900000)
 Metaspace       used 27231K, capacity 27790K, committed 28160K, reserved 1073152K
  class space    used 3854K, capacity 3977K, committed 4096K, reserved 1048576K
Event: 3.981 GC heap after
Heap after GC invocations=7 (full 1):
 PSYoungGen      total 243712K, used 1652K [0x000000076b200000, 0x000000077ac80000, 0x00000007c0000000)
  eden space 233984K, 0% used [0x000000076b200000,0x000000076b200000,0x0000000779680000)
  from space 9728K, 16% used [0x000000077a100000,0x000000077a29d0e0,0x000000077aa80000)
  to   space 10752K, 0% used [0x0000000779680000,0x0000000779680000,0x000000077a100000)
 ParOldGen       total 84992K, used 7525K [0x00000006c1600000, 0x00000006c6900000, 0x000000076b200000)
  object space 84992K, 8% used [0x00000006c1600000,0x00000006c1d596f8,0x00000006c6900000)
 Metaspace       used 27231K, capacity 27790K, committed 28160K, reserved 1073152K
  class space    used 3854K, capacity 3977K, committed 4096K, reserved 1048576K
}
Event: 3.981 GC heap before
{Heap before GC invocations=8 (full 2):
 PSYoungGen      total 243712K, used 1652K [0x000000076b200000, 0x000000077ac80000, 0x00000007c0000000)
  eden space 233984K, 0% used [0x000000076b200000,0x000000076b200000,0x0000000779680000)
  from space 9728K, 16% used [0x000000077a100000,0x000000077a29d0e0,0x000000077aa80000)
  to   space 10752K, 0% used [0x0000000779680000,0x0000000779680000,0x000000077a100000)
 ParOldGen       total 84992K, used 7525K [0x00000006c1600000, 0x00000006c6900000, 0x000000076b200000)
  object space 84992K, 8% used [0x00000006c1600000,0x00000006c1d596f8,0x00000006c6900000)
 Metaspace       used 27231K, capacity 27790K, committed 28160K, reserved 1073152K
  class space    used 3854K, capacity 3977K, committed 4096K, reserved 1048576K
Event: 4.024 GC heap after
Heap after GC invocations=8 (full 2):
 PSYoungGen      total 243712K, used 0K [0x000000076b200000, 0x000000077ac80000, 0x00000007c0000000)
  eden space 233984K, 0% used [0x000000076b200000,0x000000076b200000,0x0000000779680000)
  from space 9728K, 0% used [0x000000077a100000,0x000000077a100000,0x000000077aa80000)
  to   space 10752K, 0% used [0x0000000779680000,0x0000000779680000,0x000000077a100000)
 ParOldGen       total 84992K, used 7305K [0x00000006c1600000, 0x00000006c6900000, 0x000000076b200000)
  object space 84992K, 8% used [0x00000006c1600000,0x00000006c1d22700,0x00000006c6900000)
 Metaspace       used 27231K, capacity 27790K, committed 28160K, reserved 1073152K
  class space    used 3854K, capacity 3977K, committed 4096K, reserved 1048576K
}
Event: 5.898 GC heap before
{Heap before GC invocations=9 (full 2):
 PSYoungGen      total 243712K, used 233984K [0x000000076b200000, 0x000000077ac80000, 0x00000007c0000000)
  eden space 233984K, 100% used [0x000000076b200000,0x0000000779680000,0x0000000779680000)
  from space 9728K, 0% used [0x000000077a100000,0x000000077a100000,0x000000077aa80000)
  to   space 10752K, 0% used [0x0000000779680000,0x0000000779680000,0x000000077a100000)
 ParOldGen       total 84992K, used 7305K [0x00000006c1600000, 0x00000006c6900000, 0x000000076b200000)
  object space 84992K, 8% used [0x00000006c1600000,0x00000006c1d22700,0x00000006c6900000)
 Metaspace       used 36469K, capacity 37476K, committed 37632K, reserved 1081344K
  class space    used 5091K, capacity 5314K, committed 5376K, reserved 1048576K
Event: 5.909 GC heap after
Heap after GC invocations=9 (full 2):
 PSYoungGen      total 244736K, used 10745K [0x000000076b200000, 0x0000000785b80000, 0x00000007c0000000)
  eden space 233984K, 0% used [0x000000076b200000,0x000000076b200000,0x0000000779680000)
  from space 10752K, 99% used [0x0000000779680000,0x000000077a0fe6b8,0x000000077a100000)
  to   space 13312K, 0% used [0x0000000784e80000,0x0000000784e80000,0x0000000785b80000)
 ParOldGen       total 84992K, used 9698K [0x00000006c1600000, 0x00000006c6900000, 0x000000076b200000)
  object space 84992K, 11% used [0x00000006c1600000,0x00000006c1f78830,0x00000006c6900000)
 Metaspace       used 36469K, capacity 37476K, committed 37632K, reserved 1081344K
  class space    used 5091K, capacity 5314K, committed 5376K, reserved 1048576K
}
Event: 7.559 GC heap before
{Heap before GC invocations=10 (full 2):
 PSYoungGen      total 244736K, used 244706K [0x000000076b200000, 0x0000000785b80000, 0x00000007c0000000)
  eden space 233984K, 99% used [0x000000076b200000,0x000000077967a1c0,0x0000000779680000)
  from space 10752K, 99% used [0x0000000779680000,0x000000077a0fe6b8,0x000000077a100000)
  to   space 13312K, 0% used [0x0000000784e80000,0x0000000784e80000,0x0000000785b80000)
 ParOldGen       total 84992K, used 9698K [0x00000006c1600000, 0x00000006c6900000, 0x000000076b200000)
  object space 84992K, 11% used [0x00000006c1600000,0x00000006c1f78830,0x00000006c6900000)
 Metaspace       used 43063K, capacity 44206K, committed 44288K, reserved 1087488K
  class space    used 5854K, capacity 6139K, committed 6144K, reserved 1048576K
Event: 7.571 GC heap after
Heap after GC invocations=10 (full 2):
 PSYoungGen      total 412672K, used 13286K [0x000000076b200000, 0x0000000785b80000, 0x00000007c0000000)
  eden space 399360K, 0% used [0x000000076b200000,0x000000076b200000,0x0000000783800000)
  from space 13312K, 99% used [0x0000000784e80000,0x0000000785b79850,0x0000000785b80000)
  to   space 16896K, 0% used [0x0000000783a80000,0x0000000783a80000,0x0000000784b00000)
 ParOldGen       total 84992K, used 12600K [0x00000006c1600000, 0x00000006c6900000, 0x000000076b200000)
  object space 84992K, 14% used [0x00000006c1600000,0x00000006c224e2b0,0x00000006c6900000)
 Metaspace       used 43063K, capacity 44206K, committed 44288K, reserved 1087488K
  class space    used 5854K, capacity 6139K, committed 6144K, reserved 1048576K
}
Event: 8.169 GC heap before
{Heap before GC invocations=11 (full 2):
 PSYoungGen      total 412672K, used 285110K [0x000000076b200000, 0x0000000785b80000, 0x00000007c0000000)
  eden space 399360K, 68% used [0x000000076b200000,0x000000077bb74020,0x0000000783800000)
  from space 13312K, 99% used [0x0000000784e80000,0x0000000785b79850,0x0000000785b80000)
  to   space 16896K, 0% used [0x0000000783a80000,0x0000000783a80000,0x0000000784b00000)
 ParOldGen       total 84992K, used 12600K [0x00000006c1600000, 0x00000006c6900000, 0x000000076b200000)
  object space 84992K, 14% used [0x00000006c1600000,0x00000006c224e2b0,0x00000006c6900000)
 Metaspace       used 45721K, capacity 46800K, committed 46936K, reserved 1089536K
  class space    used 6228K, capacity 6492K, committed 6528K, reserved 1048576K

Deoptimization events (10 events):
Event: 7.095 Thread 0x00000000212f2000 Uncommon trap: reason=class_check action=maybe_recompile pc=0x0000000003953ea8 method=java.util.jar.JarFile.getJarEntry(Ljava/lang/String;)Ljava/util/jar/JarEntry; @ 2
Event: 7.096 Thread 0x00000000212f2000 Uncommon trap: reason=class_check action=maybe_recompile pc=0x0000000003953ea8 method=java.util.jar.JarFile.getJarEntry(Ljava/lang/String;)Ljava/util/jar/JarEntry; @ 2
Event: 7.096 Thread 0x00000000212f2000 Uncommon trap: reason=class_check action=maybe_recompile pc=0x0000000003953ea8 method=java.util.jar.JarFile.getJarEntry(Ljava/lang/String;)Ljava/util/jar/JarEntry; @ 2
Event: 7.096 Thread 0x00000000212f2000 Uncommon trap: reason=class_check action=maybe_recompile pc=0x0000000003953ea8 method=java.util.jar.JarFile.getJarEntry(Ljava/lang/String;)Ljava/util/jar/JarEntry; @ 2
Event: 7.486 Thread 0x0000000020a54000 Uncommon trap: reason=unstable_if action=reinterpret pc=0x0000000003da71e0 method=java.io.WinNTFileSystem.resolve(Ljava/lang/String;Ljava/lang/String;)Ljava/lang/String; @ 117
Event: 7.729 Thread 0x00000000212f8800 Uncommon trap: reason=unstable_if action=reinterpret pc=0x0000000003eaaee0 method=java.util.Arrays.equals([B[B)Z @ 2
Event: 7.970 Thread 0x00000000212f8800 Uncommon trap: reason=unstable_if action=reinterpret pc=0x00000000040aa524 method=com.alibaba.fastjson.parser.JSONLexerBase.nextToken(I)V @ 102
Event: 7.970 Thread 0x00000000212f8800 Uncommon trap: reason=unstable_if action=reinterpret pc=0x000000000406c78c method=com.alibaba.fastjson.parser.SymbolTable.addSymbol(Ljava/lang/String;III)Ljava/lang/String; @ 23
Event: 7.970 Thread 0x00000000212f8800 Uncommon trap: reason=unstable_if action=reinterpret pc=0x000000000406941c method=com.alibaba.fastjson.parser.SymbolTable.addSymbol(Ljava/lang/String;III)Ljava/lang/String; @ 23
Event: 8.121 Thread 0x00000000212f8800 Uncommon trap: reason=unstable_if action=reinterpret pc=0x00000000040d2fec method=java.util.IdentityHashMap.capacity(I)I @ 13

Classes redefined (0 events):
No events

Internal exceptions (10 events):
Event: 5.659 Thread 0x0000000020697000 Exception <a 'java/lang/NoSuchMethodError': java.lang.Object.lambda$unchecked$0(Lorg/apache/flink/util/function/BiFunctionWithException;Ljava/lang/Object;Ljava/lang/Object;)Ljava/lang/Object;> (0x00000007773b0320) thrown at [C:\re\workspace\8-2-build-wind
Event: 5.680 Thread 0x0000000020697000 Exception <a 'java/lang/NoSuchMethodError': java.lang.Object.lambda$unchecked$0(Lorg/apache/flink/util/function/CheckedSupplier;)Ljava/lang/Object;> (0x0000000777543100) thrown at [C:\re\workspace\8-2-build-windows-amd64-cygwin\jdk8u202\12323\hotspot\src\
Event: 5.681 Thread 0x0000000020697000 Exception <a 'java/lang/NoSuchMethodError': java.lang.Object.lambda$unchecked$0(Lorg/apache/flink/util/function/BiConsumerWithException;Ljava/lang/Object;Ljava/lang/Object;)V> (0x00000007775594b8) thrown at [C:\re\workspace\8-2-build-windows-amd64-cygwin\
Event: 5.859 Thread 0x000000002117b000 Exception <a 'java/lang/IncompatibleClassChangeError': Found class java.lang.Object, but interface was expected> (0x0000000779119e48) thrown at [C:\re\workspace\8-2-build-windows-amd64-cygwin\jdk8u202\12323\hotspot\src\share\vm\interpreter\linkResolver.cp
Event: 5.874 Thread 0x000000002117b000 Exception <a 'java/lang/NoSuchMethodError': java.lang.Object.lambda$identity$2(Ljava/lang/Object;)Ljava/lang/Object;> (0x00000007793942a8) thrown at [C:\re\workspace\8-2-build-windows-amd64-cygwin\jdk8u202\12323\hotspot\src\share\vm\interpreter\linkResolv
Event: 5.921 Thread 0x0000000020901000 Exception <a 'java/lang/NoSuchMethodError': java.lang.Object.of(Ljava/lang/Object;)Ljava/util/stream/Stream;> (0x000000076b2c8648) thrown at [C:\re\workspace\8-2-build-windows-amd64-cygwin\jdk8u202\12323\hotspot\src\share\vm\interpreter\linkResolver.cpp, 
Event: 5.922 Thread 0x0000000020901000 Exception <a 'java/lang/NoSuchMethodError': java.lang.Object.empty()Ljava/util/stream/Stream;> (0x000000076b2cd028) thrown at [C:\re\workspace\8-2-build-windows-amd64-cygwin\jdk8u202\12323\hotspot\src\share\vm\interpreter\linkResolver.cpp, line 620]
Event: 7.728 Thread 0x00000000212f8800 Exception <a 'java/io/FileNotFoundException'> (0x0000000770c32f90) thrown at [C:\re\workspace\8-2-build-windows-amd64-cygwin\jdk8u202\12323\hotspot\src\share\vm\prims\jni.cpp, line 710]
Event: 7.970 Thread 0x00000000212f8800 Implicit null exception at 0x000000000406c1cc to 0x000000000406c759
Event: 7.970 Thread 0x00000000212f8800 Implicit null exception at 0x000000000406907b to 0x00000000040693f1

Events (10 events):
Event: 8.167 loading class com/twitter/chill/Tuple20Serializer done
Event: 8.167 loading class com/twitter/chill/Tuple21Serializer
Event: 8.167 loading class com/twitter/chill/Tuple21Serializer done
Event: 8.168 loading class com/twitter/chill/Tuple22Serializer
Event: 8.168 loading class com/twitter/chill/Tuple22Serializer done
Event: 8.168 loading class com/twitter/chill/Tuple1LongSerializer
Event: 8.168 loading class com/twitter/chill/Tuple1LongSerializer done
Event: 8.168 loading class com/twitter/chill/Tuple1IntSerializer
Event: 8.168 loading class com/twitter/chill/Tuple1IntSerializer done
Event: 8.169 Executing VM operation: CollectForMetadataAllocation


Dynamic libraries:
0x00007ff6f3e60000 - 0x00007ff6f3e97000 	C:\Program Files\Java\jdk1.8.0_202\bin\java.exe
0x00007fff7aee0000 - 0x00007fff7b0d0000 	C:\WINDOWS\SYSTEM32\ntdll.dll
0x00007fff791a0000 - 0x00007fff79252000 	C:\WINDOWS\System32\KERNEL32.DLL
0x00007fff78be0000 - 0x00007fff78e83000 	C:\WINDOWS\System32\KERNELBASE.dll
0x00007fff7a600000 - 0x00007fff7a6a3000 	C:\WINDOWS\System32\ADVAPI32.dll
0x00007fff7a3e0000 - 0x00007fff7a47e000 	C:\WINDOWS\System32\msvcrt.dll
0x00007fff79790000 - 0x00007fff79827000 	C:\WINDOWS\System32\sechost.dll
0x00007fff7a220000 - 0x00007fff7a340000 	C:\WINDOWS\System32\RPCRT4.dll
0x00007fff7ad00000 - 0x00007fff7ae94000 	C:\WINDOWS\System32\USER32.dll
0x00007fff78bb0000 - 0x00007fff78bd1000 	C:\WINDOWS\System32\win32u.dll
0x00007fff79af0000 - 0x00007fff79b16000 	C:\WINDOWS\System32\GDI32.dll
0x00007fff78960000 - 0x00007fff78af4000 	C:\WINDOWS\System32\gdi32full.dll
0x00007fff78620000 - 0x00007fff786be000 	C:\WINDOWS\System32\msvcp_win.dll
0x00007fff78e90000 - 0x00007fff78f8a000 	C:\WINDOWS\System32\ucrtbase.dll
0x00007fff70dc0000 - 0x00007fff71045000 	C:\WINDOWS\WinSxS\amd64_microsoft.windows.common-controls_6595b64144ccf1df_6.0.18362.476_none_e6c4b11b130f2595\COMCTL32.dll
0x00007fff79310000 - 0x00007fff79646000 	C:\WINDOWS\System32\combase.dll
0x00007fff78830000 - 0x00007fff788b0000 	C:\WINDOWS\System32\bcryptPrimitives.dll
0x00007fff7a340000 - 0x00007fff7a36e000 	C:\WINDOWS\System32\IMM32.DLL
0x00000000594c0000 - 0x0000000059592000 	C:\Program Files\Java\jdk1.8.0_202\jre\bin\msvcr100.dll
0x0000000058c10000 - 0x00000000594b5000 	C:\Program Files\Java\jdk1.8.0_202\jre\bin\server\jvm.dll
0x00007fff7aba0000 - 0x00007fff7aba8000 	C:\WINDOWS\System32\PSAPI.DLL
0x00007fff439f0000 - 0x00007fff439f9000 	C:\WINDOWS\SYSTEM32\WSOCK32.dll
0x00007fff79650000 - 0x00007fff796bf000 	C:\WINDOWS\System32\WS2_32.dll
0x00007fff6e7e0000 - 0x00007fff6e804000 	C:\WINDOWS\SYSTEM32\WINMM.dll
0x00007fff737b0000 - 0x00007fff737ba000 	C:\WINDOWS\SYSTEM32\VERSION.dll
0x00007fff6e000000 - 0x00007fff6e02d000 	C:\WINDOWS\SYSTEM32\WINMMBASE.dll
0x00007fff788b0000 - 0x00007fff788fa000 	C:\WINDOWS\System32\cfgmgr32.dll
0x00007fff74150000 - 0x00007fff7415f000 	C:\Program Files\Java\jdk1.8.0_202\jre\bin\verify.dll
0x00007fff62b50000 - 0x00007fff62b79000 	C:\Program Files\Java\jdk1.8.0_202\jre\bin\java.dll
0x00007fff62b00000 - 0x00007fff62b23000 	C:\Program Files\Java\jdk1.8.0_202\jre\bin\instrument.dll
0x00007fff62b30000 - 0x00007fff62b46000 	C:\Program Files\Java\jdk1.8.0_202\jre\bin\zip.dll
0x00007fff79b20000 - 0x00007fff7a205000 	C:\WINDOWS\System32\SHELL32.dll
0x00007fff79a40000 - 0x00007fff79ae9000 	C:\WINDOWS\System32\shcore.dll
0x00007fff77e70000 - 0x00007fff785ee000 	C:\WINDOWS\System32\windows.storage.dll
0x00007fff77e50000 - 0x00007fff77e6f000 	C:\WINDOWS\System32\profapi.dll
0x00007fff77dc0000 - 0x00007fff77e0a000 	C:\WINDOWS\System32\powrprof.dll
0x00007fff77db0000 - 0x00007fff77dc0000 	C:\WINDOWS\System32\UMPDC.dll
0x00007fff79140000 - 0x00007fff79192000 	C:\WINDOWS\System32\shlwapi.dll
0x00007fff77e10000 - 0x00007fff77e21000 	C:\WINDOWS\System32\kernel.appcore.dll
0x00007fff786c0000 - 0x00007fff786d7000 	C:\WINDOWS\System32\cryptsp.dll
0x00007fff62890000 - 0x00007fff628aa000 	C:\Program Files\JetBrains\IntelliJ IDEA 2018.3.5\bin\breakgen64.dll
0x00007fff62ae0000 - 0x00007fff62afa000 	C:\Program Files\Java\jdk1.8.0_202\jre\bin\net.dll
0x00007fff6ddf0000 - 0x00007fff6dfc6000 	C:\WINDOWS\SYSTEM32\urlmon.dll
0x00007fff6d520000 - 0x00007fff6d7c6000 	C:\WINDOWS\SYSTEM32\iertutil.dll
0x00007fff777f0000 - 0x00007fff777fc000 	C:\WINDOWS\SYSTEM32\CRYPTBASE.DLL
0x00007fff77620000 - 0x00007fff77687000 	C:\WINDOWS\system32\mswsock.dll
0x00007fff71b90000 - 0x00007fff71b9d000 	C:\Program Files\Java\jdk1.8.0_202\jre\bin\management.dll
0x00007fff629f0000 - 0x00007fff62a02000 	C:\Program Files\Java\jdk1.8.0_202\jre\bin\nio.dll
0x00007fff54410000 - 0x00007fff54426000 	C:\WINDOWS\system32\napinsp.dll
0x00007fff543f0000 - 0x00007fff5440a000 	C:\WINDOWS\system32\pnrpnsp.dll
0x00007fff77370000 - 0x00007fff7743a000 	C:\WINDOWS\SYSTEM32\DNSAPI.dll
0x00007fff79130000 - 0x00007fff79138000 	C:\WINDOWS\System32\NSI.dll
0x00007fff77330000 - 0x00007fff7736a000 	C:\WINDOWS\SYSTEM32\IPHLPAPI.DLL
0x00007fff543e0000 - 0x00007fff543ee000 	C:\WINDOWS\System32\winrnr.dll
0x00007fff73e80000 - 0x00007fff73e9c000 	C:\WINDOWS\system32\NLAapi.dll
0x00007fff62f50000 - 0x00007fff62f65000 	C:\WINDOWS\system32\wshbth.dll
0x00007fff71b80000 - 0x00007fff71b8a000 	C:\Windows\System32\rasadhlp.dll
0x00007fff72840000 - 0x00007fff728b7000 	C:\WINDOWS\System32\fwpuclnt.dll
0x00007fff785f0000 - 0x00007fff78616000 	C:\WINDOWS\System32\bcrypt.dll
0x00007fff77190000 - 0x00007fff771c3000 	C:\WINDOWS\system32\rsaenh.dll
0x00007fff77cd0000 - 0x00007fff77cf5000 	C:\WINDOWS\SYSTEM32\USERENV.dll
0x00007fff73130000 - 0x00007fff73146000 	C:\WINDOWS\SYSTEM32\dhcpcsvc6.DLL
0x00007fff73660000 - 0x00007fff7367c000 	C:\WINDOWS\SYSTEM32\dhcpcsvc.DLL
0x00007fff61cf0000 - 0x00007fff61d14000 	C:\Program Files\Java\jdk1.8.0_202\jre\bin\sunec.dll
0x0000000066f40000 - 0x0000000066f6d000 	C:\Users\hetao\AppData\Local\Temp\liblz4-java8460175683122319158.so
0x00007fff52290000 - 0x00007fff52429000 	C:\Program Files\Java\jdk1.8.0_202\jre\bin\awt.dll
0x00007fff7ac30000 - 0x00007fff7acf4000 	C:\WINDOWS\System32\OLEAUT32.dll
0x00007fff76060000 - 0x00007fff760ef000 	C:\WINDOWS\SYSTEM32\apphelp.dll

VM Arguments:
jvm_args: -javaagent:C:\Program Files\JetBrains\IntelliJ IDEA 2018.3.5\lib\idea_rt.jar=65340:C:\Program Files\JetBrains\IntelliJ IDEA 2018.3.5\bin -Dfile.encoding=UTF-8 
java_command: com.hetao101.SupervisionAnalyse.flink.ReportPush.ApplyReportPush
java_class_path (initial): C:\Users\hetao\AppData\Local\Temp\classpath1876687310.jar;C:\Program Files\JetBrains\IntelliJ IDEA 2018.3.5\lib\idea_rt.jar
Launcher Type: SUN_STANDARD

Environment Variables:
JAVA_HOME=C:\Program Files\Java\jdk1.8.0_202
PATH=C:\;C:\Program Files (x86)\NetSarang\Xshell 6\;C:\WINDOWS\system32;C:\WINDOWS;C:\WINDOWS\System32\Wbem;C:\WINDOWS\System32\WindowsPowerShell\v1.0\;C:\Program Files\Java\jdk1.8.0_202\bin;C:\Program Files\Java\jdk1.8.0_202\lib;C:\apache-maven-3.6.1\bin;C:\Program Files (x86)\bin;C:\Program Files (x86)\scala\bin;C:\Program Files (x86)\scala\lib;;C:\WINDOWS\System32\OpenSSH\;C:\Users\hetao\AppData\Local\Microsoft\WindowsApps;
USERNAME=hetao
OS=Windows_NT
PROCESSOR_IDENTIFIER=Intel64 Family 6 Model 158 Stepping 9, GenuineIntel



---------------  S Y S T E M  ---------------

OS: Windows 10.0 , 64 bit Build 18362 (10.0.18362.329)

CPU:total 4 (initial active 4) (4 cores per cpu, 1 threads per core) family 6 model 158 stepping 9, cmov, cx8, fxsr, mmx, sse, sse2, sse3, ssse3, sse4.1, sse4.2, popcnt, avx, avx2, aes, clmul, erms, 3dnowpref, lzcnt, tsc, tscinvbit, bmi1, bmi2, adx

Memory: 4k page, physical 16683152k(2507660k free), swap 32032084k(5380k free)

vm_info: Java HotSpot(TM) 64-Bit Server VM (25.202-b08) for windows-amd64 JRE (1.8.0_202-b08), built on Dec 15 2018 19:54:30 by "java_re" with MS VC++ 10.0 (VS2010)

time: Fri Nov 29 10:30:26 2019
timezone: 中国标准时间
elapsed time: 8 seconds (0d 0h 0m 8s)

