JvmtiExport can_access_local_variables 0
JvmtiExport can_hotswap_or_post_breakpoint 0
JvmtiExport can_post_on_exceptions 0
# 354 ciObject found
ciMethod java/lang/Object <init> ()V 4097 1 219628 0 96
ciMethod java/lang/Object hashCode ()I 9217 1 1152 0 -1
ciMethod java/lang/Object equals (Ljava/lang/Object;)Z 913 1 4176 0 -1
ciMethod java/lang/String <init> ([CII)V 4097 1 5645 0 704
ciMethod java/lang/String <init> ([BIILjava/lang/String;)V 2073 1 521 0 -1
ciMethod java/lang/String <init> ([CZ)V 4097 1 11034 0 0
ciMethod java/lang/String length ()I 4097 1 113836 0 64
ciMethod java/lang/String charAt (I)C 4097 1 569437 0 -1
ciMethod java/lang/String codePointAt (I)I 1 1 1890 0 -1
ciMethod java/lang/String getChars ([CI)V 2041 1 5416 0 0
ciMethod java/lang/String equals (Ljava/lang/Object;)Z 4097 10745 12809 0 -1
ciMethod java/lang/String equalsIgnoreCase (Ljava/lang/String;)Z 4097 1 5647 0 -1
ciMethod java/lang/String startsWith (Ljava/lang/String;I)Z 4097 4793 6881 0 416
ciMethod java/lang/String endsWith (Ljava/lang/String;)Z 4097 1 18728 0 416
ciMethod java/lang/String hashCode ()I 2801 32769 2540 0 416
ciMethod java/lang/String lastIndexOf (I)I 4097 1 18126 0 288
ciMethod java/lang/String lastIndexOf (II)I 1625 131073 1239 0 288
ciMethod java/lang/String lastIndexOfSupplementary (II)I 0 0 1 0 -1
ciMethod java/lang/String substring (II)Ljava/lang/String; 4097 1 5675 0 992
ciMethod java/lang/String concat (Ljava/lang/String;)Ljava/lang/String; 2049 1 5404 0 896
ciMethod java/lang/String replace (CC)Ljava/lang/String; 8193 411457 1676 0 1088
ciMethod java/lang/String toUpperCase (Ljava/util/Locale;)Ljava/lang/String; 849 21521 508 0 -1
ciMethod java/lang/ClassLoader definePackage (Ljava/lang/String;Ljava/lang/String;Ljava/lang/String;Ljava/lang/String;Ljava/lang/String;Ljava/lang/String;Ljava/lang/String;Ljava/net/URL;)Ljava/lang/Package; 401 1 204 0 -1
ciMethod java/lang/ClassLoader getPackage (Ljava/lang/String;)Ljava/lang/Package; 2049 1 3295 0 0
ciMethod java/lang/System nanoTime ()J 7169 1 896 0 -1
ciMethod java/lang/System arraycopy (Ljava/lang/Object;ILjava/lang/Object;II)V 150529 1 18816 0 -1
ciMethod java/lang/Throwable addSuppressed (Ljava/lang/Throwable;)V 0 0 1 0 -1
ciMethod java/security/SecureClassLoader defineClass (Ljava/lang/String;[BIILjava/security/CodeSource;)Ljava/lang/Class; 2481 1 2680 0 -1
ciMethod java/security/SecureClassLoader defineClass (Ljava/lang/String;Ljava/nio/ByteBuffer;Ljava/security/CodeSource;)Ljava/lang/Class; 0 0 1 0 -1
ciMethod java/lang/ref/Reference get ()Ljava/lang/Object; 11265 1 1408 0 -1
ciMethod java/lang/ref/Reference <init> (Ljava/lang/Object;)V 2121 1 3068 0 0
ciMethod java/lang/ref/Reference <init> (Ljava/lang/Object;Ljava/lang/ref/ReferenceQueue;)V 4097 1 13023 0 128
ciMethod java/lang/ref/SoftReference <init> (Ljava/lang/Object;)V 1689 1 839 0 0
ciMethod java/lang/ref/SoftReference get ()Ljava/lang/Object; 4097 1 6289 0 0
ciMethod java/util/Map get (Ljava/lang/Object;)Ljava/lang/Object; 0 0 1 0 -1
ciMethod java/util/Map put (Ljava/lang/Object;Ljava/lang/Object;)Ljava/lang/Object; 0 0 1 0 -1
ciMethod java/util/Hashtable <init> (I)V 89 1 11 0 -1
ciMethod java/util/Hashtable <init> ()V 745 1 93 0 -1
ciMethod sun/misc/Unsafe ensureClassInitialized (Ljava/lang/Class;)V 1457 1 182 0 -1
ciMethod java/io/ByteArrayInputStream <init> ([B)V 33 1 4 0 0
ciMethod java/io/InputStream <init> ()V 4097 1 6209 0 -1
ciMethod java/io/InputStream close ()V 0 0 1 0 -1
ciMethod java/net/URLClassLoader getAndVerifyPackage (Ljava/lang/String;Ljava/util/jar/Manifest;Ljava/net/URL;)Ljava/lang/Package; 2049 1 2687 0 0
ciMethod java/net/URLClassLoader definePackageInternal (Ljava/lang/String;Ljava/util/jar/Manifest;Ljava/net/URL;)V 2049 1 2680 0 0
ciMethod java/net/URLClassLoader defineClass (Ljava/lang/String;Lsun/misc/Resource;)Ljava/lang/Class; 1465 1 2680 0 0
ciMethod java/net/URLClassLoader definePackage (Ljava/lang/String;Ljava/util/jar/Manifest;Ljava/net/URL;)Ljava/lang/Package; 361 1 199 0 -1
ciMethod java/net/URLClassLoader isSealed (Ljava/lang/String;Ljava/util/jar/Manifest;)Z 1617 1 2472 0 0
ciMethod java/net/URLClassLoader access$000 (Ljava/net/URLClassLoader;)Lsun/misc/URLClassPath; 1137 1 142 0 0
ciMethod java/net/URLClassLoader access$100 (Ljava/net/URLClassLoader;Ljava/lang/String;Lsun/misc/Resource;)Ljava/lang/Class; 1465 1 2679 0 0
ciMethod java/util/jar/Manifest <init> (Ljava/io/InputStream;)V 153 1 29 0 0
ciMethod java/util/jar/Manifest <init> (Ljava/util/jar/JarVerifier;Ljava/io/InputStream;)V 177 1 32 0 0
ciMethod java/util/jar/Manifest getMainAttributes ()Ljava/util/jar/Attributes; 1025 1 128 0 0
ciMethod java/util/jar/Manifest getEntries ()Ljava/util/Map; 1025 1 128 0 0
ciMethod java/util/jar/Manifest getAttributes (Ljava/lang/String;)Ljava/util/jar/Attributes; 2049 1 2683 0 0
ciMethod java/util/jar/Manifest getTrustedAttributes (Ljava/lang/String;)Ljava/util/jar/Attributes; 3073 1 2671 0 0
ciMethod java/util/jar/Manifest read (Ljava/io/InputStream;)V 257 105 32 0 -1
ciMethod java/util/jar/Manifest parseName ([BI)Ljava/lang/String; 105 1 13 0 -1
ciMethod java/security/CodeSource <init> (Ljava/net/URL;[Ljava/security/CodeSigner;)V 2481 1 2680 0 -1
ciMethod java/lang/Character charCount (I)I 225 1 1371 0 -1
ciMethod java/lang/Character toChars (I[CI)I 0 0 1 0 -1
ciMethod java/lang/Character toChars (I)[C 0 0 1 0 -1
ciMethod java/lang/Character toUpperCaseEx (I)I 4097 1 12887 0 -1
ciMethod java/lang/Character toUpperCaseCharArray (I)[C 0 0 1 0 -1
ciMethod java/lang/Float isNaN (F)Z 4097 1 721 0 -1
ciMethod java/util/Comparator compare (Ljava/lang/Object;Ljava/lang/Object;)I 0 0 1 0 -1
ciMethod java/util/ArrayList <init> ()V 345 1 7725 0 -1
ciMethod java/util/AbstractMap <init> ()V 4097 1 3590 0 0
ciMethod sun/misc/SharedSecrets javaUtilJarAccess ()Lsun/misc/JavaUtilJarAccess; 3089 1 5686 0 0
ciMethod java/util/HashMap hash (Ljava/lang/Object;)I 4097 1 23378 0 160
ciMethod java/util/HashMap tableSizeFor (I)I 2049 1 379 0 -1
ciMethod java/util/HashMap <init> (IF)V 1785 1 223 0 0
ciMethod java/util/HashMap <init> (I)V 1689 1 211 0 0
ciMethod java/util/HashMap <init> ()V 849 1 2102 0 0
ciMethod java/util/HashMap get (Ljava/lang/Object;)Ljava/lang/Object; 4097 1 13792 0 0
ciMethod java/util/HashMap getNode (ILjava/lang/Object;)Ljava/util/HashMap$Node; 4097 65 13049 0 0
ciMethod java/util/HashMap put (Ljava/lang/Object;Ljava/lang/Object;)Ljava/lang/Object; 4097 1 6202 0 -1
ciMethod java/lang/Math max (II)I 4097 1 71117 0 -1
ciMethod java/lang/Math min (II)I 4097 1 62358 0 -1
ciMethod java/util/Arrays copyOf ([CI)[C 4097 1 13187 0 0
ciMethod java/util/Arrays copyOfRange ([CII)[C 4097 1 5669 0 512
ciMethod sun/misc/ASCIICaseInsensitiveComparator compare (Ljava/lang/String;Ljava/lang/String;)I 4097 6513 12941 0 -1
ciMethod sun/misc/ASCIICaseInsensitiveComparator lowerCaseHashCode (Ljava/lang/String;)I 1129 16833 444 0 0
ciMethod sun/misc/ASCIICaseInsensitiveComparator toLower (I)I 4097 1 31227 0 -1
ciMethod sun/misc/ASCIICaseInsensitiveComparator compare (Ljava/lang/Object;Ljava/lang/Object;)I 4097 1 13559 0 960
ciMethodData java/lang/String length ()I 2 113836 orig 264 104 147 15 83 0 0 0 0 24 60 201 27 0 0 0 0 32 1 0 0 0 0 0 0 0 0 0 0 0 0 0 0 0 0 0 0 0 0 0 0 0 0 0 0 0 0 0 0 0 0 0 0 0 0 0 0 0 0 0 0 0 0 0 0 0 0 0 0 0 0 0 0 0 0 0 0 0 0 0 0 77 68 79 32 101 120 116 114 97 32 100 97 116 97 32 108 111 99 107 0 0 0 0 0 0 0 0 0 0 0 0 0 0 0 0 0 0 0 0 0 0 0 0 0 0 0 0 0 0 0 0 0 0 0 0 0 0 0 0 0 0 0 0 0 0 0 0 0 0 0 0 0 0 0 0 0 0 0 0 0 0 0 0 0 0 0 0 0 0 0 0 0 0 0 0 0 0 0 0 0 0 0 0 0 1 0 0 0 0 0 0 0 0 0 0 0 0 0 0 0 1 0 0 0 0 0 0 0 0 0 0 0 0 0 0 0 0 2 0 0 97 213 13 0 1 0 0 0 0 0 0 0 0 0 0 0 2 0 0 0 0 0 0 0 0 0 0 0 0 0 0 0 255 255 255 255 0 0 0 0 0 0 0 0 data 0 oops 0
ciMethodData java/lang/Object <init> ()V 2 219628 orig 264 104 147 15 83 0 0 0 0 128 4 201 27 0 0 0 0 32 1 0 0 0 0 0 0 0 0 0 0 0 0 0 0 0 0 0 0 0 0 0 0 0 0 0 0 0 0 0 0 0 0 0 0 0 0 0 0 0 0 0 0 0 0 0 0 0 0 0 0 0 0 0 0 0 0 0 0 0 0 0 0 77 68 79 32 101 120 116 114 97 32 100 97 116 97 32 108 111 99 107 0 0 0 0 0 0 0 0 0 0 0 0 0 0 0 0 0 0 0 0 0 0 0 0 0 0 0 0 0 0 0 0 0 0 0 0 0 0 0 0 0 0 0 0 0 0 0 0 0 0 0 0 0 0 0 0 0 0 0 0 0 0 0 0 0 0 0 0 0 0 0 0 0 0 0 0 0 0 0 0 0 0 0 0 0 1 0 0 0 0 0 0 0 1 0 0 0 0 0 0 0 1 0 0 0 0 0 0 0 0 0 0 0 0 0 0 0 0 2 0 0 97 191 26 0 1 0 0 0 0 0 0 0 0 0 0 0 2 0 0 0 0 0 0 0 0 0 0 0 0 0 0 0 255 255 255 255 0 0 0 0 0 0 0 0 data 0 oops 0
ciMethod java/util/Locale getLanguage ()Ljava/lang/String; 4097 1 733 0 -1
ciMethod java/util/HashMap$TreeNode getTreeNode (ILjava/lang/Object;)Ljava/util/HashMap$TreeNode; 0 0 1 0 -1
ciMethodData java/lang/String hashCode ()I 2 93598 orig 264 104 147 15 83 0 0 0 0 184 79 201 27 0 0 0 0 152 1 0 0 32 0 0 0 0 0 0 0 0 0 0 0 0 0 0 0 0 0 0 0 0 0 0 0 0 0 0 0 0 0 0 0 0 0 0 0 0 0 0 0 0 0 0 0 0 0 0 0 0 0 0 0 0 0 0 0 0 0 0 0 77 68 79 32 101 120 116 114 97 32 100 97 116 97 32 108 111 99 107 0 0 0 0 0 0 0 0 0 0 0 0 0 0 0 0 0 0 0 0 0 0 0 0 0 0 0 0 0 0 0 0 0 0 0 0 0 0 0 0 0 0 0 0 0 0 0 0 0 0 0 0 0 0 0 0 0 0 0 0 0 0 0 0 0 0 0 0 0 0 0 0 0 0 0 0 0 0 0 0 0 0 0 0 0 0 0 0 0 0 0 0 0 0 0 0 0 0 0 0 0 0 0 0 0 0 0 0 0 0 0 0 0 0 0 0 0 0 16 0 0 113 68 0 0 241 236 10 0 0 0 0 0 0 0 0 0 2 0 0 0 0 0 0 0 0 0 0 0 120 0 0 0 255 255 255 255 7 0 6 0 0 0 0 0 data 15 0x60007 0x3c4 0x78 0x4ca 0xe0007 0x2 0x58 0x4c8 0x1e0007 0x4c7 0x38 0x15d7c 0x2d0003 0x15d7c 0xffffffffffffffe0 oops 0
ciMethod sun/misc/URLClassPath getResource (Ljava/lang/String;Z)Lsun/misc/Resource; 1121 123105 627 0 5376
ciMethod sun/misc/URLClassPath getLookupCache (Ljava/lang/String;)[I 1185 1 665 0 -1
ciMethod sun/misc/URLClassPath getNextLoader ([II)Lsun/misc/URLClassPath$Loader; 4097 1 8143 0 -1
ciMethod java/net/URLClassLoader$1 run ()Ljava/lang/Class; 2041 1 5375 0 -1
ciMethod sun/misc/URLClassPath$JarLoader access$600 (Lsun/misc/URLClassPath$JarLoader;)Ljava/net/URL; 4097 1 512 0 0
ciMethod sun/misc/URLClassPath$JarLoader access$700 (Lsun/misc/URLClassPath$JarLoader;)Ljava/util/jar/JarFile; 3113 1 389 0 0
ciMethod sun/misc/URLClassPath$Loader getBaseURL ()Ljava/net/URL; 1025 1 128 0 -1
ciMethod sun/misc/URLClassPath$Loader getResource (Ljava/lang/String;Z)Lsun/misc/Resource; 0 0 1 0 -1
ciMethod java/util/zip/ZipFile getEntry (J[BZ)J 17409 1 2176 0 -1
ciMethod java/util/zip/ZipFile getInputStream (Ljava/util/zip/ZipEntry;)Ljava/io/InputStream; 3073 1 3068 0 0
ciMethod java/util/zip/ZipFile getInflater ()Ljava/util/zip/Inflater; 2985 1 3053 0 -1
ciMethod java/util/zip/ZipFile ensureOpen ()V 4097 1 5755 0 -1
ciMethod java/util/zip/ZipFile getEntrySize (J)J 9233 1 1154 0 -1
ciMethod java/util/zip/ZipFile getEntryMethod (J)I 6153 1 769 0 -1
ciMethod java/util/jar/JarFile getManifest ()Ljava/util/jar/Manifest; 689 1 2669 0 0
ciMethod java/util/jar/JarFile getManifestFromReference ()Ljava/util/jar/Manifest; 689 1 2671 0 0
ciMethod java/util/jar/JarFile getMetaInfEntryNames ()[Ljava/lang/String; 345 1 43 0 -1
ciMethod java/util/jar/JarFile getJarEntry (Ljava/lang/String;)Ljava/util/jar/JarEntry; 4097 1 16601 0 -1
ciMethod java/util/jar/JarFile maybeInstantiateVerifier ()V 2049 833 5443 0 1120
ciMethod java/util/jar/JarFile initializeVerifier ()V 0 0 1 0 -1
ciMethod java/util/jar/JarFile getBytes (Ljava/util/zip/ZipEntry;)[B 2817 1 352 0 0
ciMethod java/util/jar/JarFile getManEntry ()Ljava/util/jar/JarEntry; 2977 1 382 0 0
ciMethod java/util/jar/JarFile ensureInitialization ()V 2057 1 2666 0 0
ciMethod sun/misc/JavaUtilJarAccess getTrustedAttributes (Ljava/util/jar/Manifest;Ljava/lang/String;)Ljava/util/jar/Attributes; 0 0 1 0 -1
ciMethod sun/misc/JavaUtilJarAccess ensureInitialization (Ljava/util/jar/JarFile;)V 0 0 1 0 -1
ciMethod java/util/jar/JavaUtilJarAccessImpl getTrustedAttributes (Ljava/util/jar/Manifest;Ljava/lang/String;)Ljava/util/jar/Attributes; 3073 1 2671 0 0
ciMethod java/util/jar/JavaUtilJarAccessImpl ensureInitialization (Ljava/util/jar/JarFile;)V 2057 1 2666 0 0
ciMethod java/util/zip/ZipCoder getBytes (Ljava/lang/String;)[B 4097 1 6710 0 -1
ciMethod java/util/zip/ZipCoder getBytesUTF8 (Ljava/lang/String;)[B 0 0 1 0 -1
ciMethod java/util/zip/ZipCoder isUTF8 ()Z 6145 1 768 0 -1
ciMethod sun/misc/PerfCounter addElapsedTimeFrom (J)V 4081 1 5474 0 -1
ciMethod sun/misc/PerfCounter getReadClassBytesTime ()Lsun/misc/PerfCounter; 2481 1 2680 0 -1
ciMethod java/util/zip/ZipEntry getSize ()J 3073 1 3021 0 -1
ciMethod java/util/zip/ZipFile$ZipFileInputStream <init> (Ljava/util/zip/ZipFile;J)V 3073 1 3069 0 -1
ciMethod java/util/zip/ZipFile$ZipFileInflaterInputStream <init> (Ljava/util/zip/ZipFile;Ljava/util/zip/ZipFile$ZipFileInputStream;Ljava/util/zip/Inflater;I)V 2985 1 3053 0 -1
ciMethod sun/misc/IOUtils readFully (Ljava/io/InputStream;IZ)[B 2817 4265 352 0 -1
ciMethod java/util/jar/JarVerifier <init> ([B)V 25 1 3 0 0
ciMethod java/util/jar/JarVerifier isTrustedManifestEntry (Ljava/lang/String;)Z 0 0 1 0 -1
ciMethod java/util/jar/JarVerifier$3 <init> (Ljava/util/jar/JarVerifier;)V 25 1 3 0 -1
ciMethod java/io/ByteArrayOutputStream <init> ()V 937 1 117 0 -1
ciMethod java/util/jar/Attributes <init> ()V 257 1 32 0 0
ciMethod java/util/jar/Attributes <init> (I)V 361 1 45 0 0
ciMethod java/util/jar/Attributes get (Ljava/lang/Object;)Ljava/lang/Object; 2089 1 3868 0 0
ciMethod java/util/jar/Attributes getValue (Ljava/util/jar/Attributes$Name;)Ljava/lang/String; 2089 1 3868 0 0
ciMethod java/util/jar/Attributes size ()I 105 1 13 0 -1
ciMethod java/util/jar/Attributes read (Ljava/util/jar/Manifest$FastInputStream;[B)V 361 64497 45 0 -1
ciMethod java/util/jar/Manifest$FastInputStream <init> (Ljava/io/InputStream;)V 257 1 32 0 -1
ciMethod java/util/jar/Manifest$FastInputStream peek ()B 4097 1 1266 0 -1
ciMethod java/util/jar/Manifest$FastInputStream readLine ([B)I 4097 1 1343 0 -1
ciMethod java/util/jar/Attributes$Name equals (Ljava/lang/Object;)Z 2057 1 875 0 0
ciMethod java/util/jar/Attributes$Name hashCode ()I 3073 1 4304 0 0
ciMethodData java/util/Arrays copyOfRange ([CII)[C 2 5669 orig 264 104 147 15 83 0 0 0 0 232 159 218 27 0 0 0 0 120 2 0 0 240 0 0 0 0 0 0 0 0 0 0 0 0 0 0 0 0 0 0 0 0 0 0 0 0 0 0 0 0 0 0 0 0 0 0 0 0 0 0 0 0 0 0 0 0 0 0 0 0 0 0 0 0 0 0 0 0 0 0 0 77 68 79 32 101 120 116 114 97 32 100 97 116 97 32 108 111 99 107 0 0 0 0 0 0 0 0 0 0 0 0 0 0 0 0 0 0 0 0 0 0 0 0 0 0 0 0 0 0 0 0 0 0 0 0 0 0 0 0 0 0 0 0 0 0 0 0 0 0 0 0 0 0 0 0 0 0 0 0 0 0 0 0 0 0 0 0 0 0 0 0 0 0 0 0 0 0 0 0 0 0 0 0 0 0 0 0 0 0 0 0 0 0 0 0 0 0 0 0 0 0 0 0 0 0 0 0 0 0 0 0 0 0 0 0 0 0 2 0 0 41 161 0 0 1 0 0 0 0 0 0 0 0 0 0 0 2 0 0 0 0 0 9 0 2 0 0 0 32 1 0 0 255 255 255 255 7 0 5 0 0 0 0 0 data 36 0x50007 0x1425 0x100 0x0 0x100002 0x0 0x140005 0x0 0x0 0x0 0x0 0x0 0x190005 0x0 0x0 0x0 0x0 0x0 0x1d0005 0x0 0x0 0x0 0x0 0x0 0x200005 0x0 0x0 0x0 0x0 0x0 0x230002 0x0 0x360002 0x1425 0x390002 0x1425 oops 0
ciMethodData java/lang/String <init> ([CII)V 2 5645 orig 264 104 147 15 83 0 0 0 0 88 49 201 27 0 0 0 0 80 2 0 0 208 0 0 0 0 0 0 0 0 0 0 0 0 0 0 0 0 0 0 0 0 0 0 0 0 0 0 0 0 0 0 0 0 0 0 0 0 0 0 0 0 0 0 0 0 0 0 0 0 0 0 0 0 0 0 0 0 0 0 0 77 68 79 32 101 120 116 114 97 32 100 97 116 97 32 108 111 99 107 0 0 0 0 0 0 0 0 0 0 0 0 0 0 0 0 0 0 0 0 0 0 0 0 0 0 0 0 0 0 0 0 0 0 0 0 0 0 0 0 0 0 0 0 0 0 0 0 0 0 0 0 0 0 0 0 0 0 0 0 0 0 0 0 0 0 0 0 0 0 0 0 0 0 0 0 0 0 0 0 0 0 0 0 0 0 0 0 0 0 0 0 0 0 0 0 0 0 0 0 0 0 0 0 0 0 0 0 0 0 0 0 0 0 0 0 0 0 2 0 0 105 160 0 0 1 0 0 0 0 0 0 0 0 0 0 0 2 0 0 0 0 0 14 0 2 0 0 0 240 0 0 0 255 255 255 255 2 0 1 0 0 0 0 0 data 30 0x10002 0x140d 0x50007 0x140d 0x30 0x0 0xd0002 0x0 0x120007 0x13fc 0x70 0x11 0x160007 0x11 0x30 0x0 0x1e0002 0x0 0x250007 0x0 0x20 0x11 0x370007 0x13fc 0x30 0x0 0x410002 0x0 0x4b0002 0x13fc oops 0
ciMethodData java/lang/String substring (II)Ljava/lang/String; 2 5675 orig 264 104 147 15 83 0 0 0 0 112 92 201 27 0 0 0 0 40 2 0 0 208 0 0 0 0 0 0 0 0 0 0 0 0 0 0 0 0 0 0 0 0 0 0 0 0 0 0 0 0 0 0 0 0 0 0 0 0 0 0 0 0 0 0 0 0 0 0 0 0 0 0 0 0 0 0 0 0 0 0 0 77 68 79 32 101 120 116 114 97 32 100 97 116 97 32 108 111 99 107 0 0 0 0 0 0 0 0 0 0 0 0 0 0 0 0 0 0 0 0 0 0 0 0 0 0 0 0 0 0 0 0 0 0 0 0 0 0 0 0 0 0 0 0 0 0 0 0 0 0 0 0 0 0 0 0 0 0 0 0 0 0 0 0 0 0 0 0 0 0 0 0 0 0 0 0 0 0 0 0 0 0 0 0 0 25 0 0 0 0 0 0 0 0 0 0 0 0 0 0 0 0 0 0 0 0 0 0 0 0 0 0 0 0 0 0 0 0 2 0 0 89 161 0 0 1 0 0 0 0 0 0 0 0 0 0 0 2 0 0 0 0 0 15 0 2 0 0 0 248 0 0 0 255 255 255 255 7 0 1 0 0 0 0 0 data 31 0x10007 0x142b 0x30 0x0 0x90002 0x0 0x130007 0x142b 0x30 0x0 0x1b0002 0x0 0x240007 0x142b 0x30 0x0 0x2c0002 0x0 0x310007 0x359 0x58 0x10d2 0x3a0007 0xc36 0x38 0x49c 0x3e0003 0x49c 0x28 0x4b0002 0xf8f oops 0
ciMethodData java/lang/String replace (CC)Ljava/lang/String; 2 109847 orig 264 104 147 15 83 0 0 0 0 240 94 201 27 0 0 0 0 136 2 0 0 40 1 0 0 0 0 0 0 0 0 0 0 0 0 0 0 0 0 0 0 0 0 0 0 0 0 0 0 0 0 0 0 0 0 0 0 0 0 0 0 0 0 0 0 0 0 0 0 0 0 0 0 0 0 0 0 0 0 0 0 77 68 79 32 101 120 116 114 97 32 100 97 116 97 32 108 111 99 107 0 0 0 0 0 0 0 0 0 0 0 0 0 0 0 0 0 0 0 0 0 0 0 0 0 0 0 0 0 0 0 0 0 0 0 0 0 0 0 0 0 0 0 0 0 0 0 0 0 0 0 0 0 0 0 0 0 0 0 0 0 0 0 0 0 0 0 0 0 0 0 0 0 0 0 0 0 0 0 0 0 0 0 0 0 25 0 0 0 0 0 0 0 0 0 0 0 0 0 0 0 1 0 0 0 0 0 0 0 1 0 0 0 0 0 0 0 0 72 0 0 97 20 0 0 121 33 7 0 0 0 0 0 0 0 0 0 2 0 0 0 3 0 20 0 2 0 0 0 80 1 0 0 255 255 255 255 7 0 2 0 0 0 0 0 data 42 0x20007 0x0 0x150 0x28c 0x1a0007 0xe5 0x58 0x5119 0x230007 0x4f72 0xffffffffffffffe0 0x1a7 0x260003 0x1a7 0x18 0x2c0007 0xe5 0xd8 0x1a7 0x3b0007 0x1a7 0x38 0x7b 0x4b0003 0x7b 0xffffffffffffffe0 0x510007 0x1a6 0x70 0x942e 0x620007 0x8684 0x38 0xdaa 0x660003 0xdaa 0x18 0x6f0003 0x942f 0xffffffffffffffa8 0x790002 0x1a6 oops 0
ciMethodData java/lang/String startsWith (Ljava/lang/String;I)Z 2 11674 orig 264 104 147 15 83 0 0 0 0 176 77 201 27 0 0 0 0 176 1 0 0 32 0 0 0 0 0 0 0 0 0 0 0 0 0 0 0 0 0 0 0 0 0 0 0 0 0 0 0 0 0 0 0 0 0 0 0 0 0 0 0 0 0 0 0 0 0 0 0 0 0 0 0 0 0 0 0 0 0 0 0 77 68 79 32 101 120 116 114 97 32 100 97 116 97 32 108 111 99 107 0 0 0 0 0 0 0 0 0 0 0 0 0 0 0 0 0 0 0 0 0 0 0 0 0 0 0 0 0 0 0 0 0 0 0 0 0 0 0 0 0 0 0 0 0 0 0 0 0 0 0 0 0 0 0 0 0 0 0 0 0 0 0 0 0 0 0 0 0 0 0 0 0 0 0 0 0 0 0 0 0 0 0 0 0 0 0 0 0 0 0 0 0 0 0 0 0 0 0 0 0 0 0 0 0 0 0 0 0 0 0 0 0 0 0 0 0 87 2 0 0 9 199 0 0 25 90 1 0 0 0 0 0 0 0 0 0 2 0 0 0 1 0 13 0 2 0 0 0 128 0 0 0 255 255 255 255 7 0 25 0 0 0 0 0 data 16 0x190007 0x11 0x40 0x18d0 0x250007 0x1856 0x20 0x7a 0x2f0007 0x1da 0x40 0x31f0 0x410007 0x1b74 0xffffffffffffffe0 0x167c oops 0
ciMethodData java/util/HashMap hash (Ljava/lang/Object;)I 2 23378 orig 264 104 147 15 83 0 0 0 0 72 136 215 27 0 0 0 0 176 1 0 0 32 0 0 0 0 0 0 0 0 0 0 0 0 0 0 0 0 0 0 0 0 0 0 0 0 0 0 0 0 0 0 0 0 0 0 0 0 0 0 0 0 0 0 0 0 0 0 0 0 0 0 0 0 0 0 0 0 0 0 0 77 68 79 32 101 120 116 114 97 32 100 97 116 97 32 108 111 99 107 0 0 0 0 0 0 0 0 0 0 0 0 0 0 0 0 0 0 0 0 0 0 0 0 0 0 0 0 0 0 0 0 0 0 0 0 0 0 0 0 0 0 0 0 0 0 0 0 0 0 0 0 0 0 0 0 0 0 0 0 0 0 0 0 0 0 0 0 0 0 0 0 0 0 0 0 0 0 0 0 0 0 0 0 0 0 0 0 0 0 0 0 0 0 0 0 0 0 0 0 0 0 0 0 0 0 0 0 0 0 0 0 0 0 0 0 0 0 2 0 0 145 202 2 0 1 0 0 0 0 0 0 0 0 0 0 0 2 0 0 0 0 0 6 0 2 0 0 0 104 0 0 0 255 255 255 255 7 0 1 0 0 0 0 0 data 13 0x10007 0x5952 0x38 0x0 0x50003 0x0 0x48 0x90005 0x1cd4 0x2f37780 0x3b17 0x1c635f30 0x167 oops 2 9 java/lang/String 11 java/io/File
ciMethodData java/lang/ref/Reference <init> (Ljava/lang/Object;Ljava/lang/ref/ReferenceQueue;)V 2 13023 orig 264 104 147 15 83 0 0 0 0 56 131 203 27 0 0 0 0 120 1 0 0 0 0 0 0 0 0 0 0 0 0 0 0 0 0 0 0 0 0 0 0 0 0 0 0 0 0 0 0 0 0 0 0 0 0 0 0 0 0 0 0 0 0 0 0 0 0 0 0 0 0 0 0 0 0 0 0 0 0 0 0 77 68 79 32 101 120 116 114 97 32 100 97 116 97 32 108 111 99 107 0 0 0 0 0 0 0 0 0 0 0 0 0 0 0 0 0 0 0 0 0 0 0 0 0 0 0 0 0 0 0 0 0 0 0 0 0 0 0 0 0 0 0 0 0 0 0 0 0 0 0 0 0 0 0 0 0 0 0 0 0 0 0 0 0 0 0 0 0 0 0 0 0 0 0 0 0 0 0 0 0 0 0 0 0 0 0 0 0 0 0 0 0 0 0 0 0 0 0 0 0 0 0 0 0 0 0 0 0 0 0 0 0 0 0 0 0 0 2 0 0 249 134 1 0 1 0 0 0 0 0 0 0 0 0 0 0 2 0 0 0 0 0 6 0 2 0 0 0 72 0 0 0 255 255 255 255 2 0 1 0 0 0 0 0 data 9 0x10002 0x30df 0xb0007 0x2524 0x38 0xbbb 0x110003 0xbbb 0x18 oops 0
ciMethodData java/util/HashMap getNode (ILjava/lang/Object;)Ljava/util/HashMap$Node; 2 13049 orig 264 104 147 15 83 0 0 0 0 248 145 215 27 0 0 0 0 8 4 0 0 112 2 0 0 0 0 0 0 0 0 0 0 0 0 0 0 0 0 0 0 0 0 0 0 0 0 0 0 0 0 0 0 0 0 0 0 0 0 0 0 0 0 0 0 0 0 0 0 0 0 0 0 0 0 0 0 0 0 0 0 77 68 79 32 101 120 116 114 97 32 100 97 116 97 32 108 111 99 107 0 0 0 0 0 0 0 0 0 0 0 0 0 0 0 0 0 0 0 0 0 0 0 0 0 0 0 0 0 0 0 0 0 0 0 0 0 0 0 0 0 0 0 0 0 2 0 0 0 1 0 0 0 0 0 0 0 0 0 0 0 0 0 0 0 0 0 0 0 0 0 0 0 0 0 0 0 0 0 0 4 0 0 0 0 0 0 0 0 0 0 0 0 0 0 0 0 0 0 0 0 0 0 0 0 0 0 0 0 0 0 0 0 0 0 0 0 0 2 0 0 201 135 1 0 177 16 0 0 140 42 0 0 221 1 0 0 2 0 0 0 1 0 37 0 2 0 0 0 176 2 0 0 255 255 255 255 7 0 6 0 0 0 0 0 data 86 0x60007 0x3f1 0x2b0 0x2d08 0xe0007 0x0 0x290 0x2d08 0x1c0007 0x1023 0x270 0x1ce5 0x250007 0xcdc 0xb0 0x1009 0x310007 0xa3e 0x90 0x5cb 0x350007 0x0 0x70 0x5cb 0x3b0005 0x3ae 0x1f022a80 0x89 0x2f37780 0x194 0x3ee007 0x4e 0x20 0x57f 0x4c0007 0x7ef 0x1a0 0x53b 0x510004 0xfffffffffffffac5 0x1f304940 0xc5 0x1f022b30 0x3 0x540007 0x53b 0x80 0x0 0x590004 0x0 0x0 0x0 0x0 0x0 0x5e0005 0x0 0x0 0x0 0x0 0x0 0x680007 0x27b 0xb0 0x38e 0x740007 0x1ef 0x90 0x19f 0x780007 0x0 0x70 0x19f 0x7e0005 0xa4 0x2f37780 0xb5 0x1f022a80 0x46 0x81e007 0x5 0x20 0x19c 0x8f0007 0xce 0xffffffffffffff50 0x1b2 oops 6 26 java/util/jar/Attributes$Name 28 java/lang/String 40 java/util/HashMap$Node 42 java/util/LinkedHashMap$Entry 74 java/lang/String 76 java/util/jar/Attributes$Name
ciMethodData java/lang/String <init> ([CZ)V 2 11034 orig 264 104 147 15 83 0 0 0 0 128 59 201 27 0 0 0 0 64 1 0 0 0 0 0 0 0 0 0 0 0 0 0 0 0 0 0 0 0 0 0 0 0 0 0 0 0 0 0 0 0 0 0 0 0 0 0 0 0 0 0 0 0 0 0 0 0 0 0 0 0 0 0 0 0 0 0 0 0 0 0 0 77 68 79 32 101 120 116 114 97 32 100 97 116 97 32 108 111 99 107 0 0 0 0 0 0 0 0 0 0 0 0 0 0 0 0 0 0 0 0 0 0 0 0 0 0 0 0 0 0 0 0 0 0 0 0 0 0 0 0 0 0 0 0 0 0 0 0 0 0 0 0 0 0 0 0 0 0 0 0 0 0 0 0 0 0 0 0 0 0 0 0 0 0 0 0 0 0 0 0 0 0 0 0 0 0 0 0 0 0 0 0 0 0 0 0 0 0 0 0 0 0 0 0 0 0 0 0 0 0 0 0 0 0 0 0 0 0 2 0 0 209 72 1 0 1 0 0 0 0 0 0 0 0 0 0 0 2 0 0 0 0 0 3 0 2 0 0 0 16 0 0 0 255 255 255 255 2 0 1 0 0 0 0 0 data 2 0x10002 0x291a oops 0
ciMethodData java/util/Arrays copyOf ([CI)[C 2 13187 orig 264 104 147 15 83 0 0 0 0 32 152 218 27 0 0 0 0 112 1 0 0 0 0 0 0 0 0 0 0 0 0 0 0 0 0 0 0 0 0 0 0 0 0 0 0 0 0 0 0 0 0 0 0 0 0 0 0 0 0 0 0 0 0 0 0 0 0 0 0 0 0 0 0 0 0 0 0 0 0 0 0 77 68 79 32 101 120 116 114 97 32 100 97 116 97 32 108 111 99 107 0 0 0 0 0 0 0 0 0 0 0 0 0 0 0 0 0 0 0 0 0 0 0 0 0 0 0 0 0 0 0 0 0 0 0 0 0 0 0 0 0 0 0 0 0 0 0 0 0 0 0 0 0 0 0 0 0 0 0 0 0 0 0 0 0 0 0 0 0 0 0 0 0 0 0 0 0 0 0 0 0 0 0 0 0 0 0 0 0 0 0 0 0 0 0 0 0 0 0 0 0 0 0 0 0 0 0 0 0 0 0 0 0 0 0 0 0 0 2 0 0 25 140 1 0 1 0 0 0 0 0 0 0 0 0 0 0 2 0 0 0 0 0 7 0 2 0 0 0 32 0 0 0 255 255 255 255 2 0 11 0 0 0 0 0 data 4 0xb0002 0x3183 0xe0002 0x3183 oops 0
ciMethodData java/lang/String endsWith (Ljava/lang/String;)Z 2 18728 orig 264 104 147 15 83 0 0 0 0 232 78 201 27 0 0 0 0 128 1 0 0 0 0 0 0 0 0 0 0 0 0 0 0 0 0 0 0 0 0 0 0 0 0 0 0 0 0 0 0 0 0 0 0 0 0 0 0 0 0 0 0 0 0 0 0 0 0 0 0 0 0 0 0 0 0 0 0 0 0 0 0 77 68 79 32 101 120 116 114 97 32 100 97 116 97 32 108 111 99 107 0 0 0 0 0 0 0 0 0 0 0 0 0 0 0 0 0 0 0 0 0 0 0 0 0 0 0 0 0 0 0 0 0 0 0 0 0 0 0 0 0 0 0 0 0 0 0 0 0 0 0 0 0 0 0 0 0 0 0 0 0 0 0 0 0 0 0 0 0 0 0 0 0 0 0 0 0 0 0 0 0 0 0 0 0 0 0 0 0 0 0 0 0 0 0 0 0 0 0 0 0 0 0 0 0 0 0 0 0 0 0 0 0 0 0 0 0 0 2 0 0 65 57 2 0 1 0 0 0 0 0 0 0 0 0 0 0 2 0 0 0 0 0 3 0 2 0 0 0 48 0 0 0 255 255 255 255 5 0 13 0 0 0 0 0 data 6 0xd0005 0x2f0 0x2f37780 0x4438 0x0 0x0 oops 1 2 java/lang/String
ciMethodData java/lang/String lastIndexOf (II)I 2 64167 orig 264 104 147 15 83 0 0 0 0 136 83 201 27 0 0 0 0 240 1 0 0 32 0 0 0 0 0 0 0 0 0 0 0 0 0 0 0 0 0 0 0 0 0 0 0 0 0 0 0 0 0 0 0 0 0 0 0 0 0 0 0 0 0 0 0 0 0 0 0 0 0 0 0 0 0 0 0 0 0 0 0 77 68 79 32 101 120 116 114 97 32 100 97 116 97 32 108 111 99 107 0 0 0 0 0 0 0 0 0 0 0 0 0 0 0 0 0 0 0 0 0 0 0 0 0 0 0 0 0 0 0 0 0 0 0 0 0 0 0 0 0 0 0 0 0 0 0 0 0 0 0 0 0 0 0 0 0 0 0 0 0 0 0 0 0 0 0 0 0 0 0 0 0 0 0 0 0 0 0 0 0 0 0 0 0 17 0 0 0 0 0 0 0 0 0 0 0 0 0 0 0 1 0 0 0 0 0 0 0 0 0 0 0 0 0 0 0 0 64 0 0 97 32 0 0 57 213 5 0 0 0 0 0 0 0 0 0 2 0 0 0 1 0 14 0 2 0 0 0 152 0 0 0 255 255 255 255 7 0 3 0 0 0 0 0 data 19 0x30007 0x0 0x88 0x40c 0x100002 0x40c 0x170007 0x151 0x58 0xbd24 0x1f0007 0xba69 0x20 0x2bb 0x280003 0xba69 0xffffffffffffffc0 0x300002 0x0 oops 0
ciMethodData java/util/HashMap get (Ljava/lang/Object;)Ljava/lang/Object; 2 13792 orig 264 104 147 15 83 0 0 0 0 200 144 215 27 0 0 0 0 200 1 0 0 16 0 0 0 0 0 0 0 0 0 0 0 0 0 0 0 0 0 0 0 0 0 0 0 0 0 0 0 0 0 0 0 0 0 0 0 0 0 0 0 0 0 0 0 0 0 0 0 0 0 0 0 0 0 0 0 0 0 0 0 77 68 79 32 101 120 116 114 97 32 100 97 116 97 32 108 111 99 107 0 0 0 0 0 0 0 0 0 0 0 0 0 0 0 0 0 0 0 0 0 0 0 0 0 0 0 0 0 0 0 0 0 0 0 0 0 0 0 0 0 0 0 0 0 2 0 0 0 0 0 0 0 0 0 0 0 0 0 0 0 0 0 0 0 0 0 0 0 0 0 0 0 0 0 0 0 0 0 0 0 0 0 0 0 0 0 0 0 0 0 0 0 0 0 0 0 0 0 0 0 0 0 0 0 0 0 0 0 0 0 0 0 0 0 0 0 0 2 0 0 1 159 1 0 1 0 0 0 2 44 0 0 0 0 0 0 2 0 0 0 0 0 10 0 2 0 0 0 120 0 0 0 255 255 255 255 2 0 2 0 0 0 0 0 data 15 0x20002 0x33e0 0x60005 0x56f 0x1edbbef0 0x2e71 0x0 0x0 0xb0007 0x183e 0x38 0x1ba4 0xf0003 0x1ba4 0x18 oops 1 4 java/util/HashMap
ciMethod sun/misc/URLClassPath$JarLoader$2 getCodeSourceURL ()Ljava/net/URL; 2049 1 2665 0 0
ciMethod sun/misc/URLClassPath$JarLoader$2 getManifest ()Ljava/util/jar/Manifest; 2057 1 2666 0 0
ciMethod sun/misc/Resource getCodeSourceURL ()Ljava/net/URL; 0 0 1 0 -1
ciMethod sun/misc/Resource getBytes ()[B 2057 4929 2680 0 -1
ciMethod sun/misc/Resource getByteBuffer ()Ljava/nio/ByteBuffer; 2489 1 2679 0 -1
ciMethod sun/misc/Resource getManifest ()Ljava/util/jar/Manifest; 129 1 16 0 0
ciMethod sun/misc/Resource getCodeSigners ()[Ljava/security/CodeSigner; 129 1 16 0 -1
ciMethod java/lang/Package isSealed ()Z 1665 1 2483 0 0
ciMethod java/lang/Package isSealed (Ljava/net/URL;)Z 0 0 1 0 -1
ciMethod java/lang/Package getSystemPackage (Ljava/lang/String;)Ljava/lang/Package; 545 1 408 0 0
ciMethod java/lang/Package defineSystemPackage (Ljava/lang/String;Ljava/lang/String;)Ljava/lang/Package; 0 0 1 0 0
ciMethod java/lang/Package getSystemPackage0 (Ljava/lang/String;)Ljava/lang/String; 2049 1 256 0 -1
ciMethod sun/misc/URLClassPath$FileLoader$1 getCodeSourceURL ()Ljava/net/URL; 129 1 16 0 0
ciMethodData java/lang/ref/SoftReference get ()Ljava/lang/Object; 2 6289 orig 264 104 147 15 83 0 0 0 0 16 136 203 27 0 0 0 0 112 1 0 0 0 0 0 0 0 0 0 0 0 0 0 0 0 0 0 0 0 0 0 0 0 0 0 0 0 0 0 0 0 0 0 0 0 0 0 0 0 0 0 0 0 0 0 0 0 0 0 0 0 0 0 0 0 0 0 0 0 0 0 0 77 68 79 32 101 120 116 114 97 32 100 97 116 97 32 108 111 99 107 0 0 0 0 0 0 0 0 0 0 0 0 0 0 0 0 0 0 0 0 0 0 0 0 0 0 0 0 0 0 0 0 0 0 0 0 0 0 0 0 0 0 0 0 0 0 0 0 0 0 0 0 0 0 0 0 0 0 0 0 0 0 0 0 0 0 0 0 0 0 0 0 0 0 0 0 0 0 0 0 0 0 0 0 0 0 0 0 0 0 0 0 0 0 0 0 0 0 0 0 0 0 0 0 0 0 0 0 0 0 0 0 0 0 0 0 0 0 2 0 0 137 180 0 0 1 0 0 0 0 0 0 0 0 0 0 0 2 0 0 0 0 0 8 0 2 0 0 0 80 0 0 0 255 255 255 255 2 0 1 0 0 0 0 0 data 10 0x10002 0x1691 0x60007 0x0 0x40 0x1691 0x110007 0x166c 0x20 0x26 oops 0
ciMethodData java/lang/String lastIndexOf (I)I 2 18126 orig 264 104 147 15 83 0 0 0 0 184 82 201 27 0 0 0 0 128 1 0 0 0 0 0 0 0 0 0 0 0 0 0 0 0 0 0 0 0 0 0 0 0 0 0 0 0 0 0 0 0 0 0 0 0 0 0 0 0 0 0 0 0 0 0 0 0 0 0 0 0 0 0 0 0 0 0 0 0 0 0 0 77 68 79 32 101 120 116 114 97 32 100 97 116 97 32 108 111 99 107 0 0 0 0 0 0 0 0 0 0 0 0 0 0 0 0 0 0 0 0 0 0 0 0 0 0 0 0 0 0 0 0 0 0 0 0 0 0 0 0 0 0 0 0 0 0 0 0 0 0 0 0 0 0 0 0 0 0 0 0 0 0 0 0 0 0 0 0 0 0 0 0 0 0 0 0 0 0 0 0 0 0 0 0 0 17 0 0 0 0 0 0 0 0 0 0 0 0 0 0 0 1 0 0 0 0 0 0 0 0 0 0 0 0 0 0 0 0 2 0 0 113 38 2 0 1 0 0 0 0 0 0 0 0 0 0 0 2 0 0 0 0 0 3 0 2 0 0 0 48 0 0 0 255 255 255 255 5 0 9 0 0 0 0 0 data 6 0x90005 0x81 0x2f37780 0x444d 0x0 0x0 oops 1 2 java/lang/String
ciMethodData java/util/AbstractMap <init> ()V 2 3590 orig 264 104 147 15 83 0 0 0 0 48 222 214 27 0 0 0 0 48 1 0 0 0 0 0 0 0 0 0 0 0 0 0 0 0 0 0 0 0 0 0 0 0 0 0 0 0 0 0 0 0 0 0 0 0 0 0 0 0 0 0 0 0 0 0 0 0 0 0 0 0 0 0 0 0 0 0 0 0 0 0 0 77 68 79 32 101 120 116 114 97 32 100 97 116 97 32 108 111 99 107 0 0 0 0 0 0 0 0 0 0 0 0 0 0 0 0 0 0 0 0 0 0 0 0 0 0 0 0 0 0 0 0 0 0 0 0 0 0 0 0 0 0 0 0 0 0 0 0 0 0 0 0 0 0 0 0 0 0 0 0 0 0 0 0 0 0 0 0 0 0 0 0 0 0 0 0 0 0 0 0 0 0 0 0 0 0 0 0 0 0 0 0 0 0 0 0 0 0 0 0 0 0 0 0 0 0 0 0 0 0 0 0 0 0 0 0 0 0 2 0 0 49 96 0 0 1 0 0 0 0 0 0 0 0 0 0 0 2 0 0 0 0 0 3 0 2 0 0 0 16 0 0 0 255 255 255 255 2 0 1 0 0 0 0 0 data 2 0x10002 0xc06 oops 0
ciMethodData java/util/HashMap <init> ()V 2 2102 orig 264 104 147 15 83 0 0 0 0 0 141 215 27 0 0 0 0 48 1 0 0 0 0 0 0 0 0 0 0 0 0 0 0 0 0 0 0 0 0 0 0 0 0 0 0 0 0 0 0 0 0 0 0 0 0 0 0 0 0 0 0 0 0 0 0 0 0 0 0 0 0 0 0 0 0 0 0 0 0 0 0 77 68 79 32 101 120 116 114 97 32 100 97 116 97 32 108 111 99 107 0 0 0 0 0 0 0 0 0 0 0 0 0 0 0 0 0 0 0 0 0 0 0 0 0 0 0 0 0 0 0 0 0 0 0 0 0 0 0 0 0 0 0 0 0 0 0 0 0 0 0 0 0 0 0 0 0 0 0 0 0 0 0 0 0 0 0 0 0 0 0 0 0 0 0 0 0 0 0 0 0 0 0 0 0 0 0 0 0 0 0 0 0 0 0 0 0 0 0 0 0 0 0 0 0 0 0 0 0 0 0 0 0 0 0 0 0 106 0 0 0 97 62 0 0 1 0 0 0 0 0 0 0 0 0 0 0 2 0 0 0 0 0 3 0 2 0 0 0 16 0 0 0 255 255 255 255 2 0 1 0 0 0 0 0 data 2 0x10002 0x7cc oops 0
ciMethodData sun/misc/SharedSecrets javaUtilJarAccess ()Lsun/misc/JavaUtilJarAccess; 2 5686 orig 264 104 147 15 83 0 0 0 0 32 57 215 27 0 0 0 0 144 1 0 0 0 0 0 0 0 0 0 0 0 0 0 0 0 0 0 0 0 0 0 0 0 0 0 0 0 0 0 0 0 0 0 0 0 0 0 0 0 0 0 0 0 0 0 0 0 0 0 0 0 0 0 0 0 0 0 0 0 0 0 0 77 68 79 32 101 120 116 114 97 32 100 97 116 97 32 108 111 99 107 0 0 0 0 0 0 0 0 0 0 0 0 0 0 0 0 0 0 0 0 0 0 0 0 0 0 0 0 0 0 0 0 0 0 0 0 0 0 0 0 0 0 0 0 0 0 0 0 0 0 0 0 0 0 0 0 0 0 0 0 0 0 0 0 0 0 0 0 0 0 0 0 0 0 0 0 0 0 0 0 0 0 0 0 0 0 0 0 0 0 0 0 0 0 0 0 0 0 0 0 0 0 0 0 0 0 0 0 0 0 0 0 0 0 0 0 0 130 1 0 0 161 165 0 0 1 0 0 0 0 0 0 0 0 0 0 0 2 0 0 0 0 0 6 0 2 0 0 0 80 0 0 0 255 255 255 255 7 0 3 0 0 0 0 0 data 10 0x30007 0x14b4 0x50 0x0 0xb0005 0x0 0x0 0x0 0x0 0x0 oops 0
ciMethodData java/lang/String concat (Ljava/lang/String;)Ljava/lang/String; 2 5404 orig 264 104 147 15 83 0 0 0 0 208 93 201 27 0 0 0 0 240 1 0 0 48 0 0 0 0 0 0 0 0 0 0 0 0 0 0 0 0 0 0 0 0 0 0 0 0 0 0 0 0 0 0 0 0 0 0 0 0 0 0 0 0 0 0 0 0 0 0 0 0 0 0 0 0 0 0 0 0 0 0 0 77 68 79 32 101 120 116 114 97 32 100 97 116 97 32 108 111 99 107 0 0 0 0 0 0 0 0 0 0 0 0 0 0 0 0 0 0 0 0 0 0 0 0 0 0 0 0 0 0 0 0 0 0 0 0 0 0 0 0 0 0 0 0 0 0 0 0 0 0 0 0 0 0 0 0 0 0 0 0 0 0 0 0 0 0 0 0 0 0 0 0 0 0 0 0 0 0 0 0 0 0 0 0 0 0 0 0 0 0 0 0 0 0 0 0 0 0 0 0 0 0 0 0 0 0 0 0 0 0 0 0 0 0 0 0 0 0 1 0 0 225 160 0 0 1 0 0 0 0 0 0 0 0 0 0 0 2 0 0 0 0 0 10 0 2 0 0 0 160 0 0 0 255 255 255 255 5 0 1 0 0 0 0 0 data 20 0x10005 0x0 0x2f37780 0x141c 0x0 0x0 0x60007 0x141c 0x20 0x0 0x180002 0x141c 0x210005 0x0 0x2f37780 0x141c 0x0 0x0 0x2b0002 0x141c oops 2 2 java/lang/String 14 java/lang/String
ciMethodData java/lang/String getChars ([CI)V 2 5416 orig 264 104 147 15 83 0 0 0 0 232 64 201 27 0 0 0 0 104 1 0 0 0 0 0 0 0 0 0 0 0 0 0 0 0 0 0 0 0 0 0 0 0 0 0 0 0 0 0 0 0 0 0 0 0 0 0 0 0 0 0 0 0 0 0 0 0 0 0 0 0 0 0 0 0 0 0 0 0 0 0 0 77 68 79 32 101 120 116 114 97 32 100 97 116 97 32 108 111 99 107 0 0 0 0 0 0 0 0 0 0 0 0 0 0 0 0 0 0 0 0 0 0 0 0 0 0 0 0 0 0 0 0 0 0 0 0 0 0 0 0 0 0 0 0 0 0 0 0 0 0 0 0 0 0 0 0 0 0 0 0 0 0 0 0 0 0 0 0 0 0 0 0 0 0 0 0 0 0 0 0 0 0 0 0 0 0 0 0 0 0 0 0 0 0 0 0 0 0 0 0 0 0 0 0 0 0 0 0 0 0 0 0 0 0 0 0 0 255 0 0 0 73 161 0 0 1 0 0 0 0 0 0 0 0 0 0 0 2 0 0 0 0 0 0 0 0 0 0 0 16 0 0 0 255 255 255 255 2 0 12 0 0 0 0 0 data 2 0xc0002 0x1429 oops 0
ciMethodData java/lang/ref/Reference <init> (Ljava/lang/Object;)V 2 3068 orig 264 104 147 15 83 0 0 0 0 136 130 203 27 0 0 0 0 56 1 0 0 0 0 0 0 0 0 0 0 0 0 0 0 0 0 0 0 0 0 0 0 0 0 0 0 0 0 0 0 0 0 0 0 0 0 0 0 0 0 0 0 0 0 0 0 0 0 0 0 0 0 0 0 0 0 0 0 0 0 0 0 77 68 79 32 101 120 116 114 97 32 100 97 116 97 32 108 111 99 107 0 0 0 0 0 0 0 0 0 0 0 0 0 0 0 0 0 0 0 0 0 0 0 0 0 0 0 0 0 0 0 0 0 0 0 0 0 0 0 0 0 0 0 0 0 0 0 0 0 0 0 0 0 0 0 0 0 0 0 0 0 0 0 0 0 0 0 0 0 0 0 0 0 0 0 0 0 0 0 0 0 0 0 0 0 0 0 0 0 0 0 0 0 0 0 0 0 0 0 0 0 0 0 0 0 0 0 0 0 0 0 0 0 0 0 0 0 7 1 0 0 153 87 0 0 1 0 0 0 0 0 0 0 0 0 0 0 2 0 0 0 0 0 6 0 2 0 0 0 16 0 0 0 255 255 255 255 2 0 3 0 0 0 0 0 data 2 0x30002 0xaf3 oops 0
ciMethodData java/util/jar/JarFile maybeInstantiateVerifier ()V 2 5443 orig 264 104 147 15 83 0 0 0 0 240 112 233 27 0 0 0 0 144 3 0 0 80 0 0 0 0 0 0 0 0 0 0 0 0 0 0 0 0 0 0 0 0 0 0 0 0 0 0 0 0 0 0 0 0 0 0 0 0 0 0 0 0 0 0 0 0 0 0 0 0 0 0 0 0 0 0 0 0 0 0 0 77 68 79 32 101 120 116 114 97 32 100 97 116 97 32 108 111 99 107 0 0 0 0 0 0 0 0 0 0 0 0 0 0 0 0 0 0 0 0 0 0 0 0 0 0 0 0 0 0 0 0 0 0 0 0 0 0 0 0 0 0 0 0 0 0 0 0 0 0 0 0 0 0 0 0 0 0 0 0 0 0 0 0 0 0 0 0 0 0 0 0 0 0 0 0 0 0 0 0 0 0 0 0 0 0 0 0 0 0 0 0 0 0 0 0 0 0 0 0 0 0 0 0 0 0 0 0 0 0 0 0 0 0 0 0 0 0 1 0 0 25 162 0 0 49 7 0 0 0 0 0 0 0 0 0 0 2 0 0 0 1 0 23 0 2 0 0 0 72 2 0 0 255 255 255 255 7 0 4 0 0 0 0 0 data 73 0x40007 0x1443 0x20 0x0 0xc0007 0x142a 0x228 0x19 0x100002 0x19 0x150007 0x0 0x1f8 0x19 0x1d0007 0x19 0x1d8 0xe6 0x260005 0x1 0x2f37780 0xe5 0x0 0x0 0x2d0005 0x1 0x2f37780 0xe5 0x0 0x0 0x300007 0x0 0x110 0xe6 0x360005 0x1 0x2f37780 0xe5 0x0 0x0 0x390007 0x0 0xc0 0xe6 0x3f0005 0x1 0x2f37780 0xe5 0x0 0x0 0x420007 0x0 0x70 0xe6 0x480005 0x1 0x2f37780 0xe5 0x0 0x0 0x4b0007 0xe6 0x50 0x0 0x4f0005 0x0 0x0 0x0 0x0 0x0 0x570003 0xe6 0xfffffffffffffe40 oops 5 20 java/lang/String 26 java/lang/String 36 java/lang/String 46 java/lang/String 56 java/lang/String
ciMethodData java/util/jar/JarFile getManifest ()Ljava/util/jar/Manifest; 2 2671 orig 264 104 147 15 83 0 0 0 0 168 107 233 27 0 0 0 0 48 1 0 0 0 0 0 0 0 0 0 0 0 0 0 0 0 0 0 0 0 0 0 0 0 0 0 0 0 0 0 0 0 0 0 0 0 0 0 0 0 0 0 0 0 0 0 0 0 0 0 0 0 0 0 0 0 0 0 0 0 0 0 0 77 68 79 32 101 120 116 114 97 32 100 97 116 97 32 108 111 99 107 0 0 0 0 0 0 0 0 0 0 0 0 0 0 0 0 0 0 0 0 0 0 0 0 0 0 0 0 0 0 0 0 0 0 0 0 0 0 0 0 0 0 0 0 0 0 0 0 0 0 0 0 0 0 0 0 0 0 0 0 0 0 0 0 0 0 0 0 0 0 0 0 0 0 0 0 0 0 0 0 0 0 0 0 0 0 0 0 0 0 0 0 0 0 0 0 0 0 0 0 0 0 0 0 0 0 0 0 0 0 0 0 0 0 0 0 0 86 0 0 0 201 80 0 0 1 0 0 0 0 0 0 0 0 0 0 0 2 0 0 0 0 0 3 0 2 0 0 0 16 0 0 0 255 255 255 255 2 0 1 0 0 0 0 0 data 2 0x10002 0xa19 oops 0
ciMethodData java/util/jar/JarFile getManifestFromReference ()Ljava/util/jar/Manifest; 2 2671 orig 264 104 147 15 83 0 0 0 0 192 108 233 27 0 0 0 0 248 2 0 0 144 1 0 0 0 0 0 0 0 0 0 0 0 0 0 0 0 0 0 0 0 0 0 0 0 0 0 0 0 0 0 0 0 0 0 0 0 0 0 0 0 0 0 0 0 0 0 0 0 0 0 0 0 0 0 0 0 0 0 0 77 68 79 32 101 120 116 114 97 32 100 97 116 97 32 108 111 99 107 0 0 0 0 0 0 0 0 0 0 0 0 0 0 0 0 0 0 0 0 0 0 0 0 0 0 0 0 0 0 0 0 0 0 0 0 0 0 0 0 0 0 0 0 0 0 0 0 0 0 0 0 0 0 0 0 0 0 0 0 0 0 0 0 0 0 0 0 0 0 0 0 0 0 0 0 0 0 0 0 0 0 0 0 0 0 0 0 0 0 0 0 0 0 0 0 0 0 0 0 0 0 0 0 0 0 0 0 0 0 0 0 0 0 0 0 0 86 0 0 0 201 80 0 0 1 0 0 0 0 0 0 0 0 0 0 0 2 0 0 0 0 0 28 0 2 0 0 0 176 1 0 0 255 255 255 255 7 0 4 0 0 0 0 0 data 54 0x40007 0x17 0x98 0xa01 0xb0005 0x0 0x2f38640 0xa01 0x0 0x0 0xe0004 0x0 0x1c6360e0 0xa02 0x0 0x0 0x110003 0xa02 0x18 0x170007 0xa02 0x118 0x17 0x1b0002 0x17 0x200007 0x0 0xe8 0x17 0x270007 0x17 0x98 0x0 0x2c0002 0x0 0x340007 0x0 0x30 0x0 0x3d0002 0x0 0x500002 0x0 0x530002 0x0 0x570003 0x0 0x38 0x600002 0x17 0x630002 0x17 0x6d0002 0x17 oops 2 6 java/lang/ref/SoftReference 12 java/util/jar/Manifest
ciMethodData java/util/jar/Attributes$Name hashCode ()I 2 4304 orig 264 104 147 15 83 0 0 0 0 248 159 236 27 0 0 0 0 120 1 0 0 0 0 0 0 0 0 0 0 0 0 0 0 0 0 0 0 0 0 0 0 0 0 0 0 0 0 0 0 0 0 0 0 0 0 0 0 0 0 0 0 0 0 0 0 0 0 0 0 0 0 0 0 0 0 0 0 0 0 0 0 77 68 79 32 101 120 116 114 97 32 100 97 116 97 32 108 111 99 107 0 0 0 0 0 0 0 0 0 0 0 0 0 0 0 0 0 0 0 0 0 0 0 0 0 0 0 0 0 0 0 0 0 0 0 0 0 0 0 0 0 0 0 0 0 0 0 0 0 0 0 0 0 0 0 0 0 0 0 0 0 0 0 0 0 0 0 0 0 0 0 0 0 0 0 0 0 0 0 0 0 0 0 0 0 0 0 0 0 0 0 0 0 0 0 0 0 0 0 0 0 0 0 0 0 0 0 0 0 0 0 0 0 0 0 0 0 128 1 0 0 129 122 0 0 1 0 0 0 0 0 0 0 0 0 0 0 2 0 0 0 0 0 6 0 2 0 0 0 48 0 0 0 255 255 255 255 7 0 5 0 0 0 0 0 data 6 0x50007 0xe20 0x30 0x12f 0xd0002 0x12f oops 0
ciMethodData java/util/jar/Attributes getValue (Ljava/util/jar/Attributes$Name;)Ljava/lang/String; 2 3868 orig 264 104 147 15 83 0 0 0 0 112 108 236 27 0 0 0 0 176 1 0 0 0 0 0 0 0 0 0 0 0 0 0 0 0 0 0 0 0 0 0 0 0 0 0 0 0 0 0 0 0 0 0 0 0 0 0 0 0 0 0 0 0 0 0 0 0 0 0 0 0 0 0 0 0 0 0 0 0 0 0 0 77 68 79 32 101 120 116 114 97 32 100 97 116 97 32 108 111 99 107 0 0 0 0 0 0 0 0 0 0 0 0 0 0 0 0 0 0 0 0 0 0 0 0 0 0 0 0 0 0 0 0 0 0 0 0 0 0 0 0 0 0 0 0 0 0 0 0 0 0 0 0 0 0 0 0 0 0 0 0 0 0 0 0 0 0 0 0 0 0 0 0 0 0 0 0 0 0 0 0 0 0 0 0 0 0 0 0 0 0 0 0 0 0 0 0 0 0 0 0 0 0 0 0 0 0 0 0 0 0 0 0 0 0 0 0 0 5 1 0 0 185 112 0 0 1 0 0 0 0 0 0 0 0 0 0 0 2 0 0 0 0 0 3 0 2 0 0 0 96 0 0 0 255 255 255 255 5 0 2 0 0 0 0 0 data 12 0x20005 0x0 0x1edbe9e0 0xe17 0x0 0x0 0x50104 0x0 0x2f37780 0x302 0x0 0x0 oops 2 2 java/util/jar/Attributes 8 java/lang/String
ciMethodData java/util/jar/Attributes get (Ljava/lang/Object;)Ljava/lang/Object; 2 3868 orig 264 104 147 15 83 0 0 0 0 56 107 236 27 0 0 0 0 128 1 0 0 0 0 0 0 0 0 0 0 0 0 0 0 0 0 0 0 0 0 0 0 0 0 0 0 0 0 0 0 0 0 0 0 0 0 0 0 0 0 0 0 0 0 0 0 0 0 0 0 0 0 0 0 0 0 0 0 0 0 0 0 77 68 79 32 101 120 116 114 97 32 100 97 116 97 32 108 111 99 107 0 0 0 0 0 0 0 0 0 0 0 0 0 0 0 0 0 0 0 0 0 0 0 0 0 0 0 0 0 0 0 0 0 0 0 0 0 0 0 0 0 0 0 0 0 0 0 0 0 0 0 0 0 0 0 0 0 0 0 0 0 0 0 0 0 0 0 0 0 0 0 0 0 0 0 0 0 0 0 0 0 0 0 0 0 0 0 0 0 0 0 0 0 0 0 0 0 0 0 0 0 0 0 0 0 0 0 0 0 0 0 0 0 0 0 0 0 5 1 0 0 185 112 0 0 1 0 0 0 0 0 0 0 0 0 0 0 2 0 0 0 0 0 3 0 2 0 0 0 48 0 0 0 255 255 255 255 5 0 5 0 0 0 0 0 data 6 0x50005 0x0 0x1edbbef0 0xe17 0x0 0x0 oops 1 2 java/util/HashMap
ciMethodData java/net/URLClassLoader$1 run ()Ljava/lang/Class; 2 5375 orig 264 104 147 15 83 0 0 0 0 248 95 232 27 0 0 0 0 40 2 0 0 0 0 0 0 0 0 0 0 0 0 0 0 0 0 0 0 0 0 0 0 0 0 0 0 0 0 0 0 0 0 0 0 0 0 0 0 0 0 0 0 0 0 0 0 0 0 0 0 0 0 0 0 0 0 0 0 0 0 0 0 77 68 79 32 101 120 116 114 97 32 100 97 116 97 32 108 111 99 107 0 0 0 0 0 0 0 0 0 0 0 0 0 0 0 0 0 0 0 0 0 0 0 0 0 0 0 0 0 0 0 0 0 0 0 0 0 0 0 0 0 0 0 0 0 0 0 0 0 0 0 0 0 0 0 0 0 0 0 0 0 0 0 0 0 0 0 0 0 0 0 0 0 0 0 0 0 0 0 0 0 0 0 0 0 0 0 0 0 0 0 0 0 0 0 0 0 0 0 0 0 0 0 0 0 0 0 0 0 0 0 0 0 0 0 0 0 255 0 0 0 1 160 0 0 1 0 0 0 0 0 0 0 0 0 0 0 2 0 0 0 0 0 7 0 2 0 0 0 224 0 0 0 255 255 255 255 5 0 8 0 0 0 0 0 data 28 0x80005 0x82 0x2f37780 0x137e 0x0 0x0 0xd0005 0x82 0x2f37780 0x137e 0x0 0x0 0x150002 0x1400 0x1a0005 0x0 0x20606d20 0x1400 0x0 0x0 0x1f0007 0xa00 0x40 0xa00 0x2b0002 0xa00 0x390002 0x0 oops 3 2 java/lang/String 8 java/lang/String 16 sun/misc/URLClassPath
ciMethodData java/lang/ClassLoader getPackage (Ljava/lang/String;)Ljava/lang/Package; 2 3295 orig 264 104 147 15 83 0 0 0 0 32 107 202 27 0 0 0 0 96 3 0 0 224 1 0 0 0 0 0 0 0 0 0 0 0 0 0 0 0 0 0 0 0 0 0 0 0 0 0 0 0 0 0 0 0 0 0 0 0 0 0 0 0 0 0 0 0 0 0 0 0 0 0 0 0 0 0 0 0 0 0 0 77 68 79 32 101 120 116 114 97 32 100 97 116 97 32 108 111 99 107 0 0 0 0 0 0 0 0 0 0 0 0 0 0 0 0 0 0 0 0 0 0 0 0 0 0 0 0 0 0 0 0 0 0 0 0 0 0 0 0 0 0 0 0 0 0 0 0 0 0 0 0 0 0 0 0 0 0 0 0 0 0 0 0 0 0 0 0 0 0 0 0 0 0 0 0 0 0 0 0 0 0 0 0 0 0 0 0 0 0 0 0 0 0 0 0 0 0 0 0 0 0 0 0 0 0 0 0 0 0 0 0 0 0 0 0 0 0 1 0 0 249 94 0 0 1 0 0 0 0 0 0 0 0 0 0 0 2 0 0 0 0 0 23 0 2 0 0 0 16 2 0 0 255 255 255 255 5 0 12 0 0 0 0 0 data 66 0xc0005 0x0 0x1edbbef0 0xbdf 0x0 0x0 0xf0104 0x0 0x20860ce0 0x937 0x0 0x0 0x150003 0xbdf 0x18 0x200007 0x937 0x198 0x2a8 0x270007 0x154 0x68 0x154 0x2f0005 0x0 0x1c636290 0x154 0x0 0x0 0x330003 0x154 0x28 0x370002 0x154 0x3c0007 0x2a8 0x100 0x0 0x4b0005 0x0 0x0 0x0 0x0 0x0 0x4e0004 0x0 0x0 0x0 0x0 0x0 0x550007 0x0 0x68 0x0 0x5e0005 0x0 0x0 0x0 0x0 0x0 0x620003 0x0 0x18 0x6a0003 0x0 0x18 oops 3 2 java/util/HashMap 8 java/lang/Package 25 sun/misc/Launcher$ExtClassLoader
ciMethodData java/lang/Package getSystemPackage (Ljava/lang/String;)Ljava/lang/Package; 1 408 orig 264 104 147 15 83 0 0 0 0 152 81 238 27 0 0 0 0 104 2 0 0 0 0 0 0 0 0 0 0 0 0 0 0 0 0 0 0 0 0 0 0 0 0 0 0 0 0 0 0 0 0 0 0 0 0 0 0 0 0 0 0 0 0 0 0 0 0 0 0 0 0 0 0 0 0 0 0 0 0 0 0 77 68 79 32 101 120 116 114 97 32 100 97 116 97 32 108 111 99 107 0 0 0 0 0 0 0 0 0 0 0 0 0 0 0 0 0 0 0 0 0 0 0 0 0 0 0 0 0 0 0 0 0 0 0 0 0 0 0 0 0 0 0 0 0 0 0 0 0 0 0 0 0 0 0 0 0 0 0 0 0 0 0 0 0 0 0 0 0 0 0 0 0 0 0 0 0 0 0 0 0 0 0 0 0 0 0 0 0 0 0 0 0 0 0 0 0 0 0 0 0 0 0 0 0 0 0 0 0 0 0 0 0 0 0 0 0 68 0 0 0 161 10 0 0 1 0 0 0 0 0 0 0 0 0 0 0 2 0 0 0 0 0 12 0 2 0 0 0 32 1 0 0 255 255 255 255 5 0 10 0 0 0 0 0 data 36 0xa0005 0x0 0x1edbbef0 0x154 0x0 0x0 0xf0104 0x0 0x0 0x0 0x0 0x0 0x140007 0x0 0xc0 0x154 0x1c0005 0x101 0x2f37780 0x53 0x0 0x0 0x210005 0x101 0x2f37780 0x53 0x0 0x0 0x260002 0x154 0x2b0007 0x154 0x30 0x0 0x300002 0x0 oops 3 2 java/util/HashMap 18 java/lang/String 24 java/lang/String
ciMethodData java/net/URLClassLoader access$100 (Ljava/net/URLClassLoader;Ljava/lang/String;Lsun/misc/Resource;)Ljava/lang/Class; 2 2680 orig 264 104 147 15 83 0 0 0 0 96 158 209 27 0 0 0 0 64 1 0 0 0 0 0 0 0 0 0 0 0 0 0 0 0 0 0 0 0 0 0 0 0 0 0 0 0 0 0 0 0 0 0 0 0 0 0 0 0 0 0 0 0 0 0 0 0 0 0 0 0 0 0 0 0 0 0 0 0 0 0 0 77 68 79 32 101 120 116 114 97 32 100 97 116 97 32 108 111 99 107 0 0 0 0 0 0 0 0 0 0 0 0 0 0 0 0 0 0 0 0 0 0 0 0 0 0 0 0 0 0 0 0 0 0 0 0 0 0 0 0 0 0 0 0 0 0 0 0 0 0 0 0 0 0 0 0 0 0 0 0 0 0 0 0 0 0 0 0 0 0 0 0 0 0 0 0 0 0 0 0 0 0 0 0 0 0 0 0 0 0 0 0 0 0 0 0 0 0 0 0 0 0 0 0 0 0 0 0 0 0 0 0 0 0 0 0 0 183 0 0 0 9 78 0 0 1 0 0 0 0 0 0 0 0 0 0 0 2 0 0 0 0 0 0 0 0 0 0 0 16 0 0 0 255 255 255 255 2 0 3 0 0 0 0 0 data 2 0x30002 0x9c1 oops 0
ciMethodData java/net/URLClassLoader defineClass (Ljava/lang/String;Lsun/misc/Resource;)Ljava/lang/Class; 2 2680 orig 264 104 147 15 83 0 0 0 0 0 150 209 27 0 0 0 0 56 4 0 0 208 1 0 0 0 0 0 0 0 0 0 0 0 0 0 0 0 0 0 0 0 0 0 0 0 0 0 0 0 0 0 0 0 0 0 0 0 0 0 0 0 0 0 0 0 0 0 0 0 0 0 0 0 0 0 0 0 0 0 0 77 68 79 32 101 120 116 114 97 32 100 97 116 97 32 108 111 99 107 0 0 0 0 0 0 0 0 0 0 0 0 0 0 0 0 0 0 0 0 0 0 0 0 0 0 0 0 0 0 0 0 0 0 0 0 0 0 0 0 0 0 0 0 0 0 0 0 0 0 0 0 0 0 0 0 0 0 0 0 0 0 0 0 0 0 0 0 0 0 0 0 0 0 0 0 0 0 0 0 0 0 0 0 0 0 0 0 0 0 0 0 0 0 0 0 0 0 0 0 0 0 0 0 0 0 0 0 0 0 0 0 0 0 0 0 0 183 0 0 0 9 78 0 0 1 0 0 0 0 0 0 0 0 0 0 0 2 0 0 0 0 0 20 0 2 0 0 0 224 2 0 0 255 255 255 255 2 0 0 0 0 0 0 0 data 92 0x2 0x9c1 0x70005 0x81 0x2f37780 0x940 0x0 0x0 0xd0005 0x0 0x2027dff0 0x9b9 0x2027e0a0 0x8 0x150007 0x0 0x90 0x9c1 0x1c0005 0x81 0x2f37780 0x940 0x0 0x0 0x220005 0x0 0x2027dff0 0x9b9 0x2027e0a0 0x8 0x2e0002 0x9c0 0x320005 0x0 0x2027dff0 0x9b7 0x2027e0a0 0x8 0x390007 0x9c1 0xd0 0x0 0x3d0005 0x0 0x0 0x0 0x0 0x0 0x4a0002 0x0 0x4f0002 0x0 0x530005 0x0 0x0 0x0 0x0 0x0 0x5c0005 0x0 0x0 0x0 0x0 0x0 0x610005 0x0 0x2027dff0 0x9b9 0x2027e0a0 0x8 0x670005 0x0 0x2027dff0 0x9b9 0x2027e0a0 0x8 0x740002 0x9c1 0x790002 0x9c1 0x7d0005 0x0 0x1ee70e70 0x9c1 0x0 0x0 0x8a0005 0x81 0x1c636200 0x940 0x0 0x0 oops 14 4 java/lang/String 10 sun/misc/URLClassPath$JarLoader$2 12 sun/misc/URLClassPath$FileLoader$1 20 java/lang/String 26 sun/misc/URLClassPath$JarLoader$2 28 sun/misc/URLClassPath$FileLoader$1 34 sun/misc/URLClassPath$JarLoader$2 36 sun/misc/URLClassPath$FileLoader$1 66 sun/misc/URLClassPath$JarLoader$2 68 sun/misc/URLClassPath$FileLoader$1 72 sun/misc/URLClassPath$JarLoader$2 74 sun/misc/URLClassPath$FileLoader$1 82 sun/misc/PerfCounter 88 sun/misc/Launcher$AppClassLoader
ciMethodData java/lang/ref/SoftReference <init> (Ljava/lang/Object;)V 1 839 orig 264 104 147 15 83 0 0 0 0 192 134 203 27 0 0 0 0 56 1 0 0 0 0 0 0 0 0 0 0 0 0 0 0 0 0 0 0 0 0 0 0 0 0 0 0 0 0 0 0 0 0 0 0 0 0 0 0 0 0 0 0 0 0 0 0 0 0 0 0 0 0 0 0 0 0 0 0 0 0 0 0 77 68 79 32 101 120 116 114 97 32 100 97 116 97 32 108 111 99 107 0 0 0 0 0 0 0 0 0 0 0 0 0 0 0 0 0 0 0 0 0 0 0 0 0 0 0 0 0 0 0 0 0 0 0 0 0 0 0 0 0 0 0 0 0 0 0 0 0 0 0 0 0 0 0 0 0 0 0 0 0 0 0 0 0 0 0 0 0 0 0 0 0 0 0 0 0 0 0 0 0 0 0 0 0 0 0 0 0 0 0 0 0 0 0 0 0 0 0 0 0 0 0 0 0 0 0 0 0 0 0 0 0 0 0 0 0 211 0 0 0 161 19 0 0 1 0 0 0 0 0 0 0 0 0 0 0 2 0 0 0 0 0 7 0 2 0 0 0 16 0 0 0 255 255 255 255 2 0 2 0 0 0 0 0 data 2 0x20002 0x274 oops 0
ciMethodData java/util/jar/Manifest getAttributes (Ljava/lang/String;)Ljava/util/jar/Attributes; 2 2684 orig 264 104 147 15 83 0 0 0 0 200 233 209 27 0 0 0 0 224 1 0 0 0 0 0 0 0 0 0 0 0 0 0 0 0 0 0 0 0 0 0 0 0 0 0 0 0 0 0 0 0 0 0 0 0 0 0 0 0 0 0 0 0 0 0 0 0 0 0 0 0 0 0 0 0 0 0 0 0 0 0 0 77 68 79 32 101 120 116 114 97 32 100 97 116 97 32 108 111 99 107 0 0 0 0 0 0 0 0 0 0 0 0 0 0 0 0 0 0 0 0 0 0 0 0 0 0 0 0 0 0 0 0 0 0 0 0 0 0 0 0 0 0 0 0 0 0 0 0 0 0 0 0 0 0 0 0 0 0 0 0 0 0 0 0 0 0 0 0 0 0 0 0 0 0 0 0 0 0 0 0 0 0 0 0 0 0 0 0 0 0 0 0 0 0 0 0 0 0 0 0 0 0 0 0 0 0 0 0 0 0 0 0 0 0 0 0 0 0 1 0 0 225 75 0 0 1 0 0 0 0 0 0 0 0 0 0 0 2 0 0 0 0 0 3 0 2 0 0 0 144 0 0 0 255 255 255 255 5 0 1 0 0 0 0 0 data 18 0x10005 0x0 0x1c6360e0 0x97c 0x0 0x0 0x50005 0x0 0x1edbbef0 0x97c 0x0 0x0 0xa0104 0x0 0x0 0x0 0x0 0x0 oops 2 2 java/util/jar/Manifest 8 java/util/HashMap
ciMethodData java/net/URLClassLoader definePackageInternal (Ljava/lang/String;Ljava/util/jar/Manifest;Ljava/net/URL;)V 2 2687 orig 264 104 147 15 83 0 0 0 0 200 148 209 27 0 0 0 0 32 3 0 0 200 0 0 0 0 0 0 0 0 0 0 0 0 0 0 0 0 0 0 0 0 0 0 0 0 0 0 0 0 0 0 0 0 0 0 0 0 0 0 0 0 0 0 0 0 0 0 0 0 0 0 0 0 0 0 0 0 0 0 0 77 68 79 32 101 120 116 114 97 32 100 97 116 97 32 108 111 99 107 0 0 0 0 0 0 0 0 0 0 0 0 0 0 0 0 0 0 0 0 0 0 0 0 0 0 0 0 0 0 0 0 0 0 0 0 0 0 0 0 0 0 0 0 0 0 0 0 0 0 0 0 0 0 0 0 0 0 0 0 0 0 0 0 0 0 0 0 0 0 0 0 0 0 0 0 0 0 0 0 0 0 0 0 0 0 0 0 0 0 0 0 0 0 0 0 0 0 0 0 0 0 0 0 0 0 0 0 0 0 0 0 0 0 0 0 0 0 1 0 0 249 75 0 0 1 0 0 0 0 0 0 0 0 0 0 0 2 0 0 0 0 0 12 0 2 0 0 0 192 1 0 0 255 255 255 255 2 0 4 0 0 0 0 0 data 56 0x40002 0x97f 0x70007 0x8e3 0x1b0 0x9a 0xb0007 0x0 0x68 0x9a 0x120005 0x0 0x1c636200 0x9a 0x0 0x0 0x160003 0x9a 0x48 0x220005 0x0 0x0 0x0 0x0 0x0 0x260003 0x9a 0xf8 0x2f0002 0x0 0x320007 0x0 0xd0 0x0 0x3d0002 0x0 0x420005 0x0 0x0 0x0 0x0 0x0 0x460005 0x0 0x0 0x0 0x0 0x0 0x490005 0x0 0x0 0x0 0x0 0x0 0x4c0002 0x0 oops 1 12 sun/misc/Launcher$AppClassLoader
ciMethodData java/net/URLClassLoader getAndVerifyPackage (Ljava/lang/String;Ljava/util/jar/Manifest;Ljava/net/URL;)Ljava/lang/Package; 2 2687 orig 264 104 147 15 83 0 0 0 0 208 147 209 27 0 0 0 0 96 4 0 0 192 1 0 0 0 0 0 0 0 0 0 0 0 0 0 0 0 0 0 0 0 0 0 0 0 0 0 0 0 0 0 0 0 0 0 0 0 0 0 0 0 0 0 0 0 0 0 0 0 0 0 0 0 0 0 0 0 0 0 0 77 68 79 32 101 120 116 114 97 32 100 97 116 97 32 108 111 99 107 0 0 0 0 0 0 0 0 0 0 0 0 0 0 0 0 0 0 0 0 0 0 0 0 0 0 0 0 0 0 0 0 0 0 0 0 0 0 0 0 0 0 0 0 0 0 0 0 0 0 0 0 0 0 0 0 0 0 0 0 0 0 0 0 0 0 0 0 0 0 0 0 0 0 0 0 0 0 0 0 0 0 0 0 0 0 0 0 0 0 0 0 0 0 0 0 0 0 0 0 0 0 0 0 0 0 0 0 0 0 0 0 0 0 0 0 0 0 1 0 0 249 75 0 0 1 0 0 0 0 0 0 0 0 0 0 0 2 0 0 0 0 0 22 0 2 0 0 0 0 3 0 0 255 255 255 255 5 0 2 0 0 0 0 0 data 96 0x20005 0x0 0x1c636200 0x97f 0x0 0x0 0x90007 0x9a 0x2d0 0x8e5 0xe0005 0x0 0x20860ce0 0x8e5 0x0 0x0 0x110007 0x8e5 0x150 0x0 0x170005 0x0 0x0 0x0 0x0 0x0 0x1a0007 0x0 0x230 0x0 0x250002 0x0 0x2a0005 0x0 0x0 0x0 0x0 0x0 0x2e0005 0x0 0x0 0x0 0x0 0x0 0x330005 0x0 0x0 0x0 0x0 0x0 0x360005 0x0 0x0 0x0 0x0 0x0 0x390002 0x0 0x3e0007 0x5 0x130 0x8e0 0x440002 0x8e0 0x470007 0x8de 0x100 0x0 0x520002 0x0 0x570005 0x0 0x0 0x0 0x0 0x0 0x5b0005 0x0 0x0 0x0 0x0 0x0 0x600005 0x0 0x0 0x0 0x0 0x0 0x630005 0x0 0x0 0x0 0x0 0x0 0x660002 0x0 oops 2 2 sun/misc/Launcher$AppClassLoader 12 java/lang/Package
ciMethodData java/lang/Package isSealed ()Z 2 2483 orig 264 104 147 15 83 0 0 0 0 152 66 238 27 0 0 0 0 88 1 0 0 0 0 0 0 0 0 0 0 0 0 0 0 0 0 0 0 0 0 0 0 0 0 0 0 0 0 0 0 0 0 0 0 0 0 0 0 0 0 0 0 0 0 0 0 0 0 0 0 0 0 0 0 0 0 0 0 0 0 0 0 77 68 79 32 101 120 116 114 97 32 100 97 116 97 32 108 111 99 107 0 0 0 0 0 0 0 0 0 0 0 0 0 0 0 0 0 0 0 0 0 0 0 0 0 0 0 0 0 0 0 0 0 0 0 0 0 0 0 0 0 0 0 0 0 0 0 0 0 0 0 0 0 0 0 0 0 0 0 0 0 0 0 0 0 0 0 0 0 0 0 0 0 0 0 0 0 0 0 0 0 0 0 0 0 0 0 0 0 0 0 0 0 0 0 0 0 0 0 0 0 0 0 0 0 0 0 0 0 0 0 0 0 0 0 0 0 208 0 0 0 25 71 0 0 1 0 0 0 0 0 0 0 0 0 0 0 2 0 0 0 0 0 0 0 0 0 0 0 56 0 0 0 255 255 255 255 7 0 4 0 0 0 0 0 data 7 0x40007 0x8e3 0x38 0x0 0x80003 0x0 0x18 oops 0
ciMethodData java/net/URLClassLoader isSealed (Ljava/lang/String;Ljava/util/jar/Manifest;)Z 2 2472 orig 264 104 147 15 83 0 0 0 0 168 152 209 27 0 0 0 0 24 3 0 0 96 1 0 0 0 0 0 0 0 0 0 0 0 0 0 0 0 0 0 0 0 0 0 0 0 0 0 0 0 0 0 0 0 0 0 0 0 0 0 0 0 0 0 0 0 0 0 0 0 0 0 0 0 0 0 0 0 0 0 0 77 68 79 32 101 120 116 114 97 32 100 97 116 97 32 108 111 99 107 0 0 0 0 0 0 0 0 0 0 0 0 0 0 0 0 0 0 0 0 0 0 0 0 0 0 0 0 0 0 0 0 0 0 0 0 0 0 0 0 0 0 0 0 0 0 0 0 0 0 0 0 0 0 0 0 0 0 0 0 0 0 0 0 0 0 0 0 0 0 0 0 0 0 0 0 0 0 0 0 0 0 0 0 0 0 0 0 0 0 0 0 0 0 0 0 0 0 0 0 0 0 0 0 0 0 0 0 0 0 0 0 0 0 0 0 0 202 0 0 0 241 70 0 0 1 0 0 0 0 0 0 0 0 0 0 0 2 0 0 0 0 0 15 0 2 0 0 0 192 1 0 0 255 255 255 255 2 0 0 0 0 0 0 0 data 56 0x2 0x8de 0x90005 0x81 0x2f37780 0x85d 0x0 0x0 0xe0005 0x81 0x2f37780 0x85d 0x0 0x0 0x110005 0x0 0x20221af0 0x8de 0x0 0x0 0x1b0007 0x8de 0x50 0x0 0x220005 0x0 0x0 0x0 0x0 0x0 0x290007 0x0 0xa0 0x8de 0x2d0005 0x0 0x1c6360e0 0x8de 0x0 0x0 0x320007 0x0 0x50 0x8de 0x390005 0x0 0x1edbe9e0 0x8de 0x0 0x0 0x420005 0x81 0x2f37780 0x85b 0x0 0x0 oops 6 4 java/lang/String 10 java/lang/String 16 java/util/jar/JavaUtilJarAccessImpl 36 java/util/jar/Manifest 46 java/util/jar/Attributes 52 java/lang/String
ciMethodData sun/misc/URLClassPath$JarLoader$2 getCodeSourceURL ()Ljava/net/URL; 2 2665 orig 264 104 147 15 83 0 0 0 0 248 24 238 27 0 0 0 0 88 1 0 0 0 0 0 0 0 0 0 0 0 0 0 0 0 0 0 0 0 0 0 0 0 0 0 0 0 0 0 0 0 0 0 0 0 0 0 0 0 0 0 0 0 0 0 0 0 0 0 0 0 0 0 0 0 0 0 0 0 0 0 0 77 68 79 32 101 120 116 114 97 32 100 97 116 97 32 108 111 99 107 0 0 0 0 0 0 0 0 0 0 0 0 0 0 0 0 0 0 0 0 0 0 0 0 0 0 0 0 0 0 0 0 0 0 0 0 0 0 0 0 0 0 0 0 0 0 0 0 0 0 0 0 0 0 0 0 0 0 0 0 0 0 0 0 0 0 0 0 0 0 0 0 0 0 0 0 0 0 0 0 0 0 0 0 0 0 0 0 0 0 0 0 0 0 0 0 0 0 0 0 0 0 0 0 0 0 0 0 0 0 0 0 0 0 0 0 0 0 1 0 0 73 75 0 0 1 0 0 0 0 0 0 0 0 0 0 0 2 0 0 0 0 0 3 0 2 0 0 0 16 0 0 0 255 255 255 255 2 0 4 0 0 0 0 0 data 2 0x40002 0x969 oops 0
ciMethodData sun/misc/URLClassPath$JarLoader$2 getManifest ()Ljava/util/jar/Manifest; 2 2666 orig 264 104 147 15 83 0 0 0 0 224 26 238 27 0 0 0 0 216 1 0 0 0 0 0 0 0 0 0 0 0 0 0 0 0 0 0 0 0 0 0 0 0 0 0 0 0 0 0 0 0 0 0 0 0 0 0 0 0 0 0 0 0 0 0 0 0 0 0 0 0 0 0 0 0 0 0 0 0 0 0 0 77 68 79 32 101 120 116 114 97 32 100 97 116 97 32 108 111 99 107 0 0 0 0 0 0 0 0 0 0 0 0 0 0 0 0 0 0 0 0 0 0 0 0 0 0 0 0 0 0 0 0 0 0 0 0 0 0 0 0 0 0 0 0 0 0 0 0 0 0 0 0 0 0 0 0 0 0 0 0 0 0 0 0 0 0 0 0 0 0 0 0 0 0 0 0 0 0 0 0 0 0 0 0 0 0 0 0 0 0 0 0 0 0 0 0 0 0 0 0 0 0 0 0 0 0 0 0 0 0 0 0 0 0 0 0 0 1 1 0 0 73 75 0 0 1 0 0 0 0 0 0 0 0 0 0 0 2 0 0 0 0 0 7 0 2 0 0 0 144 0 0 0 255 255 255 255 2 0 0 0 0 0 0 0 data 18 0x2 0x969 0x70002 0x969 0xa0005 0x0 0x20221af0 0x969 0x0 0x0 0x130002 0x969 0x160005 0x0 0x20220d20 0x969 0x0 0x0 oops 2 6 java/util/jar/JavaUtilJarAccessImpl 14 java/util/jar/JarFile
ciMethodData java/util/jar/JavaUtilJarAccessImpl ensureInitialization (Ljava/util/jar/JarFile;)V 2 2666 orig 264 104 147 15 83 0 0 0 0 104 160 233 27 0 0 0 0 128 1 0 0 0 0 0 0 0 0 0 0 0 0 0 0 0 0 0 0 0 0 0 0 0 0 0 0 0 0 0 0 0 0 0 0 0 0 0 0 0 0 0 0 0 0 0 0 0 0 0 0 0 0 0 0 0 0 0 0 0 0 0 0 77 68 79 32 101 120 116 114 97 32 100 97 116 97 32 108 111 99 107 0 0 0 0 0 0 0 0 0 0 0 0 0 0 0 0 0 0 0 0 0 0 0 0 0 0 0 0 0 0 0 0 0 0 0 0 0 0 0 0 0 0 0 0 0 0 0 0 0 0 0 0 0 0 0 0 0 0 0 0 0 0 0 0 0 0 0 0 0 0 0 0 0 0 0 0 0 0 0 0 0 0 0 0 0 0 0 0 0 0 0 0 0 0 0 0 0 0 0 0 0 0 0 0 0 0 0 0 0 0 0 0 0 0 0 0 0 1 1 0 0 73 75 0 0 1 0 0 0 0 0 0 0 0 0 0 0 2 0 0 0 0 0 3 0 2 0 0 0 48 0 0 0 255 255 255 255 5 0 1 0 0 0 0 0 data 6 0x10005 0x0 0x20220d20 0x969 0x0 0x0 oops 1 2 java/util/jar/JarFile
ciMethodData java/util/jar/JarFile ensureInitialization ()V 2 2666 orig 264 104 147 15 83 0 0 0 0 48 123 233 27 0 0 0 0 168 1 0 0 40 0 0 0 0 0 0 0 0 0 0 0 0 0 0 0 0 0 0 0 0 0 0 0 0 0 0 0 0 0 0 0 0 0 0 0 0 0 0 0 0 0 0 0 0 0 0 0 0 0 0 0 0 0 0 0 0 0 0 0 77 68 79 32 101 120 116 114 97 32 100 97 116 97 32 108 111 99 107 0 0 0 0 0 0 0 0 0 0 0 0 0 0 0 0 0 0 0 0 0 0 0 0 0 0 0 0 0 0 0 0 0 0 0 0 0 0 0 0 0 0 0 0 0 0 0 0 0 0 0 0 0 0 0 0 0 0 0 0 0 0 0 0 0 0 0 0 0 0 0 0 0 0 0 0 0 0 0 0 0 0 0 0 0 0 0 0 0 0 0 0 0 0 0 0 0 0 0 0 0 0 0 0 0 0 0 0 0 0 0 0 0 0 0 0 0 1 1 0 0 73 75 0 0 1 0 0 0 0 0 0 0 0 0 0 0 2 0 0 0 0 0 11 0 2 0 0 0 136 0 0 0 255 255 255 255 2 0 1 0 0 0 0 0 data 17 0x10002 0x969 0x40003 0x969 0x28 0xd0002 0x0 0x150007 0x969 0x50 0x0 0x1c0007 0x0 0x30 0x0 0x200002 0x0 oops 0
ciMethodData java/util/jar/Attributes$Name equals (Ljava/lang/Object;)Z 1 875 orig 264 104 147 15 83 0 0 0 0 80 159 236 27 0 0 0 0 56 2 0 0 0 0 0 0 0 0 0 0 0 0 0 0 0 0 0 0 0 0 0 0 0 0 0 0 0 0 0 0 0 0 0 0 0 0 0 0 0 0 0 0 0 0 0 0 0 0 0 0 0 0 0 0 0 0 0 0 0 0 0 0 77 68 79 32 101 120 116 114 97 32 100 97 116 97 32 108 111 99 107 0 0 0 0 0 0 0 0 0 0 0 0 0 0 0 0 0 0 0 0 0 0 0 0 0 0 0 0 0 0 0 0 0 0 0 0 0 0 0 0 0 0 0 0 0 0 0 0 0 0 0 0 0 0 0 0 0 0 0 0 0 0 0 0 0 0 0 0 0 0 0 0 0 0 0 0 0 0 0 0 0 0 0 0 0 0 0 0 0 0 0 0 0 0 0 0 0 0 0 0 0 0 0 0 0 0 0 0 0 0 0 0 0 0 0 0 0 1 1 0 0 81 19 0 0 1 0 0 0 0 0 0 0 0 0 0 0 2 0 0 0 0 0 8 0 2 0 0 0 232 0 0 0 255 255 255 255 4 0 1 0 0 0 0 0 data 29 0x10004 0x0 0x1f022a80 0x26a 0x0 0x0 0x40007 0x0 0xb8 0x26a 0x110004 0x0 0x1f022a80 0x26a 0x0 0x0 0x170005 0x0 0x1f0de190 0x26a 0x0 0x0 0x1c0007 0x0 0x38 0x26a 0x200003 0x26a 0x18 oops 3 2 java/util/jar/Attributes$Name 12 java/util/jar/Attributes$Name 18 sun/misc/ASCIICaseInsensitiveComparator
ciMethodData java/util/jar/Manifest <init> (Ljava/util/jar/JarVerifier;Ljava/io/InputStream;)V 1 32 orig 264 104 147 15 83 0 0 0 0 32 231 209 27 0 0 0 0 184 1 0 0 0 0 0 0 0 0 0 0 0 0 0 0 0 0 0 0 0 0 0 0 0 0 0 0 0 0 0 0 0 0 0 0 0 0 0 0 0 0 0 0 0 0 0 0 0 0 0 0 0 0 0 0 0 0 0 0 0 0 0 0 77 68 79 32 101 120 116 114 97 32 100 97 116 97 32 108 111 99 107 0 0 0 0 0 0 0 0 0 0 0 0 0 0 0 0 0 0 0 0 0 0 0 0 0 0 0 0 0 0 0 0 0 0 0 0 0 0 0 0 0 0 0 0 0 0 0 0 0 0 0 0 0 0 0 0 0 0 0 0 0 0 0 0 0 0 0 0 0 0 0 0 0 0 0 0 0 0 0 0 0 0 0 0 0 0 0 0 0 0 0 0 0 0 0 0 0 0 0 0 0 0 0 0 0 0 0 0 0 0 0 0 0 0 0 0 0 22 0 0 0 81 0 0 0 1 0 0 0 0 0 0 0 0 0 0 0 2 0 0 0 0 0 0 0 0 0 0 0 96 0 0 0 255 255 255 255 2 0 1 0 0 0 0 0 data 12 0x10002 0xa 0x90002 0xa 0x140002 0xa 0x1c0005 0x0 0x1c6360e0 0xa 0x0 0x0 oops 1 8 java/util/jar/Manifest
ciMethodData java/util/jar/Manifest <init> (Ljava/io/InputStream;)V 1 29 orig 264 104 147 15 83 0 0 0 0 96 230 209 27 0 0 0 0 56 1 0 0 0 0 0 0 0 0 0 0 0 0 0 0 0 0 0 0 0 0 0 0 0 0 0 0 0 0 0 0 0 0 0 0 0 0 0 0 0 0 0 0 0 0 0 0 0 0 0 0 0 0 0 0 0 0 0 0 0 0 0 0 77 68 79 32 101 120 116 114 97 32 100 97 116 97 32 108 111 99 107 0 0 0 0 0 0 0 0 0 0 0 0 0 0 0 0 0 0 0 0 0 0 0 0 0 0 0 0 0 0 0 0 0 0 0 0 0 0 0 0 0 0 0 0 0 0 0 0 0 0 0 0 0 0 0 0 0 0 0 0 0 0 0 0 0 0 0 0 0 0 0 0 0 0 0 0 0 0 0 0 0 0 0 0 0 0 0 0 0 0 0 0 0 0 0 0 0 0 0 0 0 0 0 0 0 0 0 0 0 0 0 0 0 0 0 0 0 19 0 0 0 81 0 0 0 1 0 0 0 0 0 0 0 0 0 0 0 2 0 0 0 0 0 0 0 0 0 0 0 16 0 0 0 255 255 255 255 2 0 3 0 0 0 0 0 data 2 0x30002 0xa oops 0
ciMethodData java/util/jar/JavaUtilJarAccessImpl getTrustedAttributes (Ljava/util/jar/Manifest;Ljava/lang/String;)Ljava/util/jar/Attributes; 2 2671 orig 264 104 147 15 83 0 0 0 0 208 159 233 27 0 0 0 0 136 1 0 0 0 0 0 0 0 0 0 0 0 0 0 0 0 0 0 0 0 0 0 0 0 0 0 0 0 0 0 0 0 0 0 0 0 0 0 0 0 0 0 0 0 0 0 0 0 0 0 0 0 0 0 0 0 0 0 0 0 0 0 0 77 68 79 32 101 120 116 114 97 32 100 97 116 97 32 108 111 99 107 0 0 0 0 0 0 0 0 0 0 0 0 0 0 0 0 0 0 0 0 0 0 0 0 0 0 0 0 0 0 0 0 0 0 0 0 0 0 0 0 0 0 0 0 0 0 0 0 0 0 0 0 0 0 0 0 0 0 0 0 0 0 0 0 0 0 0 0 0 0 0 0 0 0 0 0 0 0 0 0 0 0 0 0 0 0 0 0 0 0 0 0 0 0 0 0 0 0 0 0 0 0 0 0 0 0 0 0 0 0 0 0 0 0 0 0 0 128 1 0 0 121 71 0 0 1 0 0 0 0 0 0 0 0 0 0 0 2 0 0 0 0 0 3 0 2 0 0 0 48 0 0 0 255 255 255 255 5 0 2 0 0 0 0 0 data 6 0x20005 0x0 0x1c6360e0 0x8ef 0x0 0x0 oops 1 2 java/util/jar/Manifest
ciMethodData java/util/jar/Manifest getTrustedAttributes (Ljava/lang/String;)Ljava/util/jar/Attributes; 2 2671 orig 264 104 147 15 83 0 0 0 0 152 234 209 27 0 0 0 0 192 2 0 0 0 0 0 0 0 0 0 0 0 0 0 0 0 0 0 0 0 0 0 0 0 0 0 0 0 0 0 0 0 0 0 0 0 0 0 0 0 0 0 0 0 0 0 0 0 0 0 0 0 0 0 0 0 0 0 0 0 0 0 0 77 68 79 32 101 120 116 114 97 32 100 97 116 97 32 108 111 99 107 0 0 0 0 0 0 0 0 0 0 0 0 0 0 0 0 0 0 0 0 0 0 0 0 0 0 0 0 0 0 0 0 0 0 0 0 0 0 0 0 0 0 0 0 0 0 0 0 0 0 0 0 0 0 0 0 0 0 0 0 0 0 0 0 0 0 0 0 0 0 0 0 0 0 0 0 0 0 0 0 0 0 0 0 0 0 0 0 0 0 0 0 0 0 0 0 0 0 0 0 0 0 0 0 0 0 0 0 0 0 0 0 0 0 0 0 0 128 1 0 0 121 71 0 0 1 0 0 0 0 0 0 0 0 0 0 0 2 0 0 0 0 0 10 0 2 0 0 0 112 1 0 0 255 255 255 255 5 0 2 0 0 0 0 0 data 46 0x20005 0x0 0x1c6360e0 0x8ef 0x0 0x0 0x70007 0x8ef 0x140 0x0 0xe0007 0x0 0x120 0x0 0x160005 0x0 0x0 0x0 0x0 0x0 0x190007 0x0 0xd0 0x0 0x240002 0x0 0x290005 0x0 0x0 0x0 0x0 0x0 0x2d0005 0x0 0x0 0x0 0x0 0x0 0x300005 0x0 0x0 0x0 0x0 0x0 0x330002 0x0 oops 1 2 java/util/jar/Manifest
instanceKlass akka/remote/ReliableDeliverySupervisor$Idle$
instanceKlass akka/remote/ReliableDeliverySupervisor$GotUid
instanceKlass akka/remote/EndpointWriter$TookOver
instanceKlass akka/remote/EndpointWriter$StoppedReading
instanceKlass akka/remote/EndpointManager$Send
instanceKlass akka/remote/HasSequenceNumber
instanceKlass akka/remote/EndpointManager$Quarantine
instanceKlass java/lang/Throwable$PrintStreamOrWriter
instanceKlass java/nio/DirectByteBuffer$1
instanceKlass org/apache/flink/core/memory/MemorySegment
instanceKlass org/apache/flink/core/memory/MemorySegmentFactory
instanceKlass org/apache/flink/runtime/io/network/buffer/BufferPool
instanceKlass org/apache/flink/runtime/io/network/buffer/BufferRecycler
instanceKlass org/apache/flink/runtime/io/network/buffer/BufferProvider
instanceKlass org/apache/flink/runtime/io/network/buffer/NetworkBufferPool
instanceKlass org/apache/flink/runtime/io/network/buffer/BufferPoolFactory
instanceKlass sun/misc/FormattedFloatingDecimal$2
instanceKlass sun/misc/FormattedFloatingDecimal
instanceKlass org/apache/flink/queryablestate/network/stats/KvStateRequestStats
instanceKlass org/apache/flink/runtime/io/network/ConnectionManager
instanceKlass org/apache/flink/runtime/io/disk/iomanager/IOManager
instanceKlass org/apache/flink/runtime/taskexecutor/TaskManagerServices
instanceKlass org/apache/flink/runtime/util/EnvironmentInformation
instanceKlass org/apache/flink/runtime/taskexecutor/QueryableStateConfiguration
instanceKlass org/apache/flink/configuration/QueryableStateOptions
instanceKlass org/apache/flink/runtime/taskmanager/NetworkEnvironmentConfiguration
instanceKlass org/apache/flink/util/MathUtils
instanceKlass org/apache/flink/configuration/MemorySize
instanceKlass org/apache/flink/configuration/CheckpointingOptions
instanceKlass org/apache/flink/runtime/taskexecutor/TaskManagerServicesConfiguration
instanceKlass org/apache/flink/runtime/entrypoint/parser/ParserResultFactory
instanceKlass org/apache/flink/runtime/taskexecutor/TaskManagerRunner
instanceKlass org/apache/flink/runtime/minicluster/MiniCluster$TerminatingFatalErrorHandler
instanceKlass org/apache/flink/runtime/taskexecutor/TaskExecutorGateway
instanceKlass org/apache/flink/runtime/resourcemanager/slotmanager/SlotManager$$Lambda$37
instanceKlass org/apache/flink/runtime/rpc/messages/LocalFencedMessage
instanceKlass org/apache/flink/runtime/resourcemanager/slotmanager/SlotManager$$Lambda$36
instanceKlass org/apache/flink/runtime/resourcemanager/ResourceManager$$Lambda$35
instanceKlass org/apache/flink/runtime/resourcemanager/slotmanager/SlotManager$$Lambda$34
instanceKlass org/apache/flink/runtime/resourcemanager/slotmanager/SlotManager$$Lambda$33
instanceKlass java/lang/invoke/LambdaForm$DMH
instanceKlass org/apache/flink/runtime/resourcemanager/ResourceManager$ResourceActionsImpl
instanceKlass org/apache/flink/runtime/blob/AbstractBlobCache
instanceKlass org/apache/flink/runtime/resourcemanager/ResourceManager$$Lambda$32
instanceKlass org/apache/flink/runtime/resourcemanager/ResourceManager$$Lambda$31
instanceKlass java/lang/invoke/LambdaForm$DMH
instanceKlass org/apache/flink/runtime/blob/BlobCacheService
instanceKlass org/apache/flink/runtime/rpc/messages/RunAsync
instanceKlass org/apache/flink/runtime/resourcemanager/ResourceManager$$Lambda$30
instanceKlass org/apache/flink/runtime/rpc/messages/UnfencedMessage
instanceKlass org/apache/flink/runtime/resourcemanager/ResourceManager$$Lambda$29
instanceKlass org/apache/flink/runtime/metrics/dump/MetricQueryService$AddMetric
instanceKlass org/apache/flink/runtime/resourcemanager/ResourceManager$$Lambda$28
instanceKlass java/lang/invoke/LambdaForm$MH
instanceKlass org/apache/flink/runtime/resourcemanager/ResourceManager$$Lambda$27
instanceKlass org/apache/flink/runtime/resourcemanager/ResourceManager$JobLeaderIdActionsImpl
instanceKlass org/apache/flink/runtime/highavailability/nonha/embedded/EmbeddedLeaderService$GrantLeadershipCall
instanceKlass org/apache/flink/runtime/highavailability/nonha/embedded/EmbeddedLeaderService$EmbeddedLeaderElectionService
instanceKlass org/apache/flink/runtime/rpc/messages/RemoteHandshakeMessage
instanceKlass akka/actor/ActorRef$
instanceKlass org/apache/flink/runtime/resourcemanager/ResourceManager$JobManagerHeartbeatListener
instanceKlass java/util/concurrent/Executors$RunnableAdapter
instanceKlass java/util/concurrent/FutureTask$WaitNode
instanceKlass java/util/concurrent/FutureTask
instanceKlass org/apache/flink/runtime/heartbeat/HeartbeatManagerImpl
instanceKlass org/apache/flink/runtime/resourcemanager/ResourceManager$TaskManagerHeartbeatListener
instanceKlass org/apache/flink/runtime/rpc/akka/AkkaRpcService$$Lambda$26
instanceKlass org/apache/flink/runtime/rpc/FencedRpcEndpoint$UnfencedMainThreadExecutor
instanceKlass org/apache/flink/runtime/rpc/RpcEndpoint$MainThreadExecutor
instanceKlass java/lang/reflect/Proxy$1
instanceKlass org/apache/flink/runtime/clusterframework/types/SlotID
instanceKlass org/apache/flink/runtime/instance/HardwareDescription
instanceKlass org/apache/flink/runtime/taskexecutor/SlotReport
instanceKlass org/apache/flink/runtime/resourcemanager/SlotRequest
instanceKlass java/lang/reflect/Proxy$KeyX
instanceKlass org/apache/flink/runtime/rpc/akka/AkkaRpcService$$Lambda$25
instanceKlass org/apache/flink/runtime/rpc/messages/FencedMessage
instanceKlass org/apache/flink/runtime/rpc/messages/RpcInvocation
instanceKlass org/apache/flink/runtime/rpc/akka/AkkaInvocationHandler
instanceKlass org/apache/flink/runtime/rpc/FencedMainThreadExecutable
instanceKlass org/apache/flink/runtime/rpc/akka/AkkaBasedEndpoint
instanceKlass org/apache/flink/runtime/rpc/RpcServer
instanceKlass org/apache/flink/runtime/rpc/StartStoppable
instanceKlass org/apache/flink/runtime/rpc/RpcUtils
instanceKlass org/apache/flink/runtime/rpc/MainThreadValidatorUtil
instanceKlass org/apache/flink/runtime/resourcemanager/slotmanager/ResourceActions
instanceKlass org/apache/flink/runtime/registration/RegistrationResponse
instanceKlass org/apache/flink/runtime/resourcemanager/registration/TaskExecutorConnection
instanceKlass org/apache/flink/runtime/resourcemanager/JobLeaderIdActions
instanceKlass org/apache/flink/runtime/heartbeat/HeartbeatListener
instanceKlass org/apache/flink/runtime/rpc/MainThreadExecutable
instanceKlass org/apache/flink/runtime/resourcemanager/JobLeaderIdService
instanceKlass org/apache/flink/runtime/resourcemanager/slotmanager/SlotManager
instanceKlass org/apache/flink/runtime/resourcemanager/ResourceManagerRuntimeServices
instanceKlass org/apache/flink/runtime/resourcemanager/slotmanager/SlotManagerConfiguration
instanceKlass org/apache/flink/configuration/ResourceManagerOptions
instanceKlass org/apache/flink/runtime/resourcemanager/ResourceManagerRuntimeServicesConfiguration
instanceKlass org/apache/flink/runtime/clusterframework/types/ResourceID
instanceKlass org/apache/flink/runtime/clusterframework/types/ResourceIDRetrievable
instanceKlass org/apache/flink/runtime/rpc/RpcEndpoint
instanceKlass org/apache/flink/runtime/leaderelection/LeaderContender
instanceKlass org/apache/flink/runtime/resourcemanager/ResourceManagerGateway
instanceKlass org/apache/flink/runtime/rpc/FencedRpcGateway
instanceKlass org/apache/flink/runtime/rpc/RpcGateway
instanceKlass org/apache/flink/runtime/resourcemanager/ResourceManagerRunner
instanceKlass org/apache/flink/runtime/entrypoint/ClusterInformation
instanceKlass org/apache/flink/runtime/heartbeat/HeartbeatManager
instanceKlass org/apache/flink/runtime/heartbeat/HeartbeatTarget
instanceKlass org/apache/flink/runtime/heartbeat/HeartbeatServices
instanceKlass java/lang/invoke/LambdaForm$MH
instanceKlass java/lang/invoke/LambdaForm$DMH
instanceKlass java/lang/invoke/LambdaForm$DMH
instanceKlass org/apache/flink/runtime/blob/BlobServer$$Lambda$24
instanceKlass org/apache/flink/util/NetUtils$SocketFactory
instanceKlass java/lang/invoke/LambdaForm$DMH
instanceKlass java/lang/invoke/LambdaForm$MH
instanceKlass org/apache/flink/util/ShutdownHookUtil$$Lambda$23
instanceKlass java/lang/invoke/LambdaForm$DMH
instanceKlass org/apache/flink/util/ShutdownHookUtil
instanceKlass java/util/Timer$1
instanceKlass java/util/TaskQueue
instanceKlass java/util/Timer
instanceKlass java/util/UUID$Holder
instanceKlass java/util/UUID
instanceKlass org/apache/flink/util/StringUtils
instanceKlass org/apache/flink/runtime/blob/BlobUtils
instanceKlass org/apache/flink/runtime/blob/BlobKey
instanceKlass java/util/TimerTask
instanceKlass org/apache/flink/runtime/blob/TransientBlobService
instanceKlass org/apache/flink/runtime/blob/PermanentBlobService
instanceKlass org/apache/flink/runtime/blob/BlobWriter
instanceKlass org/apache/flink/runtime/blob/BlobService
instanceKlass org/apache/flink/runtime/leaderretrieval/LeaderRetrievalService
instanceKlass org/apache/flink/runtime/leaderelection/LeaderElectionService
instanceKlass org/apache/flink/runtime/highavailability/nonha/embedded/EmbeddedLeaderService
instanceKlass org/apache/flink/runtime/blob/VoidBlobStore
instanceKlass org/apache/flink/runtime/blob/BlobStoreService
instanceKlass org/apache/flink/runtime/highavailability/nonha/standalone/StandaloneRunningJobsRegistry
instanceKlass org/apache/flink/runtime/jobmanager/SubmittedJobGraphStore
instanceKlass org/apache/flink/runtime/checkpoint/CheckpointRecoveryFactory
instanceKlass org/apache/flink/runtime/blob/BlobStore
instanceKlass org/apache/flink/runtime/highavailability/RunningJobsRegistry
instanceKlass org/apache/flink/runtime/highavailability/nonha/AbstractNonHaServices
instanceKlass org/apache/flink/runtime/highavailability/HighAvailabilityServicesUtils$1
instanceKlass org/apache/flink/configuration/HighAvailabilityOptions
instanceKlass org/apache/flink/runtime/util/LeaderRetrievalUtils
instanceKlass org/apache/flink/core/memory/MemoryUtils
instanceKlass akka/remote/RemoteWatcher$ReapUnreachableTick$
instanceKlass org/apache/flink/runtime/highavailability/HighAvailabilityServices
instanceKlass org/apache/flink/core/memory/DataOutputSerializer
instanceKlass akka/remote/RemoteWatcher$HeartbeatTick$
instanceKlass org/apache/flink/runtime/highavailability/HighAvailabilityServicesUtils
instanceKlass org/apache/flink/runtime/metrics/dump/MetricDumpSerialization$MetricDumpSerializer
instanceKlass scala/collection/mutable/MultiMap$class
instanceKlass akka/remote/AddressUidExtension
instanceKlass org/apache/flink/runtime/metrics/dump/MetricQueryService$1
instanceKlass akka/remote/AddressUidExtension$
instanceKlass akka/actor/UntypedActor
instanceKlass akka/remote/RemoteWatcher$HeartbeatRsp
instanceKlass akka/remote/RemoteWatcher$Heartbeat$
instanceKlass akka/remote/HeartbeatMessage
instanceKlass akka/remote/PriorityMessage
